┌ Info: 2021-05-12T15:15:53.925 [2890:1]: Unit System changed to UnitSystem.DEVICE_BASE = 1
└ @ PowerSystems /home/runner/.julia/packages/PowerSystems/hp653/src/base.jl:324
┌ Info: 2021-05-12T15:15:54.368 [2890:1]: Validating connectivity with Goderya algorithm
└ @ PowerSystems /home/runner/.julia/packages/PowerSystems/hp653/src/utils/network_calculations/ybus_calculations.jl:296
┌ Info: 2021-05-12T15:15:54.549 [2890:1]: The System has no islands
└ @ PowerSystems /home/runner/.julia/packages/PowerSystems/hp653/src/utils/network_calculations/ybus_calculations.jl:242
┌ Debug: 2021-05-12T15:15:54.549 [2890:1]: System doesn't contain Dynamic Branches
└ @ PowerSimulationsDynamics /home/runner/work/PowerSimulationsDynamics.jl/PowerSimulationsDynamics.jl/src/base/simulation_inputs.jl:145
┌ Debug: 2021-05-12T15:15:54.881 [2890:1]: generator-102-1
└ @ PowerSimulationsDynamics /home/runner/work/PowerSimulationsDynamics.jl/PowerSimulationsDynamics.jl/src/base/simulation_inputs.jl:174
┌ Debug: 2021-05-12T15:15:56.938 [2890:1]: 2
└ @ PowerSimulationsDynamics /home/runner/work/PowerSimulationsDynamics.jl/PowerSimulationsDynamics.jl/src/base/simulation_inputs.jl:205
┌ Debug: 2021-05-12T15:15:56.998 [2890:1]: Simulation Inputs Created
└ @ PowerSimulationsDynamics /home/runner/work/PowerSimulationsDynamics.jl/PowerSimulationsDynamics.jl/src/base/simulation.jl:171
┌ Info: 2021-05-12T15:15:56.998 [2890:1]: Initializing Simulation States
└ @ PowerSimulationsDynamics /home/runner/work/PowerSimulationsDynamics.jl/PowerSimulationsDynamics.jl/src/base/simulation.jl:181
┌ Debug: 2021-05-12T15:15:56.998 [2890:1]: Auxiliary Arrays created with Type Float64
└ @ PowerSimulationsDynamics /home/runner/work/PowerSimulationsDynamics.jl/PowerSimulationsDynamics.jl/src/base/simulation.jl:209
┌ Debug: 2021-05-12T15:15:56.998 [2890:1]: Start state intialization routine
└ @ PowerSimulationsDynamics /home/runner/work/PowerSimulationsDynamics.jl/PowerSimulationsDynamics.jl/src/base/simulation_initialization.jl:2
┌ Info: 2021-05-12T15:15:56.998 [2890:1]: Unit System changed to UnitSystem.SYSTEM_BASE = 0
└ @ PowerSystems /home/runner/.julia/packages/PowerSystems/hp653/src/base.jl:324
┌ Info: 2021-05-12T15:15:56.998 [2890:1]: Validating connectivity with Goderya algorithm
└ @ PowerSystems /home/runner/.julia/packages/PowerSystems/hp653/src/utils/network_calculations/ybus_calculations.jl:296
┌ Info: 2021-05-12T15:15:56.998 [2890:1]: The System has no islands
└ @ PowerSystems /home/runner/.julia/packages/PowerSystems/hp653/src/utils/network_calculations/ybus_calculations.jl:242
┌ Info: 2021-05-12T15:15:59.126 [2890:1]: PowerFlow solve converged, the results have been stored in the system
└ @ PowerSystems /home/runner/.julia/packages/PowerSystems/hp653/src/utils/power_flow.jl:307
┌ Info: 2021-05-12T15:15:59.126 [2890:1]: Unit System changed to UnitSystem.DEVICE_BASE = 1
└ @ PowerSystems /home/runner/.julia/packages/PowerSystems/hp653/src/base.jl:330
┌ Debug: 2021-05-12T15:15:59.126 [2890:1]: Setting up initilization indexing
└ @ PowerSimulationsDynamics /home/runner/work/PowerSimulationsDynamics.jl/PowerSimulationsDynamics.jl/src/base/simulation_initialization.jl:13
┌ Debug: 2021-05-12T15:15:59.126 [2890:1]: Updating Voltage guess
└ @ PowerSimulationsDynamics /home/runner/work/PowerSimulationsDynamics.jl/PowerSimulationsDynamics.jl/src/base/simulation_initialization.jl:22
┌ Debug: 2021-05-12T15:15:59.126 [2890:1]: BUS 1
└ @ PowerSimulationsDynamics /home/runner/work/PowerSimulationsDynamics.jl/PowerSimulationsDynamics.jl/src/base/simulation_initialization.jl:24
┌ Debug: 2021-05-12T15:15:59.204 [2890:1]: V_r
│   PSY.get_magnitude(bus) * cos(PSY.get_angle(bus)) = 1.05
└ @ PowerSimulationsDynamics /home/runner/work/PowerSimulationsDynamics.jl/PowerSimulationsDynamics.jl/src/base/simulation_initialization.jl:25
┌ Debug: 2021-05-12T15:15:59.326 [2890:1]: V_i
│   PSY.get_magnitude(bus) * sin(PSY.get_angle(bus)) = 0.0
└ @ PowerSimulationsDynamics /home/runner/work/PowerSimulationsDynamics.jl/PowerSimulationsDynamics.jl/src/base/simulation_initialization.jl:26
┌ Debug: 2021-05-12T15:15:59.353 [2890:1]: BUS 2
└ @ PowerSimulationsDynamics /home/runner/work/PowerSimulationsDynamics.jl/PowerSimulationsDynamics.jl/src/base/simulation_initialization.jl:24
┌ Debug: 2021-05-12T15:15:59.354 [2890:1]: V_r
│   PSY.get_magnitude(bus) * cos(PSY.get_angle(bus)) = 1.039727418725999
└ @ PowerSimulationsDynamics /home/runner/work/PowerSimulationsDynamics.jl/PowerSimulationsDynamics.jl/src/base/simulation_initialization.jl:25
┌ Debug: 2021-05-12T15:15:59.354 [2890:1]: V_i
│   PSY.get_magnitude(bus) * sin(PSY.get_angle(bus)) = 0.023809551641536846
└ @ PowerSimulationsDynamics /home/runner/work/PowerSimulationsDynamics.jl/PowerSimulationsDynamics.jl/src/base/simulation_initialization.jl:26
┌ Debug: 2021-05-12T15:15:59.354 [2890:1]: Updating Source internal voltages
└ @ PowerSimulationsDynamics /home/runner/work/PowerSimulationsDynamics.jl/PowerSimulationsDynamics.jl/src/base/simulation_initialization.jl:33
┌ Debug: 2021-05-12T15:16:02.144 [2890:1]: Updating Dynamic Injection Component Initial Guess
└ @ PowerSimulationsDynamics /home/runner/work/PowerSimulationsDynamics.jl/PowerSimulationsDynamics.jl/src/base/simulation_initialization.jl:41
┌ Debug: 2021-05-12T15:16:02.240 [2890:1]: generator-102-1
│   typeof(d) = ThermalStandard
│   typeof(dynamic_device) = DynamicGenerator{BaseMachine, SingleMass, AVRFixed, TGFixed, PSSFixed}
└ @ PowerSimulationsDynamics /home/runner/work/PowerSimulationsDynamics.jl/PowerSimulationsDynamics.jl/src/base/simulation_initialization.jl:44
┌ Debug: 2021-05-12T15:16:03.557 [2890:1]: Updating Component Initial Guess
└ @ PowerSimulationsDynamics /home/runner/work/PowerSimulationsDynamics.jl/PowerSimulationsDynamics.jl/src/base/simulation_initialization.jl:56
┌ Debug: 2021-05-12T15:16:03.557 [2890:1]: No Dynamic Branches in the system
└ @ PowerSimulationsDynamics /home/runner/work/PowerSimulationsDynamics.jl/PowerSimulationsDynamics.jl/src/base/simulation_initialization.jl:74
┌ Debug: 2021-05-12T15:16:03.557 [2890:1]: Start NLSolve System Run
└ @ PowerSimulationsDynamics /home/runner/work/PowerSimulationsDynamics.jl/PowerSimulationsDynamics.jl/src/base/simulation_initialization.jl:101
┌ Debug: 2021-05-12T15:16:03.778 [2890:1]: [1.05, 1.039727418725999, 0.0, 0.023809551641536846, 0.539920981973487, 1.0]
└ @ PowerSimulationsDynamics /home/runner/work/PowerSimulationsDynamics.jl/PowerSimulationsDynamics.jl/src/base/simulation_initialization.jl:102
┌ Debug: 2021-05-12T15:16:06.466 [2890:1]: Write result to initial guess vector
└ @ PowerSimulationsDynamics /home/runner/work/PowerSimulationsDynamics.jl/PowerSimulationsDynamics.jl/src/base/simulation_initialization.jl:138
┌ Info: 2021-05-12T15:16:06.466 [2890:1]: Attaching Perturbations
└ @ PowerSimulationsDynamics /home/runner/work/PowerSimulationsDynamics.jl/PowerSimulationsDynamics.jl/src/base/simulation.jl:221
┌ Debug: 2021-05-12T15:16:06.728 [2890:1]: BranchTrip(1.0, "BUS 1-BUS 2-i_1")
└ @ PowerSimulationsDynamics /home/runner/work/PowerSimulationsDynamics.jl/PowerSimulationsDynamics.jl/src/base/simulation.jl:232
┌ Debug: 2021-05-12T15:16:07.068 [2890:1]: Auxiliary Arrays created with Type Float64
└ @ PowerSimulationsDynamics /home/runner/work/PowerSimulationsDynamics.jl/PowerSimulationsDynamics.jl/src/base/simulation.jl:209
┌ Info: 2021-05-12T15:16:07.423 [2890:1]: Completed Build Successfully. Simulations status = BUILT
└ @ PowerSimulationsDynamics /home/runner/work/PowerSimulationsDynamics.jl/PowerSimulationsDynamics.jl/src/base/simulation.jl:204
┌ Info: 2021-05-12T15:16:38.175 [2890:1]: Unit System changed to UnitSystem.DEVICE_BASE = 1
└ @ PowerSystems /home/runner/.julia/packages/PowerSystems/hp653/src/base.jl:324
┌ Info: 2021-05-12T15:16:38.175 [2890:1]: Validating connectivity with Goderya algorithm
└ @ PowerSystems /home/runner/.julia/packages/PowerSystems/hp653/src/utils/network_calculations/ybus_calculations.jl:296
┌ Info: 2021-05-12T15:16:38.175 [2890:1]: The System has no islands
└ @ PowerSystems /home/runner/.julia/packages/PowerSystems/hp653/src/utils/network_calculations/ybus_calculations.jl:242
┌ Debug: 2021-05-12T15:16:38.175 [2890:1]: System doesn't contain Dynamic Branches
└ @ PowerSimulationsDynamics /home/runner/work/PowerSimulationsDynamics.jl/PowerSimulationsDynamics.jl/src/base/simulation_inputs.jl:145
┌ Debug: 2021-05-12T15:16:38.175 [2890:1]: generator-102-1
└ @ PowerSimulationsDynamics /home/runner/work/PowerSimulationsDynamics.jl/PowerSimulationsDynamics.jl/src/base/simulation_inputs.jl:174
┌ Debug: 2021-05-12T15:16:38.175 [2890:1]: 2
└ @ PowerSimulationsDynamics /home/runner/work/PowerSimulationsDynamics.jl/PowerSimulationsDynamics.jl/src/base/simulation_inputs.jl:205
┌ Debug: 2021-05-12T15:16:38.175 [2890:1]: Simulation Inputs Created
└ @ PowerSimulationsDynamics /home/runner/work/PowerSimulationsDynamics.jl/PowerSimulationsDynamics.jl/src/base/simulation.jl:171
┌ Info: 2021-05-12T15:16:38.175 [2890:1]: Initializing Simulation States
└ @ PowerSimulationsDynamics /home/runner/work/PowerSimulationsDynamics.jl/PowerSimulationsDynamics.jl/src/base/simulation.jl:181
┌ Debug: 2021-05-12T15:16:38.175 [2890:1]: Auxiliary Arrays created with Type Float64
└ @ PowerSimulationsDynamics /home/runner/work/PowerSimulationsDynamics.jl/PowerSimulationsDynamics.jl/src/base/simulation.jl:209
┌ Debug: 2021-05-12T15:16:38.175 [2890:1]: Start state intialization routine
└ @ PowerSimulationsDynamics /home/runner/work/PowerSimulationsDynamics.jl/PowerSimulationsDynamics.jl/src/base/simulation_initialization.jl:2
┌ Info: 2021-05-12T15:16:38.175 [2890:1]: Unit System changed to UnitSystem.SYSTEM_BASE = 0
└ @ PowerSystems /home/runner/.julia/packages/PowerSystems/hp653/src/base.jl:324
┌ Info: 2021-05-12T15:16:38.175 [2890:1]: Validating connectivity with Goderya algorithm
└ @ PowerSystems /home/runner/.julia/packages/PowerSystems/hp653/src/utils/network_calculations/ybus_calculations.jl:296
┌ Info: 2021-05-12T15:16:38.175 [2890:1]: The System has no islands
└ @ PowerSystems /home/runner/.julia/packages/PowerSystems/hp653/src/utils/network_calculations/ybus_calculations.jl:242
┌ Info: 2021-05-12T15:16:38.176 [2890:1]: PowerFlow solve converged, the results have been stored in the system
└ @ PowerSystems /home/runner/.julia/packages/PowerSystems/hp653/src/utils/power_flow.jl:307
┌ Info: 2021-05-12T15:16:38.176 [2890:1]: Unit System changed to UnitSystem.DEVICE_BASE = 1
└ @ PowerSystems /home/runner/.julia/packages/PowerSystems/hp653/src/base.jl:330
┌ Debug: 2021-05-12T15:16:38.176 [2890:1]: Setting up initilization indexing
└ @ PowerSimulationsDynamics /home/runner/work/PowerSimulationsDynamics.jl/PowerSimulationsDynamics.jl/src/base/simulation_initialization.jl:13
┌ Debug: 2021-05-12T15:16:38.176 [2890:1]: Updating Voltage guess
└ @ PowerSimulationsDynamics /home/runner/work/PowerSimulationsDynamics.jl/PowerSimulationsDynamics.jl/src/base/simulation_initialization.jl:22
┌ Debug: 2021-05-12T15:16:38.176 [2890:1]: BUS 1
└ @ PowerSimulationsDynamics /home/runner/work/PowerSimulationsDynamics.jl/PowerSimulationsDynamics.jl/src/base/simulation_initialization.jl:24
┌ Debug: 2021-05-12T15:16:38.176 [2890:1]: V_r
│   PSY.get_magnitude(bus) * cos(PSY.get_angle(bus)) = 1.05
└ @ PowerSimulationsDynamics /home/runner/work/PowerSimulationsDynamics.jl/PowerSimulationsDynamics.jl/src/base/simulation_initialization.jl:25
┌ Debug: 2021-05-12T15:16:38.176 [2890:1]: V_i
│   PSY.get_magnitude(bus) * sin(PSY.get_angle(bus)) = 0.0
└ @ PowerSimulationsDynamics /home/runner/work/PowerSimulationsDynamics.jl/PowerSimulationsDynamics.jl/src/base/simulation_initialization.jl:26
┌ Debug: 2021-05-12T15:16:38.176 [2890:1]: BUS 2
└ @ PowerSimulationsDynamics /home/runner/work/PowerSimulationsDynamics.jl/PowerSimulationsDynamics.jl/src/base/simulation_initialization.jl:24
┌ Debug: 2021-05-12T15:16:38.176 [2890:1]: V_r
│   PSY.get_magnitude(bus) * cos(PSY.get_angle(bus)) = 1.039727418725999
└ @ PowerSimulationsDynamics /home/runner/work/PowerSimulationsDynamics.jl/PowerSimulationsDynamics.jl/src/base/simulation_initialization.jl:25
┌ Debug: 2021-05-12T15:16:38.176 [2890:1]: V_i
│   PSY.get_magnitude(bus) * sin(PSY.get_angle(bus)) = 0.023809551641536846
└ @ PowerSimulationsDynamics /home/runner/work/PowerSimulationsDynamics.jl/PowerSimulationsDynamics.jl/src/base/simulation_initialization.jl:26
┌ Debug: 2021-05-12T15:16:38.176 [2890:1]: Updating Source internal voltages
└ @ PowerSimulationsDynamics /home/runner/work/PowerSimulationsDynamics.jl/PowerSimulationsDynamics.jl/src/base/simulation_initialization.jl:33
┌ Debug: 2021-05-12T15:16:38.176 [2890:1]: Updating Dynamic Injection Component Initial Guess
└ @ PowerSimulationsDynamics /home/runner/work/PowerSimulationsDynamics.jl/PowerSimulationsDynamics.jl/src/base/simulation_initialization.jl:41
┌ Debug: 2021-05-12T15:16:38.176 [2890:1]: generator-102-1
│   typeof(d) = ThermalStandard
│   typeof(dynamic_device) = DynamicGenerator{BaseMachine, SingleMass, AVRFixed, TGFixed, PSSFixed}
└ @ PowerSimulationsDynamics /home/runner/work/PowerSimulationsDynamics.jl/PowerSimulationsDynamics.jl/src/base/simulation_initialization.jl:44
┌ Debug: 2021-05-12T15:16:38.177 [2890:1]: Updating Component Initial Guess
└ @ PowerSimulationsDynamics /home/runner/work/PowerSimulationsDynamics.jl/PowerSimulationsDynamics.jl/src/base/simulation_initialization.jl:56
┌ Debug: 2021-05-12T15:16:38.177 [2890:1]: No Dynamic Branches in the system
└ @ PowerSimulationsDynamics /home/runner/work/PowerSimulationsDynamics.jl/PowerSimulationsDynamics.jl/src/base/simulation_initialization.jl:74
┌ Debug: 2021-05-12T15:16:38.177 [2890:1]: Start NLSolve System Run
└ @ PowerSimulationsDynamics /home/runner/work/PowerSimulationsDynamics.jl/PowerSimulationsDynamics.jl/src/base/simulation_initialization.jl:101
┌ Debug: 2021-05-12T15:16:38.177 [2890:1]: [1.05, 1.039727418725999, 0.0, 0.023809551641536846, 0.539920981973487, 1.0]
└ @ PowerSimulationsDynamics /home/runner/work/PowerSimulationsDynamics.jl/PowerSimulationsDynamics.jl/src/base/simulation_initialization.jl:102
┌ Debug: 2021-05-12T15:16:38.178 [2890:1]: Write result to initial guess vector
└ @ PowerSimulationsDynamics /home/runner/work/PowerSimulationsDynamics.jl/PowerSimulationsDynamics.jl/src/base/simulation_initialization.jl:138
┌ Info: 2021-05-12T15:16:38.178 [2890:1]: Attaching Perturbations
└ @ PowerSimulationsDynamics /home/runner/work/PowerSimulationsDynamics.jl/PowerSimulationsDynamics.jl/src/base/simulation.jl:221
┌ Debug: 2021-05-12T15:16:38.178 [2890:1]: BranchTrip(1.0, "BUS 1-BUS 2-i_1")
└ @ PowerSimulationsDynamics /home/runner/work/PowerSimulationsDynamics.jl/PowerSimulationsDynamics.jl/src/base/simulation.jl:232
┌ Debug: 2021-05-12T15:16:38.178 [2890:1]: Auxiliary Arrays created with Type Float64
└ @ PowerSimulationsDynamics /home/runner/work/PowerSimulationsDynamics.jl/PowerSimulationsDynamics.jl/src/base/simulation.jl:209
┌ Info: 2021-05-12T15:16:38.178 [2890:1]: Completed Build Successfully. Simulations status = BUILT
└ @ PowerSimulationsDynamics /home/runner/work/PowerSimulationsDynamics.jl/PowerSimulationsDynamics.jl/src/base/simulation.jl:204
