┌ Info: 2023-12-11T18:26:02.718 [5287:1]: The reference Bus has a Source connected to it. The frequency reference model will change to ConstantFrequency
└ @ PowerSimulationsDynamics /home/runner/work/PowerSimulationsDynamics.jl/PowerSimulationsDynamics.jl/src/base/frequency_reference.jl:70
┌ Info: 2023-12-11T18:26:02.748 [5287:1]: Pre-Initializing Simulation States
└ @ PowerSimulationsDynamics /home/runner/work/PowerSimulationsDynamics.jl/PowerSimulationsDynamics.jl/src/base/simulation.jl:265
┌ Info: 2023-12-11T18:26:02.748 [5287:1]: Unit System changed to UnitSystem.SYSTEM_BASE = 0
└ @ PowerSystems /home/runner/.julia/packages/PowerSystems/eHeD3/src/base.jl:395
┌ Error: 2023-12-11T18:26:04.064 [5287:1]: ResidualModel failed to build
│   exception = (ArgumentError("get_reactive_power_limits not implemented for Source"), Union{Ptr{Nothing}, Base.InterpreterIP}[Ptr{Nothing} @0x00007f48f5a6fb9f, Ptr{Nothing} @0x00007f48f5a6fbb2, Ptr{Nothing} @0x00007f493da42f4d, Ptr{Nothing} @0x00007f48f5fa2d03, Ptr{Nothing} @0x00007f48f5fa4fc9, Ptr{Nothing} @0x00007f48f5fe263e, Ptr{Nothing} @0x00007f48f5fe320b, Ptr{Nothing} @0x00007f48f5feb8dd, Ptr{Nothing} @0x00007f48f5fed7c5, Ptr{Nothing} @0x00007f48f5a4fbbd, Ptr{Nothing} @0x00007f48f5a59283, Ptr{Nothing} @0x00007f48f5a5974f, Ptr{Nothing} @0x00007f493da42f4d, Ptr{Nothing} @0x00007f4928426b98, Ptr{Nothing} @0x00007f48f5f90f9e, Ptr{Nothing} @0x00007f48f5f910d5, Ptr{Nothing} @0x00007f48f5f91123, Ptr{Nothing} @0x00007f493da42f4d, Ptr{Nothing} @0x00007f493da5ed94, Ptr{Nothing} @0x00007f493da5e7b7, Ptr{Nothing} @0x00007f493da5f405, Ptr{Nothing} @0x00007f493da602e1, Base.InterpreterIP in top-level CodeInfo for Main.__atexample__named__quick_start_guide at statement 4, Ptr{Nothing} @0x00007f493da7b22b, Ptr{Nothing} @0x00007f493da7ba79, Ptr{Nothing} @0x00007f493da7cdfa, Ptr{Nothing} @0x00007f49385dfe97, Ptr{Nothing} @0x00007f49385e015e, Ptr{Nothing} @0x00007f49385e0b1f, Ptr{Nothing} @0x00007f49385e116f, Ptr{Nothing} @0x00007f493da42f4d, Ptr{Nothing} @0x00007f4928426b98, Ptr{Nothing} @0x00007f49385dfb32, Ptr{Nothing} @0x00007f49385dfc9f, Ptr{Nothing} @0x00007f493da42f4d, Ptr{Nothing} @0x00007f49385de8ad, Ptr{Nothing} @0x00007f49385de8d6, Ptr{Nothing} @0x00007f493da42f4d, Ptr{Nothing} @0x00007f49385dbaf9, Ptr{Nothing} @0x00007f49385dca0e, Ptr{Nothing} @0x00007f493da42f4d, Ptr{Nothing} @0x00007f493da53e50, Ptr{Nothing} @0x00007f493858c0eb, Ptr{Nothing} @0x00007f493da42f4d, Ptr{Nothing} @0x00007f4938588bb0, Ptr{Nothing} @0x00007f4938588fcf, Ptr{Nothing} @0x00007f4938589153, Ptr{Nothing} @0x00007f493da42f4d, Ptr{Nothing} @0x00007f4938549ee5, Ptr{Nothing} @0x00007f493854a04e, Ptr{Nothing} @0x00007f493854a4bc, Ptr{Nothing} @0x00007f493854a606, Ptr{Nothing} @0x00007f493854a632, Ptr{Nothing} @0x00007f493da42f4d, Ptr{Nothing} @0x00007f493da5ed94, Ptr{Nothing} @0x00007f493da5e7b7, Ptr{Nothing} @0x00007f493da5f405, Ptr{Nothing} @0x00007f493da602e1, Base.InterpreterIP in top-level CodeInfo for Main at statement 65, Ptr{Nothing} @0x00007f493da7b22b, Ptr{Nothing} @0x00007f493da7ba79, Ptr{Nothing} @0x00007f493da7cdfa, Ptr{Nothing} @0x00007f49290d6907, Ptr{Nothing} @0x00007f493da42f4d, Ptr{Nothing} @0x00007f49290f8b9d, Ptr{Nothing} @0x00007f4928804d83, Ptr{Nothing} @0x00007f4928804d9f, Ptr{Nothing} @0x00007f493da42f4d, Ptr{Nothing} @0x00007f4929157bee, Ptr{Nothing} @0x00007f4928b7eb9f, Ptr{Nothing} @0x00007f4928b7eca8, Ptr{Nothing} @0x00007f493da42f4d, Ptr{Nothing} @0x00007f493daa7a15, Ptr{Nothing} @0x00007f493daa845e, Ptr{Nothing} @0x0000000000401088, Ptr{Nothing} @0x00007f493e829d8f, Ptr{Nothing} @0x00007f493e829e3f, Ptr{Nothing} @0x00000000004010b8])
└ @ PowerSimulationsDynamics /home/runner/work/PowerSimulationsDynamics.jl/PowerSimulationsDynamics.jl/src/base/simulation.jl:434
┌ Info: 2023-12-11T18:26:04.194 [5287:1]: 
│  ───────────────────────────────────────────────────────────────────────────────
│                                                      Time          Allocations  
│                                                ───────────────   ───────────────
│                 Total measured:                     3.44s             234MiB    
│ 
│  Section                               ncalls     time    %tot     alloc    %tot
│  ───────────────────────────────────────────────────────────────────────────────
│  Build Simulation                           1    3.44s  100.0%    234MiB  100.0%
│    Build Simulation Inputs                  1    1.99s   57.9%    149MiB   63.8%
│      Wrap Branches                          1   10.1μs    0.0%      240B    0.0%
│      Wrap Dynamic Injectors                 1    1.11s   32.2%   90.9MiB   38.8%
│      Calculate MM, DAE_vector, Tota...      1   62.8ms    1.8%   6.96MiB    3.0%
│      Wrap Static Injectors                  1   60.9ms    1.8%   2.52MiB    1.1%
│    Pre-initialization                       1    183ms    5.3%   7.71MiB    3.3%
│      Power Flow solution                    1    183ms    5.3%   7.70MiB    3.3%
│  ───────────────────────────────────────────────────────────────────────────────
│ 
└ @ PowerSimulationsDynamics /home/runner/work/PowerSimulationsDynamics.jl/PowerSimulationsDynamics.jl/src/base/simulation.jl:453
┌ Error: 2023-12-11T18:26:13.627 [5287:1]: Execution failed
│   exception = (ErrorException("The Simulation status is BUILD_FAILED. Can not continue, correct your inputs and build the simulation again."), Union{Ptr{Nothing}, Base.InterpreterIP}[Ptr{Nothing} @0x00007f4928ad39bb, Ptr{Nothing} @0x00007f48f5adedf3, Ptr{Nothing} @0x00007f48f5ae090b, Ptr{Nothing} @0x00007f48f5ae1d30, Ptr{Nothing} @0x00007f48f5ae2558, Ptr{Nothing} @0x00007f493da42f4d, Ptr{Nothing} @0x00007f4928426b98, Ptr{Nothing} @0x00007f48f5add6b2, Ptr{Nothing} @0x00007f48f5add73d, Ptr{Nothing} @0x00007f493da42f4d, Ptr{Nothing} @0x00007f493da5ed94, Ptr{Nothing} @0x00007f493da5e7b7, Ptr{Nothing} @0x00007f493da5f405, Ptr{Nothing} @0x00007f493da602e1, Base.InterpreterIP in top-level CodeInfo for Main.__atexample__named__quick_start_guide at statement 5, Ptr{Nothing} @0x00007f493da7b22b, Ptr{Nothing} @0x00007f493da7ba79, Ptr{Nothing} @0x00007f493da7cdfa, Ptr{Nothing} @0x00007f49385dfe97, Ptr{Nothing} @0x00007f49385e015e, Ptr{Nothing} @0x00007f49385e0b1f, Ptr{Nothing} @0x00007f49385e116f, Ptr{Nothing} @0x00007f493da42f4d, Ptr{Nothing} @0x00007f4928426b98, Ptr{Nothing} @0x00007f49385dfb32, Ptr{Nothing} @0x00007f49385dfc9f, Ptr{Nothing} @0x00007f493da42f4d, Ptr{Nothing} @0x00007f49385de8ad, Ptr{Nothing} @0x00007f49385de8d6, Ptr{Nothing} @0x00007f493da42f4d, Ptr{Nothing} @0x00007f49385dbaf9, Ptr{Nothing} @0x00007f49385dca0e, Ptr{Nothing} @0x00007f493da42f4d, Ptr{Nothing} @0x00007f493da53e50, Ptr{Nothing} @0x00007f493858c0eb, Ptr{Nothing} @0x00007f493da42f4d, Ptr{Nothing} @0x00007f4938588bb0, Ptr{Nothing} @0x00007f4938588fcf, Ptr{Nothing} @0x00007f4938589153, Ptr{Nothing} @0x00007f493da42f4d, Ptr{Nothing} @0x00007f4938549ee5, Ptr{Nothing} @0x00007f493854a04e, Ptr{Nothing} @0x00007f493854a4bc, Ptr{Nothing} @0x00007f493854a606, Ptr{Nothing} @0x00007f493854a632, Ptr{Nothing} @0x00007f493da42f4d, Ptr{Nothing} @0x00007f493da5ed94, Ptr{Nothing} @0x00007f493da5e7b7, Ptr{Nothing} @0x00007f493da5f405, Ptr{Nothing} @0x00007f493da602e1, Base.InterpreterIP in top-level CodeInfo for Main at statement 65, Ptr{Nothing} @0x00007f493da7b22b, Ptr{Nothing} @0x00007f493da7ba79, Ptr{Nothing} @0x00007f493da7cdfa, Ptr{Nothing} @0x00007f49290d6907, Ptr{Nothing} @0x00007f493da42f4d, Ptr{Nothing} @0x00007f49290f8b9d, Ptr{Nothing} @0x00007f4928804d83, Ptr{Nothing} @0x00007f4928804d9f, Ptr{Nothing} @0x00007f493da42f4d, Ptr{Nothing} @0x00007f4929157bee, Ptr{Nothing} @0x00007f4928b7eb9f, Ptr{Nothing} @0x00007f4928b7eca8, Ptr{Nothing} @0x00007f493da42f4d, Ptr{Nothing} @0x00007f493daa7a15, Ptr{Nothing} @0x00007f493daa845e, Ptr{Nothing} @0x0000000000401088, Ptr{Nothing} @0x00007f493e829d8f, Ptr{Nothing} @0x00007f493e829e3f, Ptr{Nothing} @0x00000000004010b8])
└ @ PowerSimulationsDynamics /home/runner/work/PowerSimulationsDynamics.jl/PowerSimulationsDynamics.jl/src/base/simulation.jl:547
