┌ Info: 2023-07-31T16:30:03.605 [4429:1]: The reference Bus has a Source connected to it. The frequency reference model will change to ConstantFrequency
└ @ PowerSimulationsDynamics /home/runner/work/PowerSimulationsDynamics.jl/PowerSimulationsDynamics.jl/src/base/frequency_reference.jl:70
┌ Info: 2023-07-31T16:30:03.646 [4429:1]: Pre-Initializing Simulation States
└ @ PowerSimulationsDynamics /home/runner/work/PowerSimulationsDynamics.jl/PowerSimulationsDynamics.jl/src/base/simulation.jl:265
┌ Info: 2023-07-31T16:30:03.646 [4429:1]: Unit System changed to UnitSystem.SYSTEM_BASE = 0
└ @ PowerSystems /home/runner/.julia/packages/PowerSystems/9jm8v/src/base.jl:407
┌ Info: 2023-07-31T16:30:04.903 [4429:1]: PowerFlow solve converged, the results have been stored in the system
└ @ PowerFlows /home/runner/.julia/packages/PowerFlows/TDLGc/src/nlsolve_ac_powerflow.jl:45
┌ Info: 2023-07-31T16:30:04.903 [4429:1]: Unit System changed to UnitSystem.DEVICE_BASE = 1
└ @ PowerSystems /home/runner/.julia/packages/PowerSystems/9jm8v/src/base.jl:407
┌ Info: 2023-07-31T16:30:14.035 [4429:1]: Residual from initial guess: max = 4.212807880321634e-11 at 4, total = 5.4841867599494955e-11
└ @ PowerSimulationsDynamics /home/runner/work/PowerSimulationsDynamics.jl/PowerSimulationsDynamics.jl/src/base/nlsolve_wrapper.jl:101
┌ Info: 2023-07-31T16:30:14.060 [4429:1]: Initialization non-linear solve succeeded with a tolerance of 1.0e-9 using solver trust_region. Saving solution.
└ @ PowerSimulationsDynamics /home/runner/work/PowerSimulationsDynamics.jl/PowerSimulationsDynamics.jl/src/base/nlsolve_wrapper.jl:68
┌ Info: 2023-07-31T16:30:14.061 [4429:1]: Attaching Perturbations
└ @ PowerSimulationsDynamics /home/runner/work/PowerSimulationsDynamics.jl/PowerSimulationsDynamics.jl/src/base/simulation.jl:296
┌ Info: 2023-07-31T16:30:14.740 [4429:1]: Simulations status = BUILT
└ @ PowerSimulationsDynamics /home/runner/work/PowerSimulationsDynamics.jl/PowerSimulationsDynamics.jl/src/base/simulation.jl:428
┌ Info: 2023-07-31T16:30:14.741 [4429:1]: 
│  ───────────────────────────────────────────────────────────────────────────────
│                                                      Time          Allocations  
│                                                ───────────────   ───────────────
│                 Total measured:                     13.7s            0.96GiB    
│ 
│  Section                               ncalls     time    %tot     alloc    %tot
│  ───────────────────────────────────────────────────────────────────────────────
│  Build Simulation                           1    13.7s  100.0%   0.96GiB  100.0%
│    Build Simulation Inputs                  1    2.59s   18.9%    157MiB   16.0%
│      Wrap Branches                          1   14.8μs    0.0%      240B    0.0%
│      Wrap Dynamic Injectors                 1    1.42s   10.4%   89.5MiB    9.1%
│      Calculate MM, DAE_vector, Tota...      1   82.1ms    0.6%   7.07MiB    0.7%
│      Wrap Static Injectors                  1   80.6ms    0.6%   2.54MiB    0.3%
│    Pre-initialization                       1    3.51s   25.6%    270MiB   27.4%
│      Power Flow solution                    1    1.26s    9.2%   49.1MiB    5.0%
│      Initialize Static Injectors            1    427ms    3.1%   27.8MiB    2.8%
│      Initialize Dynamic Injectors           1    1.82s   13.3%    193MiB   19.6%
│    Calculate Jacobian                       1    5.07s   37.1%    496MiB   50.5%
│    Make Model Function                      1   8.37ms    0.1%   98.3KiB    0.0%
│    Initial Condition NLsolve refine...      1    1.83s   13.4%   26.7MiB    2.7%
│    Build Perturbations                      1    262ms    1.9%   16.8MiB    1.7%
│    Make DiffEq Problem                      1    409ms    3.0%   16.1MiB    1.6%
│  ───────────────────────────────────────────────────────────────────────────────
│ 
└ @ PowerSimulationsDynamics /home/runner/work/PowerSimulationsDynamics.jl/PowerSimulationsDynamics.jl/src/base/simulation.jl:453
