┌ Info: 2024-01-05T17:41:23.054 [5393:1]: The reference Bus has a Source connected to it. The frequency reference model will change to ConstantFrequency
└ @ PowerSimulationsDynamics /home/runner/work/PowerSimulationsDynamics.jl/PowerSimulationsDynamics.jl/src/base/frequency_reference.jl:70
┌ Info: 2024-01-05T17:41:23.086 [5393:1]: Pre-Initializing Simulation States
└ @ PowerSimulationsDynamics /home/runner/work/PowerSimulationsDynamics.jl/PowerSimulationsDynamics.jl/src/base/simulation.jl:265
┌ Info: 2024-01-05T17:41:23.086 [5393:1]: Unit System changed to UnitSystem.SYSTEM_BASE = 0
└ @ PowerSystems /home/runner/.julia/packages/PowerSystems/diJIg/src/base.jl:395
┌ Info: 2024-01-05T17:41:24.920 [5393:1]: PowerFlow solve converged, the results have been stored in the system
└ @ PowerFlows /home/runner/.julia/packages/PowerFlows/8MBjq/src/nlsolve_ac_powerflow.jl:47
┌ Info: 2024-01-05T17:41:24.920 [5393:1]: Unit System changed to UnitSystem.DEVICE_BASE = 1
└ @ PowerSystems /home/runner/.julia/packages/PowerSystems/diJIg/src/base.jl:395
┌ Info: 2024-01-05T17:41:37.941 [5393:1]: Residual from initial guess: max = 4.212807880321634e-11 at 4, total = 5.4841923110646186e-11
└ @ PowerSimulationsDynamics /home/runner/work/PowerSimulationsDynamics.jl/PowerSimulationsDynamics.jl/src/base/nlsolve_wrapper.jl:101
┌ Info: 2024-01-05T17:41:37.983 [5393:1]: Initialization non-linear solve succeeded with a tolerance of 1.0e-9 using solver trust_region. Saving solution.
└ @ PowerSimulationsDynamics /home/runner/work/PowerSimulationsDynamics.jl/PowerSimulationsDynamics.jl/src/base/nlsolve_wrapper.jl:68
┌ Info: 2024-01-05T17:41:37.983 [5393:1]: Attaching Perturbations
└ @ PowerSimulationsDynamics /home/runner/work/PowerSimulationsDynamics.jl/PowerSimulationsDynamics.jl/src/base/simulation.jl:296
┌ Info: 2024-01-05T17:41:38.529 [5393:1]: Simulations status = BUILT
└ @ PowerSimulationsDynamics /home/runner/work/PowerSimulationsDynamics.jl/PowerSimulationsDynamics.jl/src/base/simulation.jl:428
┌ Info: 2024-01-05T17:41:38.529 [5393:1]: 
│  ───────────────────────────────────────────────────────────────────────────────
│                                                      Time          Allocations  
│                                                ───────────────   ───────────────
│                 Total measured:                     17.5s             810MiB    
│ 
│  Section                               ncalls     time    %tot     alloc    %tot
│  ───────────────────────────────────────────────────────────────────────────────
│  Build Simulation                           1    17.5s  100.0%    810MiB  100.0%
│    Build Simulation Inputs                  1    2.06s   11.8%    127MiB   15.7%
│      Wrap Branches                          1   12.0μs    0.0%      208B    0.0%
│      Wrap Dynamic Injectors                 1    1.18s    6.8%   80.1MiB    9.9%
│      Calculate MM, DAE_vector, Tota...      1   78.9ms    0.5%   6.31MiB    0.8%
│      Wrap Static Injectors                  1   64.7ms    0.4%   1.63MiB    0.2%
│    Pre-initialization                       1    5.02s   28.7%    229MiB   28.3%
│      Power Flow solution                    1    1.88s   10.7%   41.6MiB    5.1%
│      Initialize Static Injectors            1    2.26s   12.9%   27.5MiB    3.4%
│      Initialize Dynamic Injectors           1    886ms    5.1%    160MiB   19.8%
│    Calculate Jacobian                       1    4.63s   26.5%    397MiB   49.0%
│    Make Model Function                      1   6.55ms    0.0%    122KiB    0.0%
│    Initial Condition NLsolve refine...      1    5.24s   29.9%   29.7MiB    3.7%
│    Build Perturbations                      1    236ms    1.3%   13.3MiB    1.6%
│    Make DiffEq Problem                      1    304ms    1.7%   13.9MiB    1.7%
│  ───────────────────────────────────────────────────────────────────────────────
│ 
└ @ PowerSimulationsDynamics /home/runner/work/PowerSimulationsDynamics.jl/PowerSimulationsDynamics.jl/src/base/simulation.jl:453
