┌ Info: 2022-11-17T00:10:47.547 [2745:1]: Validating connectivity with Goderya algorithm
└ @ PowerSystems /home/runner/.julia/packages/PowerSystems/6GCEy/src/utils/network_calculations/ybus_calculations.jl:318
┌ Info: 2022-11-17T00:10:47.659 [2745:1]: The System has no islands
└ @ PowerSystems /home/runner/.julia/packages/PowerSystems/6GCEy/src/utils/network_calculations/ybus_calculations.jl:264
┌ Info: 2022-11-17T00:10:50.076 [2745:1]: The reference Bus has a Source connected to it. The frequency reference model will change to ConstantFrequency
└ @ PowerSimulationsDynamics /home/runner/work/PowerSimulationsDynamics.jl/PowerSimulationsDynamics.jl/src/base/frequency_reference.jl:70
┌ Info: 2022-11-17T00:10:50.086 [2745:1]: Pre-Initializing Simulation States
└ @ PowerSimulationsDynamics /home/runner/work/PowerSimulationsDynamics.jl/PowerSimulationsDynamics.jl/src/base/simulation.jl:264
┌ Info: 2022-11-17T00:10:50.086 [2745:1]: Unit System changed to UnitSystem.SYSTEM_BASE = 0
└ @ PowerSystems /home/runner/.julia/packages/PowerSystems/6GCEy/src/base.jl:351
┌ Info: 2022-11-17T00:10:50.093 [2745:1]: Validating connectivity with Goderya algorithm
└ @ PowerSystems /home/runner/.julia/packages/PowerSystems/6GCEy/src/utils/network_calculations/ybus_calculations.jl:318
┌ Info: 2022-11-17T00:10:50.094 [2745:1]: The System has no islands
└ @ PowerSystems /home/runner/.julia/packages/PowerSystems/6GCEy/src/utils/network_calculations/ybus_calculations.jl:264
┌ Info: 2022-11-17T00:10:52.004 [2745:1]: PowerFlow solve converged, the results have been stored in the system
└ @ PowerFlows /home/runner/.julia/packages/PowerFlows/4i4mk/src/nlsolve_powerflow.jl:45
┌ Info: 2022-11-17T00:10:52.005 [2745:1]: Unit System changed to UnitSystem.DEVICE_BASE = 1
└ @ PowerSystems /home/runner/.julia/packages/PowerSystems/6GCEy/src/base.jl:351
┌ Info: 2022-11-17T00:11:05.784 [2745:1]: Residual from initial guess: max = 4.2092551666428335e-11 at 4, total = 9.411137286670638e-11
└ @ PowerSimulationsDynamics /home/runner/work/PowerSimulationsDynamics.jl/PowerSimulationsDynamics.jl/src/base/nlsolve_wrapper.jl:97
┌ Info: 2022-11-17T00:11:05.845 [2745:1]: Initialization non-linear solve succeeded with a tolerance of 1.0e-9 using solver trust_region. Saving solution.
└ @ PowerSimulationsDynamics /home/runner/work/PowerSimulationsDynamics.jl/PowerSimulationsDynamics.jl/src/base/nlsolve_wrapper.jl:65
┌ Info: 2022-11-17T00:11:05.845 [2745:1]: Attaching Perturbations
└ @ PowerSimulationsDynamics /home/runner/work/PowerSimulationsDynamics.jl/PowerSimulationsDynamics.jl/src/base/simulation.jl:295
┌ Info: 2022-11-17T00:11:06.836 [2745:1]: Simulations status = BUILT
└ @ PowerSimulationsDynamics /home/runner/work/PowerSimulationsDynamics.jl/PowerSimulationsDynamics.jl/src/base/simulation.jl:413
┌ Info: 2022-11-17T00:11:06.836 [2745:1]: 
│  ───────────────────────────────────────────────────────────────────────────────
│                                                      Time          Allocations  
│                                                ───────────────   ───────────────
│                 Total measured:                     21.3s            1.76GiB    
│ 
│  Section                               ncalls     time    %tot     alloc    %tot
│  ───────────────────────────────────────────────────────────────────────────────
│  Build Simulation                           1    21.3s  100.0%   1.76GiB  100.0%
│    Build Simulation Inputs                  1    4.57s   21.4%    186MiB   10.3%
│      Wrap Branches                          1   23.8μs    0.0%      240B    0.0%
│      Wrap Dynamic Injectors                 1    1.92s    9.0%    103MiB    5.7%
│      Calculate MM, DAE_vector, Tota...      1    119ms    0.6%   7.36MiB    0.4%
│      Wrap Static Injectors                  1    345ms    1.6%   6.52MiB    0.4%
│    Pre-initialization                       1    5.93s   27.8%    603MiB   33.4%
│      Power Flow solution                    1    1.96s    9.2%   76.3MiB    4.2%
│      Initialize Static Injectors            1    838ms    3.9%   49.4MiB    2.7%
│      Initialize Dynamic Injectors           1    3.13s   14.7%    477MiB   26.5%
│    Calculate Jacobian                       1    7.52s   35.3%    938MiB   52.0%
│    Make Model Function                      1   8.84ms    0.0%    131KiB    0.0%
│    Initial Condition NLsolve refine...      1    2.30s   10.8%   34.8MiB    1.9%
│    Build Perturbations                      1    333ms    1.6%   18.1MiB    1.0%
│    Make DiffEq Problem                      1    649ms    3.0%   22.5MiB    1.2%
│  ───────────────────────────────────────────────────────────────────────────────
│ 
└ @ PowerSimulationsDynamics /home/runner/work/PowerSimulationsDynamics.jl/PowerSimulationsDynamics.jl/src/base/simulation.jl:438
