┌ Info: 2022-05-21T00:00:53.280 [2937:1]: Validating connectivity with Goderya algorithm
└ @ PowerSystems /home/runner/.julia/packages/PowerSystems/KS7DZ/src/utils/network_calculations/ybus_calculations.jl:308
┌ Info: 2022-05-21T00:00:53.518 [2937:1]: The System has no islands
└ @ PowerSystems /home/runner/.julia/packages/PowerSystems/KS7DZ/src/utils/network_calculations/ybus_calculations.jl:254
┌ Info: 2022-05-21T00:00:55.417 [2937:1]: The reference Bus has a Source connected to it. The frequency reference model will change to ConstantFrequency
└ @ PowerSimulationsDynamics /home/runner/work/PowerSimulationsDynamics.jl/PowerSimulationsDynamics.jl/src/base/frequency_reference.jl:70
┌ Info: 2022-05-21T00:00:55.430 [2937:1]: Pre-Initializing Simulation States
└ @ PowerSimulationsDynamics /home/runner/work/PowerSimulationsDynamics.jl/PowerSimulationsDynamics.jl/src/base/simulation.jl:263
┌ Info: 2022-05-21T00:00:55.430 [2937:1]: Unit System changed to UnitSystem.SYSTEM_BASE = 0
└ @ PowerSystems /home/runner/.julia/packages/PowerSystems/KS7DZ/src/base.jl:346
┌ Info: 2022-05-21T00:00:55.430 [2937:1]: Validating connectivity with Goderya algorithm
└ @ PowerSystems /home/runner/.julia/packages/PowerSystems/KS7DZ/src/utils/network_calculations/ybus_calculations.jl:308
┌ Info: 2022-05-21T00:00:55.430 [2937:1]: The System has no islands
└ @ PowerSystems /home/runner/.julia/packages/PowerSystems/KS7DZ/src/utils/network_calculations/ybus_calculations.jl:254
┌ Info: 2022-05-21T00:00:56.867 [2937:1]: PowerFlow solve converged, the results have been stored in the system
└ @ PowerFlows /home/runner/.julia/packages/PowerFlows/SXykU/src/nlsolve_powerflow.jl:45
┌ Info: 2022-05-21T00:00:56.867 [2937:1]: Unit System changed to UnitSystem.DEVICE_BASE = 1
└ @ PowerSystems /home/runner/.julia/packages/PowerSystems/KS7DZ/src/base.jl:346
┌ Info: 2022-05-21T00:01:09.826 [2937:1]: Residual from initial guess: max = 4.2092551666428335e-11 at 4, total = 9.411131735555515e-11
└ @ PowerSimulationsDynamics /home/runner/work/PowerSimulationsDynamics.jl/PowerSimulationsDynamics.jl/src/base/nlsolve_wrapper.jl:97
┌ Info: 2022-05-21T00:01:09.879 [2937:1]: Initialization non-linear solve succeeded with a tolerance of 1.0e-9 using solver trust_region. Saving solution.
└ @ PowerSimulationsDynamics /home/runner/work/PowerSimulationsDynamics.jl/PowerSimulationsDynamics.jl/src/base/nlsolve_wrapper.jl:65
┌ Info: 2022-05-21T00:01:09.879 [2937:1]: Attaching Perturbations
└ @ PowerSimulationsDynamics /home/runner/work/PowerSimulationsDynamics.jl/PowerSimulationsDynamics.jl/src/base/simulation.jl:296
┌ Info: 2022-05-21T00:01:10.547 [2937:1]: Simulations status = BUILT
└ @ PowerSimulationsDynamics /home/runner/work/PowerSimulationsDynamics.jl/PowerSimulationsDynamics.jl/src/base/simulation.jl:416
┌ Info: 2022-05-21T00:01:10.606 [2937:1]: 
│  ───────────────────────────────────────────────────────────────────────────────
│                                                      Time          Allocations  
│                                                ───────────────   ───────────────
│                 Total measured:                     19.8s            1.74GiB    
│ 
│  Section                               ncalls     time    %tot     alloc    %tot
│  ───────────────────────────────────────────────────────────────────────────────
│  Build Simulation                           1    19.6s  100.0%   1.72GiB  100.0%
│    Build Simulation Inputs                  1    4.47s   22.8%    221MiB   12.6%
│      Wrap Branches                          1   8.00μs    0.0%      176B    0.0%
│      Wrap Dynamic Injectors                 1    1.54s    7.9%    112MiB    6.4%
│      Calculate MM, DAE_vector, Tota...      1    122ms    0.6%   23.4MiB    1.3%
│      Wrap Static Injectors                  1    234ms    1.2%   4.98MiB    0.3%
│    Pre-initialization                       1    4.80s   24.5%    211MiB   12.0%
│      Power Flow solution                    1    1.44s    7.3%   67.7MiB    3.9%
│      Initialize Static Injectors            1    2.80s   14.3%   75.0MiB    4.3%
│      Initialize Dynamic Injectors           1    564ms    2.9%   68.4MiB    3.9%
│    Calculate Jacobian                       1    7.69s   39.3%   1.14GiB   66.5%
│    Make Model Function                      1   91.5ms    0.5%   10.7MiB    0.6%
│    Initial Condition NLsolve refine...      1    1.87s    9.5%   41.5MiB    2.4%
│    Build Perturbations                      1    505ms    2.6%   90.2MiB    5.1%
│    Make DiffEq Problem                      1    156ms    0.8%   13.4MiB    0.8%
│  ───────────────────────────────────────────────────────────────────────────────
│ 
└ @ PowerSimulationsDynamics /home/runner/work/PowerSimulationsDynamics.jl/PowerSimulationsDynamics.jl/src/base/simulation.jl:441
┌ Warning: 2022-05-21T00:01:23.598 [2937:1]: Unrecognized keyword arguments found. Future versions will error.
│ The only allowed keyword arguments to `solve` are: 
│ (:dense, :saveat, :save_idxs, :tstops, :d_discontinuities, :save_everystep, :save_on, :save_start, :save_end, :initialize_save, :adaptive, :abstol, :reltol, :dt, :dtmax, :dtmin, :force_dtmin, :internalnorm, :controller, :gamma, :beta1, :beta2, :qmax, :qmin, :qsteady_min, :qsteady_max, :qoldinit, :failfactor, :calck, :alias_u0, :maxiters, :callback, :isoutofdomain, :unstable_check, :verbose, :merge_callbacks, :progress, :progress_steps, :progress_name, :progress_message, :timeseries_errors, :dense_errors, :calculate_errors, :initializealg, :alg, :save_noise, :delta, :seed, :alg_hints, :kwargshandle, :trajectories, :batch_size, :sensealg, :advance_to_tstop, :stop_at_next_tstop, :default_set, :second_time)
│ See https://diffeq.sciml.ai/stable/basics/common_solver_opts/ for more details.
│ 
│ Set kwargshandle=KeywordArgError for an error message and more details.
│ Set kwargshandle=KeywordArgSilent to ignore this message.
└ @ DiffEqBase /home/runner/.julia/packages/DiffEqBase/dVZCn/src/solve.jl:346
