┌ Info: 2023-06-22T00:51:46.163 [4410:1]: The reference Bus has a Source connected to it. The frequency reference model will change to ConstantFrequency
└ @ PowerSimulationsDynamics /home/runner/work/PowerSimulationsDynamics.jl/PowerSimulationsDynamics.jl/src/base/frequency_reference.jl:70
┌ Info: 2023-06-22T00:51:46.163 [4410:1]: Pre-Initializing Simulation States
└ @ PowerSimulationsDynamics /home/runner/work/PowerSimulationsDynamics.jl/PowerSimulationsDynamics.jl/src/base/simulation.jl:265
┌ Info: 2023-06-22T00:51:46.163 [4410:1]: Unit System changed to UnitSystem.SYSTEM_BASE = 0
└ @ PowerSystems /home/runner/.julia/packages/PowerSystems/qRmML/src/base.jl:407
┌ Info: 2023-06-22T00:51:46.179 [4410:1]: PowerFlow solve converged, the results have been stored in the system
└ @ PowerFlows /home/runner/.julia/packages/PowerFlows/TDLGc/src/nlsolve_ac_powerflow.jl:45
┌ Info: 2023-06-22T00:51:46.179 [4410:1]: Unit System changed to UnitSystem.DEVICE_BASE = 1
└ @ PowerSystems /home/runner/.julia/packages/PowerSystems/qRmML/src/base.jl:407
┌ Info: 2023-06-22T00:51:47.190 [4410:1]: Residual from initial guess: max = 1.004487742983784e-10 at 4, total = 1.498162837386531e-9
└ @ PowerSimulationsDynamics /home/runner/work/PowerSimulationsDynamics.jl/PowerSimulationsDynamics.jl/src/base/nlsolve_wrapper.jl:101
┌ Info: 2023-06-22T00:51:47.190 [4410:1]: Initialization non-linear solve succeeded with a tolerance of 1.0e-9 using solver trust_region. Saving solution.
└ @ PowerSimulationsDynamics /home/runner/work/PowerSimulationsDynamics.jl/PowerSimulationsDynamics.jl/src/base/nlsolve_wrapper.jl:68
┌ Info: 2023-06-22T00:51:47.190 [4410:1]: Attaching Perturbations
└ @ PowerSimulationsDynamics /home/runner/work/PowerSimulationsDynamics.jl/PowerSimulationsDynamics.jl/src/base/simulation.jl:296
┌ Info: 2023-06-22T00:51:47.191 [4410:1]: Simulations status = BUILT
└ @ PowerSimulationsDynamics /home/runner/work/PowerSimulationsDynamics.jl/PowerSimulationsDynamics.jl/src/base/simulation.jl:414
┌ Info: 2023-06-22T00:51:47.191 [4410:1]: 
│  ───────────────────────────────────────────────────────────────────────────────
│                                                      Time          Allocations  
│                                                ───────────────   ───────────────
│                 Total measured:                     1.48s            68.0MiB    
│ 
│  Section                               ncalls     time    %tot     alloc    %tot
│  ───────────────────────────────────────────────────────────────────────────────
│  Build Simulation                           1    1.48s  100.0%   68.0MiB  100.0%
│    Build Simulation Inputs                  1    453ms   30.6%   22.0MiB   32.4%
│      Wrap Branches                          1    175ms   11.8%   8.17MiB   12.0%
│      Wrap Dynamic Injectors                 1   16.3ms    1.1%   1.25MiB    1.8%
│      Calculate MM, DAE_vector, Tota...      1   28.1μs    0.0%   2.33KiB    0.0%
│      Wrap Static Injectors                  1   72.3μs    0.0%   10.3KiB    0.0%
│    Pre-initialization                       1   23.4ms    1.6%    510KiB    0.7%
│      Power Flow solution                    1   15.4ms    1.0%    364KiB    0.5%
│      Initialize Static Injectors            1   44.5μs    0.0%   3.16KiB    0.0%
│      Initialize Dynamic Injectors           1    283μs    0.0%    129KiB    0.2%
│      Initialize Dynamic Branches            1   7.58ms    0.5%   2.03KiB    0.0%
│    Calculate Jacobian                       1    1.00s   67.8%   45.2MiB   66.5%
│    Make Model Function                      1   6.00μs    0.0%      928B    0.0%
│    Initial Condition NLsolve refine...      1    663μs    0.0%    247KiB    0.4%
│    Build Perturbations                      1   50.5μs    0.0%   8.96KiB    0.0%
│    Make DiffEq Problem                      1    153μs    0.0%   11.7KiB    0.0%
│  ───────────────────────────────────────────────────────────────────────────────
│ 
└ @ PowerSimulationsDynamics /home/runner/work/PowerSimulationsDynamics.jl/PowerSimulationsDynamics.jl/src/base/simulation.jl:439
