┌ Info: 2023-06-28T06:55:24.483 [4417:1]: The reference Bus has a Source connected to it. The frequency reference model will change to ConstantFrequency
└ @ PowerSimulationsDynamics /home/runner/work/PowerSimulationsDynamics.jl/PowerSimulationsDynamics.jl/src/base/frequency_reference.jl:70
┌ Info: 2023-06-28T06:55:24.579 [4417:1]: Pre-Initializing Simulation States
└ @ PowerSimulationsDynamics /home/runner/work/PowerSimulationsDynamics.jl/PowerSimulationsDynamics.jl/src/base/simulation.jl:265
┌ Info: 2023-06-28T06:55:24.579 [4417:1]: Unit System changed to UnitSystem.SYSTEM_BASE = 0
└ @ PowerSystems /home/runner/.julia/packages/PowerSystems/cPv4x/src/base.jl:407
┌ Info: 2023-06-28T06:55:26.175 [4417:1]: PowerFlow solve converged, the results have been stored in the system
└ @ PowerFlows /home/runner/.julia/packages/PowerFlows/TDLGc/src/nlsolve_ac_powerflow.jl:45
┌ Info: 2023-06-28T06:55:26.175 [4417:1]: Unit System changed to UnitSystem.DEVICE_BASE = 1
└ @ PowerSystems /home/runner/.julia/packages/PowerSystems/cPv4x/src/base.jl:407
┌ Info: 2023-06-28T06:55:37.528 [4417:1]: Residual from initial guess: max = 4.212807880321634e-11 at 4, total = 5.4841923110646186e-11
└ @ PowerSimulationsDynamics /home/runner/work/PowerSimulationsDynamics.jl/PowerSimulationsDynamics.jl/src/base/nlsolve_wrapper.jl:101
┌ Info: 2023-06-28T06:55:37.558 [4417:1]: Initialization non-linear solve succeeded with a tolerance of 1.0e-9 using solver trust_region. Saving solution.
└ @ PowerSimulationsDynamics /home/runner/work/PowerSimulationsDynamics.jl/PowerSimulationsDynamics.jl/src/base/nlsolve_wrapper.jl:68
┌ Info: 2023-06-28T06:55:37.558 [4417:1]: Attaching Perturbations
└ @ PowerSimulationsDynamics /home/runner/work/PowerSimulationsDynamics.jl/PowerSimulationsDynamics.jl/src/base/simulation.jl:296
┌ Info: 2023-06-28T06:55:38.379 [4417:1]: Simulations status = BUILT
└ @ PowerSimulationsDynamics /home/runner/work/PowerSimulationsDynamics.jl/PowerSimulationsDynamics.jl/src/base/simulation.jl:426
┌ Info: 2023-06-28T06:55:38.379 [4417:1]: 
│  ───────────────────────────────────────────────────────────────────────────────
│                                                      Time          Allocations  
│                                                ───────────────   ───────────────
│                 Total measured:                     17.2s            0.95GiB    
│ 
│  Section                               ncalls     time    %tot     alloc    %tot
│  ───────────────────────────────────────────────────────────────────────────────
│  Build Simulation                           1    17.2s  100.0%   0.95GiB  100.0%
│    Build Simulation Inputs                  1    3.39s   19.7%    161MiB   16.5%
│      Wrap Branches                          1   12.6μs    0.0%      240B    0.0%
│      Wrap Dynamic Injectors                 1    1.87s   10.9%   90.5MiB    9.3%
│      Calculate MM, DAE_vector, Tota...      1   98.1ms    0.6%   6.91MiB    0.7%
│      Wrap Static Injectors                  1    158ms    0.9%   5.34MiB    0.5%
│    Pre-initialization                       1    4.23s   24.6%    265MiB   27.1%
│      Power Flow solution                    1    1.60s    9.3%   48.3MiB    4.9%
│      Initialize Static Injectors            1    574ms    3.3%   28.8MiB    2.9%
│      Initialize Dynamic Injectors           1    2.06s   12.0%    188MiB   19.2%
│    Calculate Jacobian                       1    6.48s   37.7%    492MiB   50.3%
│    Make Model Function                      1   8.17ms    0.0%   95.3KiB    0.0%
│    Initial Condition NLsolve refine...      1    2.26s   13.1%   26.3MiB    2.7%
│    Build Perturbations                      1    319ms    1.9%   17.0MiB    1.7%
│    Make DiffEq Problem                      1    494ms    2.9%   15.7MiB    1.6%
│  ───────────────────────────────────────────────────────────────────────────────
│ 
└ @ PowerSimulationsDynamics /home/runner/work/PowerSimulationsDynamics.jl/PowerSimulationsDynamics.jl/src/base/simulation.jl:451
