┌ Info: 2023-02-19T23:29:10.467 [2895:1]: Validating connectivity with Goderya algorithm
└ @ PowerSystems /home/runner/.julia/packages/PowerSystems/JjjYG/src/utils/network_calculations/ybus_calculations.jl:318
┌ Info: 2023-02-19T23:29:10.552 [2895:1]: The System has no islands
└ @ PowerSystems /home/runner/.julia/packages/PowerSystems/JjjYG/src/utils/network_calculations/ybus_calculations.jl:264
┌ Info: 2023-02-19T23:29:12.223 [2895:1]: The reference Bus has a Source connected to it. The frequency reference model will change to ConstantFrequency
└ @ PowerSimulationsDynamics /home/runner/work/PowerSimulationsDynamics.jl/PowerSimulationsDynamics.jl/src/base/frequency_reference.jl:70
┌ Info: 2023-02-19T23:29:12.232 [2895:1]: Pre-Initializing Simulation States
└ @ PowerSimulationsDynamics /home/runner/work/PowerSimulationsDynamics.jl/PowerSimulationsDynamics.jl/src/base/simulation.jl:264
┌ Info: 2023-02-19T23:29:12.232 [2895:1]: Unit System changed to UnitSystem.SYSTEM_BASE = 0
└ @ PowerSystems /home/runner/.julia/packages/PowerSystems/JjjYG/src/base.jl:351
┌ Info: 2023-02-19T23:29:12.236 [2895:1]: Validating connectivity with Goderya algorithm
└ @ PowerSystems /home/runner/.julia/packages/PowerSystems/JjjYG/src/utils/network_calculations/ybus_calculations.jl:318
┌ Info: 2023-02-19T23:29:12.236 [2895:1]: The System has no islands
└ @ PowerSystems /home/runner/.julia/packages/PowerSystems/JjjYG/src/utils/network_calculations/ybus_calculations.jl:264
┌ Info: 2023-02-19T23:29:13.691 [2895:1]: PowerFlow solve converged, the results have been stored in the system
└ @ PowerFlows /home/runner/.julia/packages/PowerFlows/bYChl/src/nlsolve_powerflow.jl:45
┌ Info: 2023-02-19T23:29:13.691 [2895:1]: Unit System changed to UnitSystem.DEVICE_BASE = 1
└ @ PowerSystems /home/runner/.julia/packages/PowerSystems/JjjYG/src/base.jl:351
┌ Info: 2023-02-19T23:29:23.698 [2895:1]: Residual from initial guess: max = 4.2092551666428335e-11 at 4, total = 9.414231754737997e-11
└ @ PowerSimulationsDynamics /home/runner/work/PowerSimulationsDynamics.jl/PowerSimulationsDynamics.jl/src/base/nlsolve_wrapper.jl:98
┌ Info: 2023-02-19T23:29:23.808 [2895:1]: Initialization non-linear solve succeeded with a tolerance of 1.0e-9 using solver trust_region. Saving solution.
└ @ PowerSimulationsDynamics /home/runner/work/PowerSimulationsDynamics.jl/PowerSimulationsDynamics.jl/src/base/nlsolve_wrapper.jl:65
┌ Info: 2023-02-19T23:29:23.808 [2895:1]: Attaching Perturbations
└ @ PowerSimulationsDynamics /home/runner/work/PowerSimulationsDynamics.jl/PowerSimulationsDynamics.jl/src/base/simulation.jl:295
┌ Info: 2023-02-19T23:29:24.479 [2895:1]: Simulations status = BUILT
└ @ PowerSimulationsDynamics /home/runner/work/PowerSimulationsDynamics.jl/PowerSimulationsDynamics.jl/src/base/simulation.jl:413
┌ Info: 2023-02-19T23:29:24.479 [2895:1]: 
│  ───────────────────────────────────────────────────────────────────────────────
│                                                      Time          Allocations  
│                                                ───────────────   ───────────────
│                 Total measured:                     15.4s            1.44GiB    
│ 
│  Section                               ncalls     time    %tot     alloc    %tot
│  ───────────────────────────────────────────────────────────────────────────────
│  Build Simulation                           1    15.4s  100.0%   1.44GiB  100.0%
│    Build Simulation Inputs                  1    3.13s   20.4%    192MiB   13.0%
│      Wrap Branches                          1   24.6μs    0.0%      240B    0.0%
│      Wrap Dynamic Injectors                 1    1.30s    8.5%    109MiB    7.4%
│      Calculate MM, DAE_vector, Tota...      1   82.2ms    0.5%   7.37MiB    0.5%
│      Wrap Static Injectors                  1    272ms    1.8%   7.10MiB    0.5%
│    Pre-initialization                       1    4.69s   30.5%    525MiB   35.7%
│      Power Flow solution                    1    1.49s    9.7%   79.3MiB    5.4%
│      Initialize Static Injectors            1    486ms    3.2%   49.2MiB    3.3%
│      Initialize Dynamic Injectors           1    2.71s   17.6%    397MiB   26.9%
│    Calculate Jacobian                       1    5.16s   33.6%    679MiB   46.1%
│    Make Model Function                      1   6.67ms    0.0%    131KiB    0.0%
│    Initial Condition NLsolve refine...      1    1.72s   11.2%   34.1MiB    2.3%
│    Build Perturbations                      1    222ms    1.4%   17.8MiB    1.2%
│    Make DiffEq Problem                      1    442ms    2.9%   24.7MiB    1.7%
│  ───────────────────────────────────────────────────────────────────────────────
│ 
└ @ PowerSimulationsDynamics /home/runner/work/PowerSimulationsDynamics.jl/PowerSimulationsDynamics.jl/src/base/simulation.jl:438
