┌ Info: 2023-06-27T05:51:14.019 [4410:1]: The reference Bus has a Source connected to it. The frequency reference model will change to ConstantFrequency
└ @ PowerSimulationsDynamics /home/runner/work/PowerSimulationsDynamics.jl/PowerSimulationsDynamics.jl/src/base/frequency_reference.jl:70
┌ Info: 2023-06-27T05:51:14.115 [4410:1]: Pre-Initializing Simulation States
└ @ PowerSimulationsDynamics /home/runner/work/PowerSimulationsDynamics.jl/PowerSimulationsDynamics.jl/src/base/simulation.jl:265
┌ Info: 2023-06-27T05:51:14.115 [4410:1]: Unit System changed to UnitSystem.SYSTEM_BASE = 0
└ @ PowerSystems /home/runner/.julia/packages/PowerSystems/qRmML/src/base.jl:407
┌ Info: 2023-06-27T05:51:15.693 [4410:1]: PowerFlow solve converged, the results have been stored in the system
└ @ PowerFlows /home/runner/.julia/packages/PowerFlows/TDLGc/src/nlsolve_ac_powerflow.jl:45
┌ Info: 2023-06-27T05:51:15.694 [4410:1]: Unit System changed to UnitSystem.DEVICE_BASE = 1
└ @ PowerSystems /home/runner/.julia/packages/PowerSystems/qRmML/src/base.jl:407
┌ Info: 2023-06-27T05:51:26.528 [4410:1]: Residual from initial guess: max = 4.212807880321634e-11 at 4, total = 5.4841923110646186e-11
└ @ PowerSimulationsDynamics /home/runner/work/PowerSimulationsDynamics.jl/PowerSimulationsDynamics.jl/src/base/nlsolve_wrapper.jl:101
┌ Info: 2023-06-27T05:51:26.555 [4410:1]: Initialization non-linear solve succeeded with a tolerance of 1.0e-9 using solver trust_region. Saving solution.
└ @ PowerSimulationsDynamics /home/runner/work/PowerSimulationsDynamics.jl/PowerSimulationsDynamics.jl/src/base/nlsolve_wrapper.jl:68
┌ Info: 2023-06-27T05:51:26.556 [4410:1]: Attaching Perturbations
└ @ PowerSimulationsDynamics /home/runner/work/PowerSimulationsDynamics.jl/PowerSimulationsDynamics.jl/src/base/simulation.jl:296
┌ Info: 2023-06-27T05:51:27.332 [4410:1]: Simulations status = BUILT
└ @ PowerSimulationsDynamics /home/runner/work/PowerSimulationsDynamics.jl/PowerSimulationsDynamics.jl/src/base/simulation.jl:426
┌ Info: 2023-06-27T05:51:27.332 [4410:1]: 
│  ───────────────────────────────────────────────────────────────────────────────
│                                                      Time          Allocations  
│                                                ───────────────   ───────────────
│                 Total measured:                     16.5s            0.95GiB    
│ 
│  Section                               ncalls     time    %tot     alloc    %tot
│  ───────────────────────────────────────────────────────────────────────────────
│  Build Simulation                           1    16.5s  100.0%   0.95GiB  100.0%
│    Build Simulation Inputs                  1    3.31s   20.0%    162MiB   16.5%
│      Wrap Branches                          1   26.2μs    0.0%      240B    0.0%
│      Wrap Dynamic Injectors                 1    1.81s   11.0%   90.7MiB    9.3%
│      Calculate MM, DAE_vector, Tota...      1    105ms    0.6%   6.91MiB    0.7%
│      Wrap Static Injectors                  1    151ms    0.9%   5.33MiB    0.5%
│    Pre-initialization                       1    4.13s   25.0%    265MiB   27.1%
│      Power Flow solution                    1    1.58s    9.6%   48.3MiB    4.9%
│      Initialize Static Injectors            1    555ms    3.4%   28.8MiB    2.9%
│      Initialize Dynamic Injectors           1    2.00s   12.1%    188MiB   19.2%
│    Calculate Jacobian                       1    6.18s   37.4%    491MiB   50.3%
│    Make Model Function                      1   8.59ms    0.1%   95.3KiB    0.0%
│    Initial Condition NLsolve refine...      1    2.12s   12.8%   26.3MiB    2.7%
│    Build Perturbations                      1    302ms    1.8%   17.0MiB    1.7%
│    Make DiffEq Problem                      1    466ms    2.8%   15.7MiB    1.6%
│  ───────────────────────────────────────────────────────────────────────────────
│ 
└ @ PowerSimulationsDynamics /home/runner/work/PowerSimulationsDynamics.jl/PowerSimulationsDynamics.jl/src/base/simulation.jl:451
