┌ Info: 2022-09-07T20:42:15.049 [3067:1]: Validating connectivity with Goderya algorithm
└ @ PowerSystems /home/runner/.julia/packages/PowerSystems/DiHwt/src/utils/network_calculations/ybus_calculations.jl:318
┌ Info: 2022-09-07T20:42:15.126 [3067:1]: The System has no islands
└ @ PowerSystems /home/runner/.julia/packages/PowerSystems/DiHwt/src/utils/network_calculations/ybus_calculations.jl:264
┌ Info: 2022-09-07T20:42:16.826 [3067:1]: The reference Bus has a Source connected to it. The frequency reference model will change to ConstantFrequency
└ @ PowerSimulationsDynamics /home/runner/work/PowerSimulationsDynamics.jl/PowerSimulationsDynamics.jl/src/base/frequency_reference.jl:70
┌ Info: 2022-09-07T20:42:16.834 [3067:1]: Pre-Initializing Simulation States
└ @ PowerSimulationsDynamics /home/runner/work/PowerSimulationsDynamics.jl/PowerSimulationsDynamics.jl/src/base/simulation.jl:263
┌ Info: 2022-09-07T20:42:16.834 [3067:1]: Unit System changed to UnitSystem.SYSTEM_BASE = 0
└ @ PowerSystems /home/runner/.julia/packages/PowerSystems/DiHwt/src/base.jl:351
┌ Info: 2022-09-07T20:42:16.834 [3067:1]: Validating connectivity with Goderya algorithm
└ @ PowerSystems /home/runner/.julia/packages/PowerSystems/DiHwt/src/utils/network_calculations/ybus_calculations.jl:318
┌ Info: 2022-09-07T20:42:16.834 [3067:1]: The System has no islands
└ @ PowerSystems /home/runner/.julia/packages/PowerSystems/DiHwt/src/utils/network_calculations/ybus_calculations.jl:264
┌ Info: 2022-09-07T20:42:18.276 [3067:1]: PowerFlow solve converged, the results have been stored in the system
└ @ PowerFlows /home/runner/.julia/packages/PowerFlows/4i4mk/src/nlsolve_powerflow.jl:45
┌ Info: 2022-09-07T20:42:18.276 [3067:1]: Unit System changed to UnitSystem.DEVICE_BASE = 1
└ @ PowerSystems /home/runner/.julia/packages/PowerSystems/DiHwt/src/base.jl:351
┌ Info: 2022-09-07T20:42:45.434 [3067:1]: Residual from initial guess: max = 4.2092551666428335e-11 at 4, total = 9.411131735555515e-11
└ @ PowerSimulationsDynamics /home/runner/work/PowerSimulationsDynamics.jl/PowerSimulationsDynamics.jl/src/base/nlsolve_wrapper.jl:97
┌ Info: 2022-09-07T20:42:45.476 [3067:1]: Initialization non-linear solve succeeded with a tolerance of 1.0e-9 using solver trust_region. Saving solution.
└ @ PowerSimulationsDynamics /home/runner/work/PowerSimulationsDynamics.jl/PowerSimulationsDynamics.jl/src/base/nlsolve_wrapper.jl:65
┌ Info: 2022-09-07T20:42:45.476 [3067:1]: Attaching Perturbations
└ @ PowerSimulationsDynamics /home/runner/work/PowerSimulationsDynamics.jl/PowerSimulationsDynamics.jl/src/base/simulation.jl:296
┌ Info: 2022-09-07T20:42:46.163 [3067:1]: Simulations status = BUILT
└ @ PowerSimulationsDynamics /home/runner/work/PowerSimulationsDynamics.jl/PowerSimulationsDynamics.jl/src/base/simulation.jl:416
┌ Info: 2022-09-07T20:42:46.163 [3067:1]: 
│  ───────────────────────────────────────────────────────────────────────────────
│                                                      Time          Allocations  
│                                                ───────────────   ───────────────
│                 Total measured:                     33.2s            8.02GiB    
│ 
│  Section                               ncalls     time    %tot     alloc    %tot
│  ───────────────────────────────────────────────────────────────────────────────
│  Build Simulation                           1    33.2s  100.0%   8.02GiB  100.0%
│    Build Simulation Inputs                  1    3.88s   11.7%    205MiB    2.5%
│      Wrap Branches                          1   10.0μs    0.0%      176B    0.0%
│      Wrap Dynamic Injectors                 1    1.38s    4.1%    126MiB    1.5%
│      Calculate MM, DAE_vector, Tota...      1   82.5ms    0.2%   7.40MiB    0.1%
│      Wrap Static Injectors                  1    228ms    0.7%   5.30MiB    0.1%
│    Pre-initialization                       1    14.8s   44.6%   3.92GiB   48.8%
│      Power Flow solution                    1    1.44s    4.3%   72.7MiB    0.9%
│      Initialize Static Injectors            1    505ms    1.5%   53.4MiB    0.7%
│      Initialize Dynamic Injectors           1    12.9s   38.7%   3.79GiB   47.3%
│    Calculate Jacobian                       1    12.1s   36.6%   3.83GiB   47.8%
│    Make Model Function                      1   5.94ms    0.0%   2.62KiB    0.0%
│    Initial Condition NLsolve refine...      1    1.69s    5.1%   36.6MiB    0.4%
│    Build Perturbations                      1    248ms    0.7%   20.7MiB    0.3%
│    Make DiffEq Problem                      1    434ms    1.3%   17.2MiB    0.2%
│  ───────────────────────────────────────────────────────────────────────────────
│ 
└ @ PowerSimulationsDynamics /home/runner/work/PowerSimulationsDynamics.jl/PowerSimulationsDynamics.jl/src/base/simulation.jl:441
┌ Warning: 2022-09-07T20:43:25.621 [3067:1]: Unrecognized keyword arguments found. Future versions will error.
│ The only allowed keyword arguments to `solve` are:
│ (:dense, :saveat, :save_idxs, :tstops, :tspan, :d_discontinuities, :save_everystep, :save_on, :save_start, :save_end, :initialize_save, :adaptive, :abstol, :reltol, :dt, :dtmax, :dtmin, :force_dtmin, :internalnorm, :controller, :gamma, :beta1, :beta2, :qmax, :qmin, :qsteady_min, :qsteady_max, :qoldinit, :failfactor, :calck, :alias_u0, :maxiters, :callback, :isoutofdomain, :unstable_check, :verbose, :merge_callbacks, :progress, :progress_steps, :progress_name, :progress_message, :timeseries_errors, :dense_errors, :weak_timeseries_errors, :weak_dense_errors, :calculate_error, :initializealg, :alg, :save_noise, :delta, :seed, :alg_hints, :kwargshandle, :trajectories, :batch_size, :sensealg, :advance_to_tstop, :stop_at_next_tstop, :default_set, :second_time, :prob_choice, :alias_jump)
│ 
│ See https://diffeq.sciml.ai/stable/basics/common_solver_opts/ for more details.
│ 
│ Set kwargshandle=KeywordArgError for an error message.
│ Set kwargshandle=KeywordArgSilent to ignore this message.
└ @ DiffEqBase /home/runner/.julia/packages/DiffEqBase/iK5G7/src/solve.jl:858
