┌ Info: 2023-01-05T23:56:49.300 [3032:1]: Validating connectivity with Goderya algorithm
└ @ PowerSystems /home/runner/.julia/packages/PowerSystems/JjjYG/src/utils/network_calculations/ybus_calculations.jl:318
┌ Info: 2023-01-05T23:56:49.411 [3032:1]: The System has no islands
└ @ PowerSystems /home/runner/.julia/packages/PowerSystems/JjjYG/src/utils/network_calculations/ybus_calculations.jl:264
┌ Info: 2023-01-05T23:56:51.679 [3032:1]: The reference Bus has a Source connected to it. The frequency reference model will change to ConstantFrequency
└ @ PowerSimulationsDynamics /home/runner/work/PowerSimulationsDynamics.jl/PowerSimulationsDynamics.jl/src/base/frequency_reference.jl:70
┌ Info: 2023-01-05T23:56:51.690 [3032:1]: Pre-Initializing Simulation States
└ @ PowerSimulationsDynamics /home/runner/work/PowerSimulationsDynamics.jl/PowerSimulationsDynamics.jl/src/base/simulation.jl:264
┌ Info: 2023-01-05T23:56:51.690 [3032:1]: Unit System changed to UnitSystem.SYSTEM_BASE = 0
└ @ PowerSystems /home/runner/.julia/packages/PowerSystems/JjjYG/src/base.jl:351
┌ Info: 2023-01-05T23:56:51.695 [3032:1]: Validating connectivity with Goderya algorithm
└ @ PowerSystems /home/runner/.julia/packages/PowerSystems/JjjYG/src/utils/network_calculations/ybus_calculations.jl:318
┌ Info: 2023-01-05T23:56:51.695 [3032:1]: The System has no islands
└ @ PowerSystems /home/runner/.julia/packages/PowerSystems/JjjYG/src/utils/network_calculations/ybus_calculations.jl:264
┌ Info: 2023-01-05T23:56:53.619 [3032:1]: PowerFlow solve converged, the results have been stored in the system
└ @ PowerFlows /home/runner/.julia/packages/PowerFlows/bYChl/src/nlsolve_powerflow.jl:45
┌ Info: 2023-01-05T23:56:53.619 [3032:1]: Unit System changed to UnitSystem.DEVICE_BASE = 1
└ @ PowerSystems /home/runner/.julia/packages/PowerSystems/JjjYG/src/base.jl:351
┌ Info: 2023-01-05T23:57:05.341 [3032:1]: Residual from initial guess: max = 4.2092551666428335e-11 at 4, total = 9.411137286670638e-11
└ @ PowerSimulationsDynamics /home/runner/work/PowerSimulationsDynamics.jl/PowerSimulationsDynamics.jl/src/base/nlsolve_wrapper.jl:97
┌ Info: 2023-01-05T23:57:05.394 [3032:1]: Initialization non-linear solve succeeded with a tolerance of 1.0e-9 using solver trust_region. Saving solution.
└ @ PowerSimulationsDynamics /home/runner/work/PowerSimulationsDynamics.jl/PowerSimulationsDynamics.jl/src/base/nlsolve_wrapper.jl:65
┌ Info: 2023-01-05T23:57:05.394 [3032:1]: Attaching Perturbations
└ @ PowerSimulationsDynamics /home/runner/work/PowerSimulationsDynamics.jl/PowerSimulationsDynamics.jl/src/base/simulation.jl:295
┌ Info: 2023-01-05T23:57:06.361 [3032:1]: Simulations status = BUILT
└ @ PowerSimulationsDynamics /home/runner/work/PowerSimulationsDynamics.jl/PowerSimulationsDynamics.jl/src/base/simulation.jl:413
┌ Info: 2023-01-05T23:57:06.361 [3032:1]: 
│  ───────────────────────────────────────────────────────────────────────────────
│                                                      Time          Allocations  
│                                                ───────────────   ───────────────
│                 Total measured:                     18.7s            1.20GiB    
│ 
│  Section                               ncalls     time    %tot     alloc    %tot
│  ───────────────────────────────────────────────────────────────────────────────
│  Build Simulation                           1    18.7s  100.0%   1.20GiB  100.0%
│    Build Simulation Inputs                  1    4.06s   21.7%    182MiB   14.8%
│      Wrap Branches                          1   23.3μs    0.0%      240B    0.0%
│      Wrap Dynamic Injectors                 1    1.78s    9.5%    100MiB    8.1%
│      Calculate MM, DAE_vector, Tota...      1    111ms    0.6%   7.37MiB    0.6%
│      Wrap Static Injectors                  1    361ms    1.9%   7.10MiB    0.6%
│    Pre-initialization                       1    5.29s   28.3%    373MiB   30.2%
│      Power Flow solution                    1    1.97s   10.5%   79.0MiB    6.4%
│      Initialize Static Injectors            1    612ms    3.3%   49.0MiB    4.0%
│      Initialize Dynamic Injectors           1    2.71s   14.5%    245MiB   19.8%
│    Calculate Jacobian                       1    6.25s   33.4%    603MiB   48.9%
│    Make Model Function                      1   8.87ms    0.0%    131KiB    0.0%
│    Initial Condition NLsolve refine...      1    2.15s   11.5%   34.1MiB    2.8%
│    Build Perturbations                      1    392ms    2.1%   17.9MiB    1.4%
│    Make DiffEq Problem                      1    567ms    3.0%   23.0MiB    1.9%
│  ───────────────────────────────────────────────────────────────────────────────
│ 
└ @ PowerSimulationsDynamics /home/runner/work/PowerSimulationsDynamics.jl/PowerSimulationsDynamics.jl/src/base/simulation.jl:438
