┌ Info: 2023-08-30T17:09:07.344 [4421:1]: The reference Bus has a Source connected to it. The frequency reference model will change to ConstantFrequency
└ @ PowerSimulationsDynamics /home/runner/work/PowerSimulationsDynamics.jl/PowerSimulationsDynamics.jl/src/base/frequency_reference.jl:70
┌ Info: 2023-08-30T17:09:07.385 [4421:1]: Pre-Initializing Simulation States
└ @ PowerSimulationsDynamics /home/runner/work/PowerSimulationsDynamics.jl/PowerSimulationsDynamics.jl/src/base/simulation.jl:265
┌ Info: 2023-08-30T17:09:07.386 [4421:1]: Unit System changed to UnitSystem.SYSTEM_BASE = 0
└ @ PowerSystems /home/runner/.julia/packages/PowerSystems/9jm8v/src/base.jl:407
┌ Info: 2023-08-30T17:09:08.709 [4421:1]: PowerFlow solve converged, the results have been stored in the system
└ @ PowerFlows /home/runner/.julia/packages/PowerFlows/TDLGc/src/nlsolve_ac_powerflow.jl:45
┌ Info: 2023-08-30T17:09:08.710 [4421:1]: Unit System changed to UnitSystem.DEVICE_BASE = 1
└ @ PowerSystems /home/runner/.julia/packages/PowerSystems/9jm8v/src/base.jl:407
┌ Info: 2023-08-30T17:09:18.455 [4421:1]: Residual from initial guess: max = 4.212807880321634e-11 at 4, total = 5.4841867599494955e-11
└ @ PowerSimulationsDynamics /home/runner/work/PowerSimulationsDynamics.jl/PowerSimulationsDynamics.jl/src/base/nlsolve_wrapper.jl:101
┌ Info: 2023-08-30T17:09:18.481 [4421:1]: Initialization non-linear solve succeeded with a tolerance of 1.0e-9 using solver trust_region. Saving solution.
└ @ PowerSimulationsDynamics /home/runner/work/PowerSimulationsDynamics.jl/PowerSimulationsDynamics.jl/src/base/nlsolve_wrapper.jl:68
┌ Info: 2023-08-30T17:09:18.481 [4421:1]: Attaching Perturbations
└ @ PowerSimulationsDynamics /home/runner/work/PowerSimulationsDynamics.jl/PowerSimulationsDynamics.jl/src/base/simulation.jl:296
┌ Info: 2023-08-30T17:09:19.187 [4421:1]: Simulations status = BUILT
└ @ PowerSimulationsDynamics /home/runner/work/PowerSimulationsDynamics.jl/PowerSimulationsDynamics.jl/src/base/simulation.jl:428
┌ Info: 2023-08-30T17:09:19.187 [4421:1]: 
│  ───────────────────────────────────────────────────────────────────────────────
│                                                      Time          Allocations  
│                                                ───────────────   ───────────────
│                 Total measured:                     14.6s            0.96GiB    
│ 
│  Section                               ncalls     time    %tot     alloc    %tot
│  ───────────────────────────────────────────────────────────────────────────────
│  Build Simulation                           1    14.6s  100.0%   0.96GiB  100.0%
│    Build Simulation Inputs                  1    2.85s   19.4%    156MiB   15.9%
│      Wrap Branches                          1   24.2μs    0.0%      240B    0.0%
│      Wrap Dynamic Injectors                 1    1.56s   10.6%   88.8MiB    9.1%
│      Calculate MM, DAE_vector, Tota...      1   85.1ms    0.6%   7.07MiB    0.7%
│      Wrap Static Injectors                  1   83.5ms    0.6%   2.54MiB    0.3%
│    Pre-initialization                       1    3.82s   26.1%    269MiB   27.4%
│      Power Flow solution                    1    1.32s    9.0%   49.2MiB    5.0%
│      Initialize Static Injectors            1    483ms    3.3%   27.9MiB    2.8%
│      Initialize Dynamic Injectors           1    2.01s   13.7%    192MiB   19.6%
│    Calculate Jacobian                       1    5.39s   36.8%    496MiB   50.5%
│    Make Model Function                      1   8.51ms    0.1%   98.3KiB    0.0%
│    Initial Condition NLsolve refine...      1    1.88s   12.8%   26.7MiB    2.7%
│    Build Perturbations                      1    268ms    1.8%   16.7MiB    1.7%
│    Make DiffEq Problem                      1    430ms    2.9%   16.1MiB    1.6%
│  ───────────────────────────────────────────────────────────────────────────────
│ 
└ @ PowerSimulationsDynamics /home/runner/work/PowerSimulationsDynamics.jl/PowerSimulationsDynamics.jl/src/base/simulation.jl:453
