┌ Info: 2022-04-07T07:26:14.667 [2854:1]: Validating connectivity with Goderya algorithm
└ @ PowerSystems /home/runner/.julia/packages/PowerSystems/PPZ5R/src/utils/network_calculations/ybus_calculations.jl:308
┌ Info: 2022-04-07T07:26:14.937 [2854:1]: The System has no islands
└ @ PowerSystems /home/runner/.julia/packages/PowerSystems/PPZ5R/src/utils/network_calculations/ybus_calculations.jl:254
┌ Info: 2022-04-07T07:26:17.138 [2854:1]: The reference Bus has a Source connected to it. The frequency reference model will change to ConstantFrequency
└ @ PowerSimulationsDynamics /home/runner/work/PowerSimulationsDynamics.jl/PowerSimulationsDynamics.jl/src/base/frequency_reference.jl:70
┌ Info: 2022-04-07T07:26:17.152 [2854:1]: Pre-Initializing Simulation States
└ @ PowerSimulationsDynamics /home/runner/work/PowerSimulationsDynamics.jl/PowerSimulationsDynamics.jl/src/base/simulation.jl:263
┌ Info: 2022-04-07T07:26:17.152 [2854:1]: Unit System changed to UnitSystem.SYSTEM_BASE = 0
└ @ PowerSystems /home/runner/.julia/packages/PowerSystems/PPZ5R/src/base.jl:346
┌ Info: 2022-04-07T07:26:17.153 [2854:1]: Validating connectivity with Goderya algorithm
└ @ PowerSystems /home/runner/.julia/packages/PowerSystems/PPZ5R/src/utils/network_calculations/ybus_calculations.jl:308
┌ Info: 2022-04-07T07:26:17.153 [2854:1]: The System has no islands
└ @ PowerSystems /home/runner/.julia/packages/PowerSystems/PPZ5R/src/utils/network_calculations/ybus_calculations.jl:254
┌ Info: 2022-04-07T07:26:18.763 [2854:1]: PowerFlow solve converged, the results have been stored in the system
└ @ PowerFlows /home/runner/.julia/packages/PowerFlows/SXykU/src/nlsolve_powerflow.jl:45
┌ Info: 2022-04-07T07:26:18.763 [2854:1]: Unit System changed to UnitSystem.DEVICE_BASE = 1
└ @ PowerSystems /home/runner/.julia/packages/PowerSystems/PPZ5R/src/base.jl:346
┌ Info: 2022-04-07T07:26:31.806 [2854:1]: Residual from initial guess: max = 4.2092551666428335e-11 at 4, total = 9.411131735555515e-11
└ @ PowerSimulationsDynamics /home/runner/work/PowerSimulationsDynamics.jl/PowerSimulationsDynamics.jl/src/base/nlsolve_wrapper.jl:97
┌ Info: 2022-04-07T07:26:31.886 [2854:1]: Initialization non-linear solve succeeded with a tolerance of 1.0e-9 using solver trust_region. Saving solution.
└ @ PowerSimulationsDynamics /home/runner/work/PowerSimulationsDynamics.jl/PowerSimulationsDynamics.jl/src/base/nlsolve_wrapper.jl:65
┌ Info: 2022-04-07T07:26:31.886 [2854:1]: Attaching Perturbations
└ @ PowerSimulationsDynamics /home/runner/work/PowerSimulationsDynamics.jl/PowerSimulationsDynamics.jl/src/base/simulation.jl:286
┌ Info: 2022-04-07T07:26:32.585 [2854:1]: Simulations status = BUILT
└ @ PowerSimulationsDynamics /home/runner/work/PowerSimulationsDynamics.jl/PowerSimulationsDynamics.jl/src/base/simulation.jl:405
