┌ Info: 2024-03-27T15:50:16.836 [5323:1]: The reference Bus has a Source connected to it. The frequency reference model will change to ConstantFrequency
└ @ PowerSimulationsDynamics /home/runner/work/PowerSimulationsDynamics.jl/PowerSimulationsDynamics.jl/src/base/frequency_reference.jl:70
┌ Info: 2024-03-27T15:50:16.863 [5323:1]: Pre-Initializing Simulation States
└ @ PowerSimulationsDynamics /home/runner/work/PowerSimulationsDynamics.jl/PowerSimulationsDynamics.jl/src/base/simulation.jl:265
┌ Info: 2024-03-27T15:50:16.863 [5323:1]: Unit System changed to UnitSystem.SYSTEM_BASE = 0
└ @ PowerSystems /home/runner/.julia/packages/PowerSystems/xh3fM/src/base.jl:395
┌ Info: 2024-03-27T15:50:18.498 [5323:1]: PowerFlow solve converged, the results have been stored in the system
└ @ PowerFlows /home/runner/.julia/packages/PowerFlows/6nw6s/src/nlsolve_ac_powerflow.jl:47
┌ Info: 2024-03-27T15:50:18.498 [5323:1]: Unit System changed to UnitSystem.DEVICE_BASE = 1
└ @ PowerSystems /home/runner/.julia/packages/PowerSystems/xh3fM/src/base.jl:395
┌ Info: 2024-03-27T15:50:30.836 [5323:1]: Residual from initial guess: max = 4.212807880321634e-11 at 4, total = 5.4841923110646186e-11
└ @ PowerSimulationsDynamics /home/runner/work/PowerSimulationsDynamics.jl/PowerSimulationsDynamics.jl/src/base/nlsolve_wrapper.jl:101
┌ Info: 2024-03-27T15:50:30.874 [5323:1]: Initialization non-linear solve succeeded with a tolerance of 1.0e-9 using solver trust_region. Saving solution.
└ @ PowerSimulationsDynamics /home/runner/work/PowerSimulationsDynamics.jl/PowerSimulationsDynamics.jl/src/base/nlsolve_wrapper.jl:68
┌ Info: 2024-03-27T15:50:30.874 [5323:1]: Attaching Perturbations
└ @ PowerSimulationsDynamics /home/runner/work/PowerSimulationsDynamics.jl/PowerSimulationsDynamics.jl/src/base/simulation.jl:296
┌ Info: 2024-03-27T15:50:31.360 [5323:1]: Simulations status = BUILT
└ @ PowerSimulationsDynamics /home/runner/work/PowerSimulationsDynamics.jl/PowerSimulationsDynamics.jl/src/base/simulation.jl:428
┌ Info: 2024-03-27T15:50:31.360 [5323:1]: 
│  ───────────────────────────────────────────────────────────────────────────────
│                                                      Time          Allocations  
│                                                ───────────────   ───────────────
│                 Total measured:                     16.4s             824MiB    
│ 
│  Section                               ncalls     time    %tot     alloc    %tot
│  ───────────────────────────────────────────────────────────────────────────────
│  Build Simulation                           1    16.4s  100.0%    824MiB  100.0%
│    Build Simulation Inputs                  1    1.88s   11.5%    127MiB   15.4%
│      Wrap Branches                          1   9.74μs    0.0%      208B    0.0%
│      Wrap Dynamic Injectors                 1    1.03s    6.3%   80.2MiB    9.7%
│      Calculate MM, DAE_vector, Tota...      1   69.2ms    0.4%   6.28MiB    0.8%
│      Wrap Static Injectors                  1   55.8ms    0.3%   1.63MiB    0.2%
│    Pre-initialization                       1    4.68s   28.6%    241MiB   29.3%
│      Power Flow solution                    1    1.67s   10.2%   41.5MiB    5.0%
│      Initialize Static Injectors            1    2.12s   13.0%   27.5MiB    3.3%
│      Initialize Dynamic Injectors           1    886ms    5.4%    172MiB   20.9%
│    Calculate Jacobian                       1    4.50s   27.5%    398MiB   48.3%
│    Make Model Function                      1   5.62ms    0.0%    122KiB    0.0%
│    Initial Condition NLsolve refine...      1    4.82s   29.4%   29.9MiB    3.6%
│    Build Perturbations                      1    211ms    1.3%   13.4MiB    1.6%
│    Make DiffEq Problem                      1    270ms    1.6%   14.0MiB    1.7%
│  ───────────────────────────────────────────────────────────────────────────────
│ 
└ @ PowerSimulationsDynamics /home/runner/work/PowerSimulationsDynamics.jl/PowerSimulationsDynamics.jl/src/base/simulation.jl:453
