┌ Info: 2023-06-26T23:45:51.621 [4459:1]: The reference Bus has a Source connected to it. The frequency reference model will change to ConstantFrequency
└ @ PowerSimulationsDynamics /home/runner/work/PowerSimulationsDynamics.jl/PowerSimulationsDynamics.jl/src/base/frequency_reference.jl:70
┌ Info: 2023-06-26T23:45:51.708 [4459:1]: Pre-Initializing Simulation States
└ @ PowerSimulationsDynamics /home/runner/work/PowerSimulationsDynamics.jl/PowerSimulationsDynamics.jl/src/base/simulation.jl:265
┌ Info: 2023-06-26T23:45:51.708 [4459:1]: Unit System changed to UnitSystem.SYSTEM_BASE = 0
└ @ PowerSystems /home/runner/.julia/packages/PowerSystems/qRmML/src/base.jl:407
┌ Info: 2023-06-26T23:45:53.003 [4459:1]: PowerFlow solve converged, the results have been stored in the system
└ @ PowerFlows /home/runner/.julia/packages/PowerFlows/TDLGc/src/nlsolve_ac_powerflow.jl:45
┌ Info: 2023-06-26T23:45:53.003 [4459:1]: Unit System changed to UnitSystem.DEVICE_BASE = 1
└ @ PowerSystems /home/runner/.julia/packages/PowerSystems/qRmML/src/base.jl:407
┌ Info: 2023-06-26T23:46:02.202 [4459:1]: Residual from initial guess: max = 4.212807880321634e-11 at 4, total = 5.4841867599494955e-11
└ @ PowerSimulationsDynamics /home/runner/work/PowerSimulationsDynamics.jl/PowerSimulationsDynamics.jl/src/base/nlsolve_wrapper.jl:101
┌ Info: 2023-06-26T23:46:02.228 [4459:1]: Initialization non-linear solve succeeded with a tolerance of 1.0e-9 using solver trust_region. Saving solution.
└ @ PowerSimulationsDynamics /home/runner/work/PowerSimulationsDynamics.jl/PowerSimulationsDynamics.jl/src/base/nlsolve_wrapper.jl:68
┌ Info: 2023-06-26T23:46:02.228 [4459:1]: Attaching Perturbations
└ @ PowerSimulationsDynamics /home/runner/work/PowerSimulationsDynamics.jl/PowerSimulationsDynamics.jl/src/base/simulation.jl:296
┌ Info: 2023-06-26T23:46:02.904 [4459:1]: Simulations status = BUILT
└ @ PowerSimulationsDynamics /home/runner/work/PowerSimulationsDynamics.jl/PowerSimulationsDynamics.jl/src/base/simulation.jl:426
┌ Info: 2023-06-26T23:46:02.904 [4459:1]: 
│  ───────────────────────────────────────────────────────────────────────────────
│                                                      Time          Allocations  
│                                                ───────────────   ───────────────
│                 Total measured:                     14.0s            0.95GiB    
│ 
│  Section                               ncalls     time    %tot     alloc    %tot
│  ───────────────────────────────────────────────────────────────────────────────
│  Build Simulation                           1    14.0s  100.0%   0.95GiB  100.0%
│    Build Simulation Inputs                  1    2.84s   20.2%    159MiB   16.3%
│      Wrap Branches                          1   12.0μs    0.0%      240B    0.0%
│      Wrap Dynamic Injectors                 1    1.58s   11.2%   87.5MiB    9.0%
│      Calculate MM, DAE_vector, Tota...      1   86.3ms    0.6%   6.91MiB    0.7%
│      Wrap Static Injectors                  1    167ms    1.2%   5.33MiB    0.5%
│    Pre-initialization                       1    3.52s   25.1%    265MiB   27.2%
│      Power Flow solution                    1    1.29s    9.2%   48.3MiB    5.0%
│      Initialize Static Injectors            1    445ms    3.2%   28.7MiB    2.9%
│      Initialize Dynamic Injectors           1    1.78s   12.7%    188MiB   19.3%
│    Calculate Jacobian                       1    5.19s   37.0%    491MiB   50.5%
│    Make Model Function                      1   8.46ms    0.1%   95.3KiB    0.0%
│    Initial Condition NLsolve refine...      1    1.81s   12.9%   26.3MiB    2.7%
│    Build Perturbations                      1    305ms    2.2%   17.0MiB    1.7%
│    Make DiffEq Problem                      1    363ms    2.6%   15.7MiB    1.6%
│  ───────────────────────────────────────────────────────────────────────────────
│ 
└ @ PowerSimulationsDynamics /home/runner/work/PowerSimulationsDynamics.jl/PowerSimulationsDynamics.jl/src/base/simulation.jl:451
