┌ Info: 2021-05-12T00:19:06.072 [2790:1]: Unit System changed to UnitSystem.DEVICE_BASE = 1
└ @ PowerSystems /home/runner/.julia/packages/PowerSystems/hp653/src/base.jl:324
┌ Info: 2021-05-12T00:19:06.525 [2790:1]: Validating connectivity with Goderya algorithm
└ @ PowerSystems /home/runner/.julia/packages/PowerSystems/hp653/src/utils/network_calculations/ybus_calculations.jl:296
┌ Info: 2021-05-12T00:19:06.655 [2790:1]: The System has no islands
└ @ PowerSystems /home/runner/.julia/packages/PowerSystems/hp653/src/utils/network_calculations/ybus_calculations.jl:242
┌ Debug: 2021-05-12T00:19:06.655 [2790:1]: System doesn't contain Dynamic Branches
└ @ PowerSimulationsDynamics /home/runner/work/PowerSimulationsDynamics.jl/PowerSimulationsDynamics.jl/src/base/simulation_inputs.jl:145
┌ Debug: 2021-05-12T00:19:06.964 [2790:1]: generator-102-1
└ @ PowerSimulationsDynamics /home/runner/work/PowerSimulationsDynamics.jl/PowerSimulationsDynamics.jl/src/base/simulation_inputs.jl:174
┌ Debug: 2021-05-12T00:19:09.067 [2790:1]: 2
└ @ PowerSimulationsDynamics /home/runner/work/PowerSimulationsDynamics.jl/PowerSimulationsDynamics.jl/src/base/simulation_inputs.jl:205
┌ Debug: 2021-05-12T00:19:09.129 [2790:1]: Simulation Inputs Created
└ @ PowerSimulationsDynamics /home/runner/work/PowerSimulationsDynamics.jl/PowerSimulationsDynamics.jl/src/base/simulation.jl:171
┌ Info: 2021-05-12T00:19:09.129 [2790:1]: Initializing Simulation States
└ @ PowerSimulationsDynamics /home/runner/work/PowerSimulationsDynamics.jl/PowerSimulationsDynamics.jl/src/base/simulation.jl:181
┌ Debug: 2021-05-12T00:19:09.129 [2790:1]: Auxiliary Arrays created with Type Float64
└ @ PowerSimulationsDynamics /home/runner/work/PowerSimulationsDynamics.jl/PowerSimulationsDynamics.jl/src/base/simulation.jl:209
┌ Debug: 2021-05-12T00:19:09.129 [2790:1]: Start state intialization routine
└ @ PowerSimulationsDynamics /home/runner/work/PowerSimulationsDynamics.jl/PowerSimulationsDynamics.jl/src/base/simulation_initialization.jl:2
┌ Info: 2021-05-12T00:19:09.129 [2790:1]: Unit System changed to UnitSystem.SYSTEM_BASE = 0
└ @ PowerSystems /home/runner/.julia/packages/PowerSystems/hp653/src/base.jl:324
┌ Info: 2021-05-12T00:19:09.129 [2790:1]: Validating connectivity with Goderya algorithm
└ @ PowerSystems /home/runner/.julia/packages/PowerSystems/hp653/src/utils/network_calculations/ybus_calculations.jl:296
┌ Info: 2021-05-12T00:19:09.129 [2790:1]: The System has no islands
└ @ PowerSystems /home/runner/.julia/packages/PowerSystems/hp653/src/utils/network_calculations/ybus_calculations.jl:242
┌ Info: 2021-05-12T00:19:11.286 [2790:1]: PowerFlow solve converged, the results have been stored in the system
└ @ PowerSystems /home/runner/.julia/packages/PowerSystems/hp653/src/utils/power_flow.jl:307
┌ Info: 2021-05-12T00:19:11.286 [2790:1]: Unit System changed to UnitSystem.DEVICE_BASE = 1
└ @ PowerSystems /home/runner/.julia/packages/PowerSystems/hp653/src/base.jl:330
┌ Debug: 2021-05-12T00:19:11.286 [2790:1]: Setting up initilization indexing
└ @ PowerSimulationsDynamics /home/runner/work/PowerSimulationsDynamics.jl/PowerSimulationsDynamics.jl/src/base/simulation_initialization.jl:13
┌ Debug: 2021-05-12T00:19:11.286 [2790:1]: Updating Voltage guess
└ @ PowerSimulationsDynamics /home/runner/work/PowerSimulationsDynamics.jl/PowerSimulationsDynamics.jl/src/base/simulation_initialization.jl:22
┌ Debug: 2021-05-12T00:19:11.286 [2790:1]: BUS 1
└ @ PowerSimulationsDynamics /home/runner/work/PowerSimulationsDynamics.jl/PowerSimulationsDynamics.jl/src/base/simulation_initialization.jl:24
┌ Debug: 2021-05-12T00:19:11.367 [2790:1]: V_r
│   PSY.get_magnitude(bus) * cos(PSY.get_angle(bus)) = 1.05
└ @ PowerSimulationsDynamics /home/runner/work/PowerSimulationsDynamics.jl/PowerSimulationsDynamics.jl/src/base/simulation_initialization.jl:25
┌ Debug: 2021-05-12T00:19:11.493 [2790:1]: V_i
│   PSY.get_magnitude(bus) * sin(PSY.get_angle(bus)) = 0.0
└ @ PowerSimulationsDynamics /home/runner/work/PowerSimulationsDynamics.jl/PowerSimulationsDynamics.jl/src/base/simulation_initialization.jl:26
┌ Debug: 2021-05-12T00:19:11.522 [2790:1]: BUS 2
└ @ PowerSimulationsDynamics /home/runner/work/PowerSimulationsDynamics.jl/PowerSimulationsDynamics.jl/src/base/simulation_initialization.jl:24
┌ Debug: 2021-05-12T00:19:11.522 [2790:1]: V_r
│   PSY.get_magnitude(bus) * cos(PSY.get_angle(bus)) = 1.039727418725999
└ @ PowerSimulationsDynamics /home/runner/work/PowerSimulationsDynamics.jl/PowerSimulationsDynamics.jl/src/base/simulation_initialization.jl:25
┌ Debug: 2021-05-12T00:19:11.522 [2790:1]: V_i
│   PSY.get_magnitude(bus) * sin(PSY.get_angle(bus)) = 0.023809551641536846
└ @ PowerSimulationsDynamics /home/runner/work/PowerSimulationsDynamics.jl/PowerSimulationsDynamics.jl/src/base/simulation_initialization.jl:26
┌ Debug: 2021-05-12T00:19:11.522 [2790:1]: Updating Source internal voltages
└ @ PowerSimulationsDynamics /home/runner/work/PowerSimulationsDynamics.jl/PowerSimulationsDynamics.jl/src/base/simulation_initialization.jl:33
┌ Debug: 2021-05-12T00:19:14.421 [2790:1]: Updating Dynamic Injection Component Initial Guess
└ @ PowerSimulationsDynamics /home/runner/work/PowerSimulationsDynamics.jl/PowerSimulationsDynamics.jl/src/base/simulation_initialization.jl:41
┌ Debug: 2021-05-12T00:19:14.520 [2790:1]: generator-102-1
│   typeof(d) = ThermalStandard
│   typeof(dynamic_device) = DynamicGenerator{BaseMachine, SingleMass, AVRFixed, TGFixed, PSSFixed}
└ @ PowerSimulationsDynamics /home/runner/work/PowerSimulationsDynamics.jl/PowerSimulationsDynamics.jl/src/base/simulation_initialization.jl:44
┌ Debug: 2021-05-12T00:19:15.801 [2790:1]: Updating Component Initial Guess
└ @ PowerSimulationsDynamics /home/runner/work/PowerSimulationsDynamics.jl/PowerSimulationsDynamics.jl/src/base/simulation_initialization.jl:56
┌ Debug: 2021-05-12T00:19:15.801 [2790:1]: No Dynamic Branches in the system
└ @ PowerSimulationsDynamics /home/runner/work/PowerSimulationsDynamics.jl/PowerSimulationsDynamics.jl/src/base/simulation_initialization.jl:74
┌ Debug: 2021-05-12T00:19:15.801 [2790:1]: Start NLSolve System Run
└ @ PowerSimulationsDynamics /home/runner/work/PowerSimulationsDynamics.jl/PowerSimulationsDynamics.jl/src/base/simulation_initialization.jl:101
┌ Debug: 2021-05-12T00:19:16.021 [2790:1]: [1.05, 1.039727418725999, 0.0, 0.023809551641536846, 0.539920981973487, 1.0]
└ @ PowerSimulationsDynamics /home/runner/work/PowerSimulationsDynamics.jl/PowerSimulationsDynamics.jl/src/base/simulation_initialization.jl:102
┌ Debug: 2021-05-12T00:19:18.786 [2790:1]: Write result to initial guess vector
└ @ PowerSimulationsDynamics /home/runner/work/PowerSimulationsDynamics.jl/PowerSimulationsDynamics.jl/src/base/simulation_initialization.jl:138
┌ Info: 2021-05-12T00:19:18.786 [2790:1]: Attaching Perturbations
└ @ PowerSimulationsDynamics /home/runner/work/PowerSimulationsDynamics.jl/PowerSimulationsDynamics.jl/src/base/simulation.jl:221
┌ Debug: 2021-05-12T00:19:19.051 [2790:1]: BranchTrip(1.0, "BUS 1-BUS 2-i_1")
└ @ PowerSimulationsDynamics /home/runner/work/PowerSimulationsDynamics.jl/PowerSimulationsDynamics.jl/src/base/simulation.jl:232
┌ Debug: 2021-05-12T00:19:19.347 [2790:1]: Auxiliary Arrays created with Type Float64
└ @ PowerSimulationsDynamics /home/runner/work/PowerSimulationsDynamics.jl/PowerSimulationsDynamics.jl/src/base/simulation.jl:209
┌ Info: 2021-05-12T00:19:19.752 [2790:1]: Completed Build Successfully. Simulations status = BUILT
└ @ PowerSimulationsDynamics /home/runner/work/PowerSimulationsDynamics.jl/PowerSimulationsDynamics.jl/src/base/simulation.jl:204
┌ Info: 2021-05-12T00:19:50.741 [2790:1]: Unit System changed to UnitSystem.DEVICE_BASE = 1
└ @ PowerSystems /home/runner/.julia/packages/PowerSystems/hp653/src/base.jl:324
┌ Info: 2021-05-12T00:19:50.741 [2790:1]: Validating connectivity with Goderya algorithm
└ @ PowerSystems /home/runner/.julia/packages/PowerSystems/hp653/src/utils/network_calculations/ybus_calculations.jl:296
┌ Info: 2021-05-12T00:19:50.741 [2790:1]: The System has no islands
└ @ PowerSystems /home/runner/.julia/packages/PowerSystems/hp653/src/utils/network_calculations/ybus_calculations.jl:242
┌ Debug: 2021-05-12T00:19:50.741 [2790:1]: System doesn't contain Dynamic Branches
└ @ PowerSimulationsDynamics /home/runner/work/PowerSimulationsDynamics.jl/PowerSimulationsDynamics.jl/src/base/simulation_inputs.jl:145
┌ Debug: 2021-05-12T00:19:50.741 [2790:1]: generator-102-1
└ @ PowerSimulationsDynamics /home/runner/work/PowerSimulationsDynamics.jl/PowerSimulationsDynamics.jl/src/base/simulation_inputs.jl:174
┌ Debug: 2021-05-12T00:19:50.741 [2790:1]: 2
└ @ PowerSimulationsDynamics /home/runner/work/PowerSimulationsDynamics.jl/PowerSimulationsDynamics.jl/src/base/simulation_inputs.jl:205
┌ Debug: 2021-05-12T00:19:50.741 [2790:1]: Simulation Inputs Created
└ @ PowerSimulationsDynamics /home/runner/work/PowerSimulationsDynamics.jl/PowerSimulationsDynamics.jl/src/base/simulation.jl:171
┌ Info: 2021-05-12T00:19:50.741 [2790:1]: Initializing Simulation States
└ @ PowerSimulationsDynamics /home/runner/work/PowerSimulationsDynamics.jl/PowerSimulationsDynamics.jl/src/base/simulation.jl:181
┌ Debug: 2021-05-12T00:19:50.742 [2790:1]: Auxiliary Arrays created with Type Float64
└ @ PowerSimulationsDynamics /home/runner/work/PowerSimulationsDynamics.jl/PowerSimulationsDynamics.jl/src/base/simulation.jl:209
┌ Debug: 2021-05-12T00:19:50.742 [2790:1]: Start state intialization routine
└ @ PowerSimulationsDynamics /home/runner/work/PowerSimulationsDynamics.jl/PowerSimulationsDynamics.jl/src/base/simulation_initialization.jl:2
┌ Info: 2021-05-12T00:19:50.742 [2790:1]: Unit System changed to UnitSystem.SYSTEM_BASE = 0
└ @ PowerSystems /home/runner/.julia/packages/PowerSystems/hp653/src/base.jl:324
┌ Info: 2021-05-12T00:19:50.742 [2790:1]: Validating connectivity with Goderya algorithm
└ @ PowerSystems /home/runner/.julia/packages/PowerSystems/hp653/src/utils/network_calculations/ybus_calculations.jl:296
┌ Info: 2021-05-12T00:19:50.742 [2790:1]: The System has no islands
└ @ PowerSystems /home/runner/.julia/packages/PowerSystems/hp653/src/utils/network_calculations/ybus_calculations.jl:242
┌ Info: 2021-05-12T00:19:50.742 [2790:1]: PowerFlow solve converged, the results have been stored in the system
└ @ PowerSystems /home/runner/.julia/packages/PowerSystems/hp653/src/utils/power_flow.jl:307
┌ Info: 2021-05-12T00:19:50.742 [2790:1]: Unit System changed to UnitSystem.DEVICE_BASE = 1
└ @ PowerSystems /home/runner/.julia/packages/PowerSystems/hp653/src/base.jl:330
┌ Debug: 2021-05-12T00:19:50.742 [2790:1]: Setting up initilization indexing
└ @ PowerSimulationsDynamics /home/runner/work/PowerSimulationsDynamics.jl/PowerSimulationsDynamics.jl/src/base/simulation_initialization.jl:13
┌ Debug: 2021-05-12T00:19:50.742 [2790:1]: Updating Voltage guess
└ @ PowerSimulationsDynamics /home/runner/work/PowerSimulationsDynamics.jl/PowerSimulationsDynamics.jl/src/base/simulation_initialization.jl:22
┌ Debug: 2021-05-12T00:19:50.742 [2790:1]: BUS 1
└ @ PowerSimulationsDynamics /home/runner/work/PowerSimulationsDynamics.jl/PowerSimulationsDynamics.jl/src/base/simulation_initialization.jl:24
┌ Debug: 2021-05-12T00:19:50.742 [2790:1]: V_r
│   PSY.get_magnitude(bus) * cos(PSY.get_angle(bus)) = 1.05
└ @ PowerSimulationsDynamics /home/runner/work/PowerSimulationsDynamics.jl/PowerSimulationsDynamics.jl/src/base/simulation_initialization.jl:25
┌ Debug: 2021-05-12T00:19:50.742 [2790:1]: V_i
│   PSY.get_magnitude(bus) * sin(PSY.get_angle(bus)) = 0.0
└ @ PowerSimulationsDynamics /home/runner/work/PowerSimulationsDynamics.jl/PowerSimulationsDynamics.jl/src/base/simulation_initialization.jl:26
┌ Debug: 2021-05-12T00:19:50.742 [2790:1]: BUS 2
└ @ PowerSimulationsDynamics /home/runner/work/PowerSimulationsDynamics.jl/PowerSimulationsDynamics.jl/src/base/simulation_initialization.jl:24
┌ Debug: 2021-05-12T00:19:50.742 [2790:1]: V_r
│   PSY.get_magnitude(bus) * cos(PSY.get_angle(bus)) = 1.039727418725999
└ @ PowerSimulationsDynamics /home/runner/work/PowerSimulationsDynamics.jl/PowerSimulationsDynamics.jl/src/base/simulation_initialization.jl:25
┌ Debug: 2021-05-12T00:19:50.742 [2790:1]: V_i
│   PSY.get_magnitude(bus) * sin(PSY.get_angle(bus)) = 0.023809551641536846
└ @ PowerSimulationsDynamics /home/runner/work/PowerSimulationsDynamics.jl/PowerSimulationsDynamics.jl/src/base/simulation_initialization.jl:26
┌ Debug: 2021-05-12T00:19:50.742 [2790:1]: Updating Source internal voltages
└ @ PowerSimulationsDynamics /home/runner/work/PowerSimulationsDynamics.jl/PowerSimulationsDynamics.jl/src/base/simulation_initialization.jl:33
┌ Debug: 2021-05-12T00:19:50.742 [2790:1]: Updating Dynamic Injection Component Initial Guess
└ @ PowerSimulationsDynamics /home/runner/work/PowerSimulationsDynamics.jl/PowerSimulationsDynamics.jl/src/base/simulation_initialization.jl:41
┌ Debug: 2021-05-12T00:19:50.742 [2790:1]: generator-102-1
│   typeof(d) = ThermalStandard
│   typeof(dynamic_device) = DynamicGenerator{BaseMachine, SingleMass, AVRFixed, TGFixed, PSSFixed}
└ @ PowerSimulationsDynamics /home/runner/work/PowerSimulationsDynamics.jl/PowerSimulationsDynamics.jl/src/base/simulation_initialization.jl:44
┌ Debug: 2021-05-12T00:19:50.743 [2790:1]: Updating Component Initial Guess
└ @ PowerSimulationsDynamics /home/runner/work/PowerSimulationsDynamics.jl/PowerSimulationsDynamics.jl/src/base/simulation_initialization.jl:56
┌ Debug: 2021-05-12T00:19:50.744 [2790:1]: No Dynamic Branches in the system
└ @ PowerSimulationsDynamics /home/runner/work/PowerSimulationsDynamics.jl/PowerSimulationsDynamics.jl/src/base/simulation_initialization.jl:74
┌ Debug: 2021-05-12T00:19:50.744 [2790:1]: Start NLSolve System Run
└ @ PowerSimulationsDynamics /home/runner/work/PowerSimulationsDynamics.jl/PowerSimulationsDynamics.jl/src/base/simulation_initialization.jl:101
┌ Debug: 2021-05-12T00:19:50.744 [2790:1]: [1.05, 1.039727418725999, 0.0, 0.023809551641536846, 0.539920981973487, 1.0]
└ @ PowerSimulationsDynamics /home/runner/work/PowerSimulationsDynamics.jl/PowerSimulationsDynamics.jl/src/base/simulation_initialization.jl:102
┌ Debug: 2021-05-12T00:19:50.744 [2790:1]: Write result to initial guess vector
└ @ PowerSimulationsDynamics /home/runner/work/PowerSimulationsDynamics.jl/PowerSimulationsDynamics.jl/src/base/simulation_initialization.jl:138
┌ Info: 2021-05-12T00:19:50.744 [2790:1]: Attaching Perturbations
└ @ PowerSimulationsDynamics /home/runner/work/PowerSimulationsDynamics.jl/PowerSimulationsDynamics.jl/src/base/simulation.jl:221
┌ Debug: 2021-05-12T00:19:50.744 [2790:1]: BranchTrip(1.0, "BUS 1-BUS 2-i_1")
└ @ PowerSimulationsDynamics /home/runner/work/PowerSimulationsDynamics.jl/PowerSimulationsDynamics.jl/src/base/simulation.jl:232
┌ Debug: 2021-05-12T00:19:50.744 [2790:1]: Auxiliary Arrays created with Type Float64
└ @ PowerSimulationsDynamics /home/runner/work/PowerSimulationsDynamics.jl/PowerSimulationsDynamics.jl/src/base/simulation.jl:209
┌ Info: 2021-05-12T00:19:50.745 [2790:1]: Completed Build Successfully. Simulations status = BUILT
└ @ PowerSimulationsDynamics /home/runner/work/PowerSimulationsDynamics.jl/PowerSimulationsDynamics.jl/src/base/simulation.jl:204
