┌ Info: 2022-09-08T03:44:13.002 [3077:1]: Validating connectivity with Goderya algorithm
└ @ PowerSystems /home/runner/.julia/packages/PowerSystems/DiHwt/src/utils/network_calculations/ybus_calculations.jl:318
┌ Info: 2022-09-08T03:44:13.084 [3077:1]: The System has no islands
└ @ PowerSystems /home/runner/.julia/packages/PowerSystems/DiHwt/src/utils/network_calculations/ybus_calculations.jl:264
┌ Info: 2022-09-08T03:44:14.985 [3077:1]: The reference Bus has a Source connected to it. The frequency reference model will change to ConstantFrequency
└ @ PowerSimulationsDynamics /home/runner/work/PowerSimulationsDynamics.jl/PowerSimulationsDynamics.jl/src/base/frequency_reference.jl:70
┌ Info: 2022-09-08T03:44:14.993 [3077:1]: Pre-Initializing Simulation States
└ @ PowerSimulationsDynamics /home/runner/work/PowerSimulationsDynamics.jl/PowerSimulationsDynamics.jl/src/base/simulation.jl:266
┌ Info: 2022-09-08T03:44:14.993 [3077:1]: Unit System changed to UnitSystem.SYSTEM_BASE = 0
└ @ PowerSystems /home/runner/.julia/packages/PowerSystems/DiHwt/src/base.jl:351
┌ Info: 2022-09-08T03:44:14.993 [3077:1]: Validating connectivity with Goderya algorithm
└ @ PowerSystems /home/runner/.julia/packages/PowerSystems/DiHwt/src/utils/network_calculations/ybus_calculations.jl:318
┌ Info: 2022-09-08T03:44:14.993 [3077:1]: The System has no islands
└ @ PowerSystems /home/runner/.julia/packages/PowerSystems/DiHwt/src/utils/network_calculations/ybus_calculations.jl:264
┌ Info: 2022-09-08T03:44:16.358 [3077:1]: PowerFlow solve converged, the results have been stored in the system
└ @ PowerFlows /home/runner/.julia/packages/PowerFlows/4i4mk/src/nlsolve_powerflow.jl:45
┌ Info: 2022-09-08T03:44:16.358 [3077:1]: Unit System changed to UnitSystem.DEVICE_BASE = 1
└ @ PowerSystems /home/runner/.julia/packages/PowerSystems/DiHwt/src/base.jl:351
┌ Info: 2022-09-08T03:44:44.745 [3077:1]: Residual from initial guess: max = 4.2092551666428335e-11 at 4, total = 9.411131735555515e-11
└ @ PowerSimulationsDynamics /home/runner/work/PowerSimulationsDynamics.jl/PowerSimulationsDynamics.jl/src/base/nlsolve_wrapper.jl:100
┌ Info: 2022-09-08T03:44:44.768 [3077:1]: Initialization non-linear solve succeeded with a tolerance of 1.0e-9 using solver trust_region. Saving solution.
└ @ PowerSimulationsDynamics /home/runner/work/PowerSimulationsDynamics.jl/PowerSimulationsDynamics.jl/src/base/nlsolve_wrapper.jl:68
┌ Info: 2022-09-08T03:44:44.768 [3077:1]: Attaching Perturbations
└ @ PowerSimulationsDynamics /home/runner/work/PowerSimulationsDynamics.jl/PowerSimulationsDynamics.jl/src/base/simulation.jl:297
┌ Info: 2022-09-08T03:44:45.472 [3077:1]: Simulations status = BUILT
└ @ PowerSimulationsDynamics /home/runner/work/PowerSimulationsDynamics.jl/PowerSimulationsDynamics.jl/src/base/simulation.jl:415
┌ Info: 2022-09-08T03:44:45.472 [3077:1]: 
│  ───────────────────────────────────────────────────────────────────────────────
│                                                      Time          Allocations  
│                                                ───────────────   ───────────────
│                 Total measured:                     33.2s            8.43GiB    
│ 
│  Section                               ncalls     time    %tot     alloc    %tot
│  ───────────────────────────────────────────────────────────────────────────────
│  Build Simulation                           1    33.2s  100.0%   8.43GiB  100.0%
│    Build Simulation Inputs                  1    2.69s    8.1%    205MiB    2.4%
│      Wrap Branches                          1   9.00μs    0.0%      176B    0.0%
│      Wrap Dynamic Injectors                 1    1.56s    4.7%    127MiB    1.5%
│      Calculate MM, DAE_vector, Tota...      1   84.6ms    0.3%   7.40MiB    0.1%
│      Wrap Static Injectors                  1    241ms    0.7%   5.30MiB    0.1%
│    Pre-initialization                       1    15.8s   47.7%   4.30GiB   51.1%
│      Power Flow solution                    1    1.37s    4.1%   72.7MiB    0.8%
│      Initialize Static Injectors            1    659ms    2.0%   53.8MiB    0.6%
│      Initialize Dynamic Injectors           1    13.8s   41.6%   4.18GiB   49.6%
│    Calculate Jacobian                       1    12.3s   37.0%   3.85GiB   45.7%
│    Make Model Function                      1   6.11ms    0.0%   2.62KiB    0.0%
│    Initial Condition NLsolve refine...      1    1.69s    5.1%   35.3MiB    0.4%
│    Build Perturbations                      1    257ms    0.8%   20.7MiB    0.2%
│    Make DiffEq Problem                      1    440ms    1.3%   17.2MiB    0.2%
│  ───────────────────────────────────────────────────────────────────────────────
│ 
└ @ PowerSimulationsDynamics /home/runner/work/PowerSimulationsDynamics.jl/PowerSimulationsDynamics.jl/src/base/simulation.jl:440
