┌ Info: 2022-05-23T05:43:47.362 [3065:1]: Validating connectivity with Goderya algorithm
└ @ PowerSystems /home/runner/.julia/packages/PowerSystems/sxHdO/src/utils/network_calculations/ybus_calculations.jl:308
┌ Info: 2022-05-23T05:43:47.576 [3065:1]: The System has no islands
└ @ PowerSystems /home/runner/.julia/packages/PowerSystems/sxHdO/src/utils/network_calculations/ybus_calculations.jl:254
┌ Info: 2022-05-23T05:43:49.303 [3065:1]: The reference Bus has a Source connected to it. The frequency reference model will change to ConstantFrequency
└ @ PowerSimulationsDynamics /home/runner/work/PowerSimulationsDynamics.jl/PowerSimulationsDynamics.jl/src/base/frequency_reference.jl:70
┌ Info: 2022-05-23T05:43:49.315 [3065:1]: Pre-Initializing Simulation States
└ @ PowerSimulationsDynamics /home/runner/work/PowerSimulationsDynamics.jl/PowerSimulationsDynamics.jl/src/base/simulation.jl:263
┌ Info: 2022-05-23T05:43:49.315 [3065:1]: Unit System changed to UnitSystem.SYSTEM_BASE = 0
└ @ PowerSystems /home/runner/.julia/packages/PowerSystems/sxHdO/src/base.jl:346
┌ Info: 2022-05-23T05:43:49.315 [3065:1]: Validating connectivity with Goderya algorithm
└ @ PowerSystems /home/runner/.julia/packages/PowerSystems/sxHdO/src/utils/network_calculations/ybus_calculations.jl:308
┌ Info: 2022-05-23T05:43:49.315 [3065:1]: The System has no islands
└ @ PowerSystems /home/runner/.julia/packages/PowerSystems/sxHdO/src/utils/network_calculations/ybus_calculations.jl:254
┌ Info: 2022-05-23T05:43:50.678 [3065:1]: PowerFlow solve converged, the results have been stored in the system
└ @ PowerFlows /home/runner/.julia/packages/PowerFlows/SXykU/src/nlsolve_powerflow.jl:45
┌ Info: 2022-05-23T05:43:50.678 [3065:1]: Unit System changed to UnitSystem.DEVICE_BASE = 1
└ @ PowerSystems /home/runner/.julia/packages/PowerSystems/sxHdO/src/base.jl:346
┌ Info: 2022-05-23T05:44:02.416 [3065:1]: Residual from initial guess: max = 4.2092551666428335e-11 at 4, total = 9.411131735555515e-11
└ @ PowerSimulationsDynamics /home/runner/work/PowerSimulationsDynamics.jl/PowerSimulationsDynamics.jl/src/base/nlsolve_wrapper.jl:97
┌ Info: 2022-05-23T05:44:02.463 [3065:1]: Initialization non-linear solve succeeded with a tolerance of 1.0e-9 using solver trust_region. Saving solution.
└ @ PowerSimulationsDynamics /home/runner/work/PowerSimulationsDynamics.jl/PowerSimulationsDynamics.jl/src/base/nlsolve_wrapper.jl:65
┌ Info: 2022-05-23T05:44:02.463 [3065:1]: Attaching Perturbations
└ @ PowerSimulationsDynamics /home/runner/work/PowerSimulationsDynamics.jl/PowerSimulationsDynamics.jl/src/base/simulation.jl:296
┌ Info: 2022-05-23T05:44:03.024 [3065:1]: Simulations status = BUILT
└ @ PowerSimulationsDynamics /home/runner/work/PowerSimulationsDynamics.jl/PowerSimulationsDynamics.jl/src/base/simulation.jl:416
┌ Info: 2022-05-23T05:44:03.076 [3065:1]: 
│  ───────────────────────────────────────────────────────────────────────────────
│                                                      Time          Allocations  
│                                                ───────────────   ───────────────
│                 Total measured:                     17.8s            1.71GiB    
│ 
│  Section                               ncalls     time    %tot     alloc    %tot
│  ───────────────────────────────────────────────────────────────────────────────
│  Build Simulation                           1    17.6s  100.0%   1.69GiB  100.0%
│    Build Simulation Inputs                  1    3.92s   22.2%    214MiB   12.4%
│      Wrap Branches                          1   9.20μs    0.0%      176B    0.0%
│      Wrap Dynamic Injectors                 1    1.38s    7.9%    106MiB    6.2%
│      Calculate MM, DAE_vector, Tota...      1    111ms    0.6%   23.4MiB    1.4%
│      Wrap Static Injectors                  1    232ms    1.3%   5.65MiB    0.3%
│    Pre-initialization                       1    4.30s   24.4%    208MiB   12.0%
│      Power Flow solution                    1    1.36s    7.7%   68.1MiB    3.9%
│      Initialize Static Injectors            1    2.44s   13.8%   74.4MiB    4.3%
│      Initialize Dynamic Injectors           1    499ms    2.8%   65.6MiB    3.8%
│    Calculate Jacobian                       1    7.07s   40.1%   1.12GiB   66.6%
│    Make Model Function                      1   82.5ms    0.5%   10.7MiB    0.6%
│    Initial Condition NLsolve refine...      1    1.70s    9.6%   41.5MiB    2.4%
│    Build Perturbations                      1    412ms    2.3%   89.7MiB    5.2%
│    Make DiffEq Problem                      1    142ms    0.8%   13.3MiB    0.8%
│  ───────────────────────────────────────────────────────────────────────────────
│ 
└ @ PowerSimulationsDynamics /home/runner/work/PowerSimulationsDynamics.jl/PowerSimulationsDynamics.jl/src/base/simulation.jl:441
┌ Warning: 2022-05-23T05:44:15.167 [3065:1]: Unrecognized keyword arguments found. Future versions will error.
│ The only allowed keyword arguments to `solve` are: 
│ (:dense, :saveat, :save_idxs, :tstops, :d_discontinuities, :save_everystep, :save_on, :save_start, :save_end, :initialize_save, :adaptive, :abstol, :reltol, :dt, :dtmax, :dtmin, :force_dtmin, :internalnorm, :controller, :gamma, :beta1, :beta2, :qmax, :qmin, :qsteady_min, :qsteady_max, :qoldinit, :failfactor, :calck, :alias_u0, :maxiters, :callback, :isoutofdomain, :unstable_check, :verbose, :merge_callbacks, :progress, :progress_steps, :progress_name, :progress_message, :timeseries_errors, :dense_errors, :calculate_errors, :initializealg, :alg, :save_noise, :delta, :seed, :alg_hints, :kwargshandle, :trajectories, :batch_size, :sensealg, :advance_to_tstop, :stop_at_next_tstop, :default_set, :second_time)
│ See https://diffeq.sciml.ai/stable/basics/common_solver_opts/ for more details.
│ 
│ Set kwargshandle=KeywordArgError for an error message and more details.
│ Set kwargshandle=KeywordArgSilent to ignore this message.
└ @ DiffEqBase /home/runner/.julia/packages/DiffEqBase/nxrbH/src/solve.jl:346
