┌ Info: 2023-06-27T06:00:17.330 [4410:1]: The reference Bus has a Source connected to it. The frequency reference model will change to ConstantFrequency
└ @ PowerSimulationsDynamics /home/runner/work/PowerSimulationsDynamics.jl/PowerSimulationsDynamics.jl/src/base/frequency_reference.jl:70
┌ Info: 2023-06-27T06:00:17.330 [4410:1]: Pre-Initializing Simulation States
└ @ PowerSimulationsDynamics /home/runner/work/PowerSimulationsDynamics.jl/PowerSimulationsDynamics.jl/src/base/simulation.jl:265
┌ Info: 2023-06-27T06:00:17.330 [4410:1]: Unit System changed to UnitSystem.SYSTEM_BASE = 0
└ @ PowerSystems /home/runner/.julia/packages/PowerSystems/qRmML/src/base.jl:407
┌ Info: 2023-06-27T06:00:17.346 [4410:1]: PowerFlow solve converged, the results have been stored in the system
└ @ PowerFlows /home/runner/.julia/packages/PowerFlows/TDLGc/src/nlsolve_ac_powerflow.jl:45
┌ Info: 2023-06-27T06:00:17.346 [4410:1]: Unit System changed to UnitSystem.DEVICE_BASE = 1
└ @ PowerSystems /home/runner/.julia/packages/PowerSystems/qRmML/src/base.jl:407
┌ Info: 2023-06-27T06:00:18.400 [4410:1]: Residual from initial guess: max = 1.004487742983784e-10 at 4, total = 1.4748533811141245e-9
└ @ PowerSimulationsDynamics /home/runner/work/PowerSimulationsDynamics.jl/PowerSimulationsDynamics.jl/src/base/nlsolve_wrapper.jl:101
┌ Info: 2023-06-27T06:00:18.400 [4410:1]: Initialization non-linear solve succeeded with a tolerance of 1.0e-9 using solver trust_region. Saving solution.
└ @ PowerSimulationsDynamics /home/runner/work/PowerSimulationsDynamics.jl/PowerSimulationsDynamics.jl/src/base/nlsolve_wrapper.jl:68
┌ Info: 2023-06-27T06:00:18.400 [4410:1]: Attaching Perturbations
└ @ PowerSimulationsDynamics /home/runner/work/PowerSimulationsDynamics.jl/PowerSimulationsDynamics.jl/src/base/simulation.jl:296
┌ Info: 2023-06-27T06:00:18.401 [4410:1]: Simulations status = BUILT
└ @ PowerSimulationsDynamics /home/runner/work/PowerSimulationsDynamics.jl/PowerSimulationsDynamics.jl/src/base/simulation.jl:426
┌ Info: 2023-06-27T06:00:18.401 [4410:1]: 
│  ───────────────────────────────────────────────────────────────────────────────
│                                                      Time          Allocations  
│                                                ───────────────   ───────────────
│                 Total measured:                     1.48s            64.6MiB    
│ 
│  Section                               ncalls     time    %tot     alloc    %tot
│  ───────────────────────────────────────────────────────────────────────────────
│  Build Simulation                           1    1.48s  100.0%   64.6MiB  100.0%
│    Build Simulation Inputs                  1    408ms   27.6%   18.6MiB   28.8%
│      Wrap Branches                          1    175ms   11.8%   8.17MiB   12.6%
│      Wrap Dynamic Injectors                 1   17.3ms    1.2%   1.25MiB    1.9%
│      Calculate MM, DAE_vector, Tota...      1   29.1μs    0.0%   2.33KiB    0.0%
│      Wrap Static Injectors                  1    110μs    0.0%   11.2KiB    0.0%
│    Pre-initialization                       1   24.5ms    1.7%    510KiB    0.8%
│      Power Flow solution                    1   15.3ms    1.0%    364KiB    0.6%
│      Initialize Static Injectors            1   41.6μs    0.0%   3.16KiB    0.0%
│      Initialize Dynamic Injectors           1    318μs    0.0%    129KiB    0.2%
│      Initialize Dynamic Branches            1   8.77ms    0.6%   2.03KiB    0.0%
│    Calculate Jacobian                       1    1.04s   70.7%   45.2MiB   70.0%
│    Make Model Function                      1   18.7μs    0.0%      928B    0.0%
│    Initial Condition NLsolve refine...      1    856μs    0.1%    247KiB    0.4%
│    Build Perturbations                      1   67.5μs    0.0%   8.90KiB    0.0%
│    Make DiffEq Problem                      1    168μs    0.0%   11.7KiB    0.0%
│  ───────────────────────────────────────────────────────────────────────────────
│ 
└ @ PowerSimulationsDynamics /home/runner/work/PowerSimulationsDynamics.jl/PowerSimulationsDynamics.jl/src/base/simulation.jl:451
