┌ Info: 2022-11-19T01:13:21.892 [2864:1]: Validating connectivity with Goderya algorithm
└ @ PowerSystems /home/runner/.julia/packages/PowerSystems/6GCEy/src/utils/network_calculations/ybus_calculations.jl:318
┌ Info: 2022-11-19T01:13:21.997 [2864:1]: The System has no islands
└ @ PowerSystems /home/runner/.julia/packages/PowerSystems/6GCEy/src/utils/network_calculations/ybus_calculations.jl:264
┌ Info: 2022-11-19T01:13:24.215 [2864:1]: The reference Bus has a Source connected to it. The frequency reference model will change to ConstantFrequency
└ @ PowerSimulationsDynamics /home/runner/work/PowerSimulationsDynamics.jl/PowerSimulationsDynamics.jl/src/base/frequency_reference.jl:70
┌ Info: 2022-11-19T01:13:24.225 [2864:1]: Pre-Initializing Simulation States
└ @ PowerSimulationsDynamics /home/runner/work/PowerSimulationsDynamics.jl/PowerSimulationsDynamics.jl/src/base/simulation.jl:264
┌ Info: 2022-11-19T01:13:24.225 [2864:1]: Unit System changed to UnitSystem.SYSTEM_BASE = 0
└ @ PowerSystems /home/runner/.julia/packages/PowerSystems/6GCEy/src/base.jl:351
┌ Info: 2022-11-19T01:13:24.230 [2864:1]: Validating connectivity with Goderya algorithm
└ @ PowerSystems /home/runner/.julia/packages/PowerSystems/6GCEy/src/utils/network_calculations/ybus_calculations.jl:318
┌ Info: 2022-11-19T01:13:24.230 [2864:1]: The System has no islands
└ @ PowerSystems /home/runner/.julia/packages/PowerSystems/6GCEy/src/utils/network_calculations/ybus_calculations.jl:264
┌ Info: 2022-11-19T01:13:26.083 [2864:1]: PowerFlow solve converged, the results have been stored in the system
└ @ PowerFlows /home/runner/.julia/packages/PowerFlows/4i4mk/src/nlsolve_powerflow.jl:45
┌ Info: 2022-11-19T01:13:26.083 [2864:1]: Unit System changed to UnitSystem.DEVICE_BASE = 1
└ @ PowerSystems /home/runner/.julia/packages/PowerSystems/6GCEy/src/base.jl:351
┌ Info: 2022-11-19T01:13:39.727 [2864:1]: Residual from initial guess: max = 4.2092551666428335e-11 at 4, total = 9.411137286670638e-11
└ @ PowerSimulationsDynamics /home/runner/work/PowerSimulationsDynamics.jl/PowerSimulationsDynamics.jl/src/base/nlsolve_wrapper.jl:97
┌ Info: 2022-11-19T01:13:39.783 [2864:1]: Initialization non-linear solve succeeded with a tolerance of 1.0e-9 using solver trust_region. Saving solution.
└ @ PowerSimulationsDynamics /home/runner/work/PowerSimulationsDynamics.jl/PowerSimulationsDynamics.jl/src/base/nlsolve_wrapper.jl:65
┌ Info: 2022-11-19T01:13:39.783 [2864:1]: Attaching Perturbations
└ @ PowerSimulationsDynamics /home/runner/work/PowerSimulationsDynamics.jl/PowerSimulationsDynamics.jl/src/base/simulation.jl:295
┌ Info: 2022-11-19T01:13:40.702 [2864:1]: Simulations status = BUILT
└ @ PowerSimulationsDynamics /home/runner/work/PowerSimulationsDynamics.jl/PowerSimulationsDynamics.jl/src/base/simulation.jl:413
┌ Info: 2022-11-19T01:13:40.702 [2864:1]: 
│  ───────────────────────────────────────────────────────────────────────────────
│                                                      Time          Allocations  
│                                                ───────────────   ───────────────
│                 Total measured:                     20.8s            1.75GiB    
│ 
│  Section                               ncalls     time    %tot     alloc    %tot
│  ───────────────────────────────────────────────────────────────────────────────
│  Build Simulation                           1    20.8s  100.0%   1.75GiB  100.0%
│    Build Simulation Inputs                  1    4.29s   20.6%    191MiB   10.7%
│      Wrap Branches                          1   22.4μs    0.0%      240B    0.0%
│      Wrap Dynamic Injectors                 1    1.72s    8.3%    107MiB    6.0%
│      Calculate MM, DAE_vector, Tota...      1    109ms    0.5%   7.36MiB    0.4%
│      Wrap Static Injectors                  1    354ms    1.7%   7.10MiB    0.4%
│    Pre-initialization                       1    5.89s   28.4%    585MiB   32.7%
│      Power Flow solution                    1    1.90s    9.1%   76.2MiB    4.3%
│      Initialize Static Injectors            1    687ms    3.3%   49.0MiB    2.7%
│      Initialize Dynamic Injectors           1    3.30s   15.9%    460MiB   25.7%
│    Calculate Jacobian                       1    7.33s   35.3%    938MiB   52.5%
│    Make Model Function                      1   8.62ms    0.0%    131KiB    0.0%
│    Initial Condition NLsolve refine...      1    2.34s   11.2%   34.8MiB    1.9%
│    Build Perturbations                      1    310ms    1.5%   18.1MiB    1.0%
│    Make DiffEq Problem                      1    601ms    2.9%   21.4MiB    1.2%
│  ───────────────────────────────────────────────────────────────────────────────
│ 
└ @ PowerSimulationsDynamics /home/runner/work/PowerSimulationsDynamics.jl/PowerSimulationsDynamics.jl/src/base/simulation.jl:438
