┌ Info: 2022-05-04T00:38:32.213 [2924:1]: Validating connectivity with Goderya algorithm
└ @ PowerSystems /home/runner/.julia/packages/PowerSystems/KS7DZ/src/utils/network_calculations/ybus_calculations.jl:308
┌ Info: 2022-05-04T00:38:32.431 [2924:1]: The System has no islands
└ @ PowerSystems /home/runner/.julia/packages/PowerSystems/KS7DZ/src/utils/network_calculations/ybus_calculations.jl:254
┌ Info: 2022-05-04T00:38:34.537 [2924:1]: The reference Bus has a Source connected to it. The frequency reference model will change to ConstantFrequency
└ @ PowerSimulationsDynamics /home/runner/work/PowerSimulationsDynamics.jl/PowerSimulationsDynamics.jl/src/base/frequency_reference.jl:70
┌ Info: 2022-05-04T00:38:34.548 [2924:1]: Pre-Initializing Simulation States
└ @ PowerSimulationsDynamics /home/runner/work/PowerSimulationsDynamics.jl/PowerSimulationsDynamics.jl/src/base/simulation.jl:263
┌ Info: 2022-05-04T00:38:34.548 [2924:1]: Unit System changed to UnitSystem.SYSTEM_BASE = 0
└ @ PowerSystems /home/runner/.julia/packages/PowerSystems/KS7DZ/src/base.jl:346
┌ Info: 2022-05-04T00:38:34.549 [2924:1]: Validating connectivity with Goderya algorithm
└ @ PowerSystems /home/runner/.julia/packages/PowerSystems/KS7DZ/src/utils/network_calculations/ybus_calculations.jl:308
┌ Info: 2022-05-04T00:38:34.549 [2924:1]: The System has no islands
└ @ PowerSystems /home/runner/.julia/packages/PowerSystems/KS7DZ/src/utils/network_calculations/ybus_calculations.jl:254
┌ Info: 2022-05-04T00:38:36.194 [2924:1]: PowerFlow solve converged, the results have been stored in the system
└ @ PowerFlows /home/runner/.julia/packages/PowerFlows/SXykU/src/nlsolve_powerflow.jl:45
┌ Info: 2022-05-04T00:38:36.194 [2924:1]: Unit System changed to UnitSystem.DEVICE_BASE = 1
└ @ PowerSystems /home/runner/.julia/packages/PowerSystems/KS7DZ/src/base.jl:346
┌ Info: 2022-05-04T00:38:47.528 [2924:1]: Residual from initial guess: max = 4.2092551666428335e-11 at 4, total = 9.411131735555515e-11
└ @ PowerSimulationsDynamics /home/runner/work/PowerSimulationsDynamics.jl/PowerSimulationsDynamics.jl/src/base/nlsolve_wrapper.jl:97
┌ Info: 2022-05-04T00:38:47.575 [2924:1]: Initialization non-linear solve succeeded with a tolerance of 1.0e-9 using solver trust_region. Saving solution.
└ @ PowerSimulationsDynamics /home/runner/work/PowerSimulationsDynamics.jl/PowerSimulationsDynamics.jl/src/base/nlsolve_wrapper.jl:65
┌ Info: 2022-05-04T00:38:47.575 [2924:1]: Attaching Perturbations
└ @ PowerSimulationsDynamics /home/runner/work/PowerSimulationsDynamics.jl/PowerSimulationsDynamics.jl/src/base/simulation.jl:296
┌ Info: 2022-05-04T00:38:48.160 [2924:1]: Simulations status = BUILT
└ @ PowerSimulationsDynamics /home/runner/work/PowerSimulationsDynamics.jl/PowerSimulationsDynamics.jl/src/base/simulation.jl:416
┌ Info: 2022-05-04T00:38:48.213 [2924:1]: 
│  ───────────────────────────────────────────────────────────────────────────────
│                                                      Time          Allocations  
│                                                ───────────────   ───────────────
│                 Total measured:                     18.1s            1.60GiB    
│ 
│  Section                               ncalls     time    %tot     alloc    %tot
│  ───────────────────────────────────────────────────────────────────────────────
│  Build Simulation                           1    18.0s  100.0%   1.58GiB  100.0%
│    Build Simulation Inputs                  1    4.36s   24.3%    223MiB   13.8%
│      Wrap Branches                          1   10.1μs    0.0%      176B    0.0%
│      Wrap Dynamic Injectors                 1    1.75s    9.8%    113MiB    7.0%
│      Calculate MM, DAE_vector, Tota...      1    113ms    0.6%   23.4MiB    1.4%
│      Wrap Static Injectors                  1    239ms    1.3%   5.65MiB    0.3%
│    Pre-initialization                       1    4.68s   26.1%    208MiB   12.9%
│      Power Flow solution                    1    1.65s    9.2%   67.3MiB    4.2%
│      Initialize Static Injectors            1    2.47s   13.8%   74.1MiB    4.6%
│      Initialize Dynamic Injectors           1    564ms    3.1%   66.6MiB    4.1%
│    Calculate Jacobian                       1    6.56s   36.5%   1.01GiB   63.8%
│    Make Model Function                      1   84.4ms    0.5%   10.6MiB    0.7%
│    Initial Condition NLsolve refine...      1    1.70s    9.5%   41.4MiB    2.6%
│    Build Perturbations                      1    433ms    2.4%   90.1MiB    5.6%
│    Make DiffEq Problem                      1    144ms    0.8%   13.4MiB    0.8%
│  ───────────────────────────────────────────────────────────────────────────────
│ 
└ @ PowerSimulationsDynamics /home/runner/work/PowerSimulationsDynamics.jl/PowerSimulationsDynamics.jl/src/base/simulation.jl:441
┌ Warning: 2022-05-04T00:39:00.283 [2924:1]: Warning: Unrecognized keyword arguments found. Future versions will error.
│ The only allowed keyword arguments to `solve` are: 
│ (:dense, :saveat, :save_idxs, :tstops, :d_discontinuities, :save_everystep, :save_on, :save_start, :save_end, :initialize_save, :adaptive, :abstol, :reltol, :dt, :dtmax, :dtmin, :force_dtmin, :internalnorm, :controller, :gamma, :beta1, :beta2, :qmax, :qmin, :qsteady_min, :qsteady_max, :qoldinit, :failfactor, :calck, :alias_u0, :maxiters, :callback, :isoutofdomain, :unstable_check, :verbose, :merge_callbacks, :progress, :progress_steps, :progress_name, :progress_message, :timeseries_errors, :dense_errors, :calculate_errors, :initializealg, :alg, :save_noise, :delta, :seed, :alg_hints, :kwargshandle, :trajectories, :batch_size, :sensealg, :advance_to_tstop, :stop_at_next_tstop, :default_set, :second_time)
│ See https://diffeq.sciml.ai/stable/basics/common_solver_opts/ for more details.
│ 
│ Set kwargshandle=KeywordArgError for an error message and more details.
│ Set kwargshandle=KeywordArgSilent to ignore this message.
└ @ DiffEqBase /home/runner/.julia/packages/DiffEqBase/U3LtB/src/solve.jl:213
