┌ Info: 2023-01-05T20:38:15.636 [3048:1]: Validating connectivity with Goderya algorithm
└ @ PowerSystems /home/runner/.julia/packages/PowerSystems/JjjYG/src/utils/network_calculations/ybus_calculations.jl:318
┌ Info: 2023-01-05T20:38:15.735 [3048:1]: The System has no islands
└ @ PowerSystems /home/runner/.julia/packages/PowerSystems/JjjYG/src/utils/network_calculations/ybus_calculations.jl:264
┌ Info: 2023-01-05T20:38:17.698 [3048:1]: The reference Bus has a Source connected to it. The frequency reference model will change to ConstantFrequency
└ @ PowerSimulationsDynamics /home/runner/work/PowerSimulationsDynamics.jl/PowerSimulationsDynamics.jl/src/base/frequency_reference.jl:70
┌ Info: 2023-01-05T20:38:17.707 [3048:1]: Pre-Initializing Simulation States
└ @ PowerSimulationsDynamics /home/runner/work/PowerSimulationsDynamics.jl/PowerSimulationsDynamics.jl/src/base/simulation.jl:264
┌ Info: 2023-01-05T20:38:17.707 [3048:1]: Unit System changed to UnitSystem.SYSTEM_BASE = 0
└ @ PowerSystems /home/runner/.julia/packages/PowerSystems/JjjYG/src/base.jl:351
┌ Info: 2023-01-05T20:38:17.712 [3048:1]: Validating connectivity with Goderya algorithm
└ @ PowerSystems /home/runner/.julia/packages/PowerSystems/JjjYG/src/utils/network_calculations/ybus_calculations.jl:318
┌ Info: 2023-01-05T20:38:17.712 [3048:1]: The System has no islands
└ @ PowerSystems /home/runner/.julia/packages/PowerSystems/JjjYG/src/utils/network_calculations/ybus_calculations.jl:264
┌ Info: 2023-01-05T20:38:19.489 [3048:1]: PowerFlow solve converged, the results have been stored in the system
└ @ PowerFlows /home/runner/.julia/packages/PowerFlows/bYChl/src/nlsolve_powerflow.jl:45
┌ Info: 2023-01-05T20:38:19.490 [3048:1]: Unit System changed to UnitSystem.DEVICE_BASE = 1
└ @ PowerSystems /home/runner/.julia/packages/PowerSystems/JjjYG/src/base.jl:351
┌ Info: 2023-01-05T20:38:30.158 [3048:1]: Residual from initial guess: max = 4.2092551666428335e-11 at 4, total = 9.414231754737997e-11
└ @ PowerSimulationsDynamics /home/runner/work/PowerSimulationsDynamics.jl/PowerSimulationsDynamics.jl/src/base/nlsolve_wrapper.jl:98
┌ Info: 2023-01-05T20:38:30.206 [3048:1]: Initialization non-linear solve succeeded with a tolerance of 1.0e-9 using solver trust_region. Saving solution.
└ @ PowerSimulationsDynamics /home/runner/work/PowerSimulationsDynamics.jl/PowerSimulationsDynamics.jl/src/base/nlsolve_wrapper.jl:65
┌ Info: 2023-01-05T20:38:30.206 [3048:1]: Attaching Perturbations
└ @ PowerSimulationsDynamics /home/runner/work/PowerSimulationsDynamics.jl/PowerSimulationsDynamics.jl/src/base/simulation.jl:295
┌ Info: 2023-01-05T20:38:31.085 [3048:1]: Simulations status = BUILT
└ @ PowerSimulationsDynamics /home/runner/work/PowerSimulationsDynamics.jl/PowerSimulationsDynamics.jl/src/base/simulation.jl:413
┌ Info: 2023-01-05T20:38:31.085 [3048:1]: 
│  ───────────────────────────────────────────────────────────────────────────────
│                                                      Time          Allocations  
│                                                ───────────────   ───────────────
│                 Total measured:                     16.9s            1.21GiB    
│ 
│  Section                               ncalls     time    %tot     alloc    %tot
│  ───────────────────────────────────────────────────────────────────────────────
│  Build Simulation                           1    16.9s  100.0%   1.21GiB  100.0%
│    Build Simulation Inputs                  1    3.54s   20.9%    188MiB   15.2%
│      Wrap Branches                          1   23.5μs    0.0%      240B    0.0%
│      Wrap Dynamic Injectors                 1    1.58s    9.4%    105MiB    8.5%
│      Calculate MM, DAE_vector, Tota...      1   89.2ms    0.5%   7.37MiB    0.6%
│      Wrap Static Injectors                  1    276ms    1.6%   6.52MiB    0.5%
│    Pre-initialization                       1    4.86s   28.7%    373MiB   30.2%
│      Power Flow solution                    1    1.82s   10.7%   79.1MiB    6.4%
│      Initialize Static Injectors            1    593ms    3.5%   49.2MiB    4.0%
│      Initialize Dynamic Injectors           1    2.45s   14.5%    245MiB   19.8%
│    Calculate Jacobian                       1    5.62s   33.2%    601MiB   48.6%
│    Make Model Function                      1   7.40ms    0.0%    131KiB    0.0%
│    Initial Condition NLsolve refine...      1    2.01s   11.9%   34.1MiB    2.8%
│    Build Perturbations                      1    360ms    2.1%   17.9MiB    1.4%
│    Make DiffEq Problem                      1    512ms    3.0%   23.0MiB    1.9%
│  ───────────────────────────────────────────────────────────────────────────────
│ 
└ @ PowerSimulationsDynamics /home/runner/work/PowerSimulationsDynamics.jl/PowerSimulationsDynamics.jl/src/base/simulation.jl:438
