┌ Info: 2023-06-20T08:18:14.148 [4342:1]: Validating connectivity with Goderya algorithm
└ @ PowerNetworkMatrices /home/runner/.julia/packages/PowerNetworkMatrices/PMr0V/src/ybus_calculations.jl:330
┌ Info: 2023-06-20T08:18:14.148 [4342:1]: The System has no islands
└ @ PowerNetworkMatrices /home/runner/.julia/packages/PowerNetworkMatrices/PMr0V/src/ybus_calculations.jl:274
┌ Info: 2023-06-20T08:18:14.341 [4342:1]: The reference Bus has a Source connected to it. The frequency reference model will change to ConstantFrequency
└ @ PowerSimulationsDynamics /home/runner/work/PowerSimulationsDynamics.jl/PowerSimulationsDynamics.jl/src/base/frequency_reference.jl:70
┌ Info: 2023-06-20T08:18:14.341 [4342:1]: Pre-Initializing Simulation States
└ @ PowerSimulationsDynamics /home/runner/work/PowerSimulationsDynamics.jl/PowerSimulationsDynamics.jl/src/base/simulation.jl:264
┌ Info: 2023-06-20T08:18:14.341 [4342:1]: Unit System changed to UnitSystem.SYSTEM_BASE = 0
└ @ PowerSystems /home/runner/.julia/packages/PowerSystems/qRmML/src/base.jl:407
┌ Info: 2023-06-20T08:18:14.341 [4342:1]: Validating connectivity with Goderya algorithm
└ @ PowerNetworkMatrices /home/runner/.julia/packages/PowerNetworkMatrices/PMr0V/src/ybus_calculations.jl:330
┌ Info: 2023-06-20T08:18:14.341 [4342:1]: The System has no islands
└ @ PowerNetworkMatrices /home/runner/.julia/packages/PowerNetworkMatrices/PMr0V/src/ybus_calculations.jl:274
┌ Info: 2023-06-20T08:18:14.355 [4342:1]: PowerFlow solve converged, the results have been stored in the system
└ @ PowerFlows /home/runner/.julia/packages/PowerFlows/WNoTB/src/nlsolve_powerflow.jl:45
┌ Info: 2023-06-20T08:18:14.355 [4342:1]: Unit System changed to UnitSystem.DEVICE_BASE = 1
└ @ PowerSystems /home/runner/.julia/packages/PowerSystems/qRmML/src/base.jl:407
┌ Info: 2023-06-20T08:18:15.346 [4342:1]: Residual from initial guess: max = 1.004487742983784e-10 at 4, total = 1.498162837386531e-9
└ @ PowerSimulationsDynamics /home/runner/work/PowerSimulationsDynamics.jl/PowerSimulationsDynamics.jl/src/base/nlsolve_wrapper.jl:98
┌ Info: 2023-06-20T08:18:15.347 [4342:1]: Initialization non-linear solve succeeded with a tolerance of 1.0e-9 using solver trust_region. Saving solution.
└ @ PowerSimulationsDynamics /home/runner/work/PowerSimulationsDynamics.jl/PowerSimulationsDynamics.jl/src/base/nlsolve_wrapper.jl:65
┌ Info: 2023-06-20T08:18:15.347 [4342:1]: Attaching Perturbations
└ @ PowerSimulationsDynamics /home/runner/work/PowerSimulationsDynamics.jl/PowerSimulationsDynamics.jl/src/base/simulation.jl:295
┌ Info: 2023-06-20T08:18:15.347 [4342:1]: Simulations status = BUILT
└ @ PowerSimulationsDynamics /home/runner/work/PowerSimulationsDynamics.jl/PowerSimulationsDynamics.jl/src/base/simulation.jl:417
┌ Info: 2023-06-20T08:18:15.347 [4342:1]: 
│  ───────────────────────────────────────────────────────────────────────────────
│                                                      Time          Allocations  
│                                                ───────────────   ───────────────
│                 Total measured:                     1.38s            67.0MiB    
│ 
│  Section                               ncalls     time    %tot     alloc    %tot
│  ───────────────────────────────────────────────────────────────────────────────
│  Build Simulation                           1    1.38s  100.0%   67.0MiB  100.0%
│    Build Simulation Inputs                  1    373ms   27.0%   20.9MiB   31.2%
│      Wrap Branches                          1    172ms   12.5%   8.17MiB   12.2%
│      Wrap Dynamic Injectors                 1   16.9ms    1.2%   1.25MiB    1.9%
│      Calculate MM, DAE_vector, Tota...      1   31.1μs    0.0%   2.33KiB    0.0%
│      Wrap Static Injectors                  1   81.8μs    0.0%   10.8KiB    0.0%
│    Pre-initialization                       1   21.3ms    1.5%    527KiB    0.8%
│      Power Flow solution                    1   14.0ms    1.0%    381KiB    0.6%
│      Initialize Static Injectors            1   51.0μs    0.0%   3.16KiB    0.0%
│      Initialize Dynamic Injectors           1    292μs    0.0%    129KiB    0.2%
│      Initialize Dynamic Branches            1   6.95ms    0.5%   2.03KiB    0.0%
│    Calculate Jacobian                       1    984ms   71.3%   45.2MiB   67.5%
│    Make Model Function                      1   6.40μs    0.0%      928B    0.0%
│    Initial Condition NLsolve refine...      1    831μs    0.1%    388KiB    0.6%
│    Build Perturbations                      1   54.1μs    0.0%   8.85KiB    0.0%
│    Make DiffEq Problem                      1    163μs    0.0%   11.7KiB    0.0%
│  ───────────────────────────────────────────────────────────────────────────────
│ 
└ @ PowerSimulationsDynamics /home/runner/work/PowerSimulationsDynamics.jl/PowerSimulationsDynamics.jl/src/base/simulation.jl:442
