┌ Info: 2024-07-08T19:40:16.917 [5652:1]: The reference Bus has a Source connected to it. The frequency reference model will change to ConstantFrequency
└ @ PowerSimulationsDynamics /home/runner/work/PowerSimulationsDynamics.jl/PowerSimulationsDynamics.jl/src/base/frequency_reference.jl:70
┌ Info: 2024-07-08T19:40:16.941 [5652:1]: Pre-Initializing Simulation States
└ @ PowerSimulationsDynamics /home/runner/work/PowerSimulationsDynamics.jl/PowerSimulationsDynamics.jl/src/base/simulation.jl:265
┌ Info: 2024-07-08T19:40:16.942 [5652:1]: Unit System changed to UnitSystem.SYSTEM_BASE = 0
└ @ PowerSystems /home/runner/.julia/packages/PowerSystems/OQdiE/src/base.jl:491
┌ Info: 2024-07-08T19:40:18.625 [5652:1]: PowerFlow solve converged, the results have been stored in the system
└ @ PowerFlows /home/runner/.julia/packages/PowerFlows/zesCE/src/nlsolve_ac_powerflow.jl:47
┌ Info: 2024-07-08T19:40:18.625 [5652:1]: Unit System changed to UnitSystem.DEVICE_BASE = 1
└ @ PowerSystems /home/runner/.julia/packages/PowerSystems/OQdiE/src/base.jl:491
┌ Info: 2024-07-08T19:40:31.051 [5652:1]: Residual from initial guess: max = 4.212807880321634e-11 at 4, total = 5.4841923110646186e-11
└ @ PowerSimulationsDynamics /home/runner/work/PowerSimulationsDynamics.jl/PowerSimulationsDynamics.jl/src/base/nlsolve_wrapper.jl:115
┌ Info: 2024-07-08T19:40:31.091 [5652:1]: Initialization non-linear solve succeeded with a tolerance of 1.0e-9 using solver trust_region. Saving solution.
└ @ PowerSimulationsDynamics /home/runner/work/PowerSimulationsDynamics.jl/PowerSimulationsDynamics.jl/src/base/nlsolve_wrapper.jl:82
┌ Info: 2024-07-08T19:40:31.091 [5652:1]: Attaching Perturbations
└ @ PowerSimulationsDynamics /home/runner/work/PowerSimulationsDynamics.jl/PowerSimulationsDynamics.jl/src/base/simulation.jl:299
┌ Info: 2024-07-08T19:40:31.596 [5652:1]: Simulations status = BUILT
└ @ PowerSimulationsDynamics /home/runner/work/PowerSimulationsDynamics.jl/PowerSimulationsDynamics.jl/src/base/simulation.jl:462
┌ Info: 2024-07-08T19:40:31.596 [5652:1]: 
│  ───────────────────────────────────────────────────────────────────────────────
│                                                      Time          Allocations  
│                                                ───────────────   ───────────────
│                 Total measured:                     16.5s             821MiB    
│ 
│  Section                               ncalls     time    %tot     alloc    %tot
│  ───────────────────────────────────────────────────────────────────────────────
│  Build Simulation                           1    16.5s  100.0%    821MiB  100.0%
│    Build Simulation Inputs                  1    1.85s   11.2%    126MiB   15.3%
│      Wrap Branches                          1   10.3μs    0.0%      208B    0.0%
│      Wrap Dynamic Injectors                 1    1.08s    6.6%   80.2MiB    9.8%
│      Calculate MM, DAE_vector, Tota...      1   70.1ms    0.4%   6.28MiB    0.8%
│      Wrap Static Injectors                  1   56.3ms    0.3%   1.63MiB    0.2%
│    Pre-initialization                       1    4.74s   28.7%    243MiB   29.5%
│      Power Flow solution                    1    1.72s   10.4%   43.5MiB    5.3%
│      Initialize Static Injectors            1    2.12s   12.9%   27.4MiB    3.3%
│      Initialize Dynamic Injectors           1    897ms    5.4%    172MiB   20.9%
│    Calculate Jacobian                       1    4.48s   27.1%    395MiB   48.1%
│    Make Model Function                      1   6.59ms    0.0%    122KiB    0.0%
│    Initial Condition NLsolve refine...      1    4.92s   29.8%   29.9MiB    3.6%
│    Build Perturbations                      1    221ms    1.3%   13.6MiB    1.7%
│    Make DiffEq Problem                      1    279ms    1.7%   14.0MiB    1.7%
│  ───────────────────────────────────────────────────────────────────────────────
│ 
└ @ PowerSimulationsDynamics /home/runner/work/PowerSimulationsDynamics.jl/PowerSimulationsDynamics.jl/src/base/simulation.jl:487
