┌ Info: 2023-02-20T05:17:37.746 [2868:1]: Validating connectivity with Goderya algorithm
└ @ PowerSystems /home/runner/.julia/packages/PowerSystems/JjjYG/src/utils/network_calculations/ybus_calculations.jl:318
┌ Info: 2023-02-20T05:17:37.852 [2868:1]: The System has no islands
└ @ PowerSystems /home/runner/.julia/packages/PowerSystems/JjjYG/src/utils/network_calculations/ybus_calculations.jl:264
┌ Info: 2023-02-20T05:17:39.957 [2868:1]: The reference Bus has a Source connected to it. The frequency reference model will change to ConstantFrequency
└ @ PowerSimulationsDynamics /home/runner/work/PowerSimulationsDynamics.jl/PowerSimulationsDynamics.jl/src/base/frequency_reference.jl:70
┌ Info: 2023-02-20T05:17:39.967 [2868:1]: Pre-Initializing Simulation States
└ @ PowerSimulationsDynamics /home/runner/work/PowerSimulationsDynamics.jl/PowerSimulationsDynamics.jl/src/base/simulation.jl:264
┌ Info: 2023-02-20T05:17:39.968 [2868:1]: Unit System changed to UnitSystem.SYSTEM_BASE = 0
└ @ PowerSystems /home/runner/.julia/packages/PowerSystems/JjjYG/src/base.jl:351
┌ Info: 2023-02-20T05:17:39.972 [2868:1]: Validating connectivity with Goderya algorithm
└ @ PowerSystems /home/runner/.julia/packages/PowerSystems/JjjYG/src/utils/network_calculations/ybus_calculations.jl:318
┌ Info: 2023-02-20T05:17:39.973 [2868:1]: The System has no islands
└ @ PowerSystems /home/runner/.julia/packages/PowerSystems/JjjYG/src/utils/network_calculations/ybus_calculations.jl:264
┌ Info: 2023-02-20T05:17:41.879 [2868:1]: PowerFlow solve converged, the results have been stored in the system
└ @ PowerFlows /home/runner/.julia/packages/PowerFlows/bYChl/src/nlsolve_powerflow.jl:45
┌ Info: 2023-02-20T05:17:41.880 [2868:1]: Unit System changed to UnitSystem.DEVICE_BASE = 1
└ @ PowerSystems /home/runner/.julia/packages/PowerSystems/JjjYG/src/base.jl:351
┌ Info: 2023-02-20T05:17:54.064 [2868:1]: Residual from initial guess: max = 4.2092551666428335e-11 at 4, total = 9.414231754737997e-11
└ @ PowerSimulationsDynamics /home/runner/work/PowerSimulationsDynamics.jl/PowerSimulationsDynamics.jl/src/base/nlsolve_wrapper.jl:98
┌ Info: 2023-02-20T05:17:54.117 [2868:1]: Initialization non-linear solve succeeded with a tolerance of 1.0e-9 using solver trust_region. Saving solution.
└ @ PowerSimulationsDynamics /home/runner/work/PowerSimulationsDynamics.jl/PowerSimulationsDynamics.jl/src/base/nlsolve_wrapper.jl:65
┌ Info: 2023-02-20T05:17:54.118 [2868:1]: Attaching Perturbations
└ @ PowerSimulationsDynamics /home/runner/work/PowerSimulationsDynamics.jl/PowerSimulationsDynamics.jl/src/base/simulation.jl:295
┌ Info: 2023-02-20T05:17:54.963 [2868:1]: Simulations status = BUILT
└ @ PowerSimulationsDynamics /home/runner/work/PowerSimulationsDynamics.jl/PowerSimulationsDynamics.jl/src/base/simulation.jl:413
┌ Info: 2023-02-20T05:17:54.963 [2868:1]: 
│  ───────────────────────────────────────────────────────────────────────────────
│                                                      Time          Allocations  
│                                                ───────────────   ───────────────
│                 Total measured:                     18.8s            1.43GiB    
│ 
│  Section                               ncalls     time    %tot     alloc    %tot
│  ───────────────────────────────────────────────────────────────────────────────
│  Build Simulation                           1    18.8s  100.0%   1.43GiB  100.0%
│    Build Simulation Inputs                  1    3.76s   20.1%    192MiB   13.0%
│      Wrap Branches                          1   28.2μs    0.0%      240B    0.0%
│      Wrap Dynamic Injectors                 1    1.64s    8.8%    109MiB    7.4%
│      Calculate MM, DAE_vector, Tota...      1    103ms    0.5%   7.37MiB    0.5%
│      Wrap Static Injectors                  1    343ms    1.8%   7.10MiB    0.5%
│    Pre-initialization                       1    5.74s   30.6%    523MiB   35.6%
│      Power Flow solution                    1    1.95s   10.4%   79.2MiB    5.4%
│      Initialize Static Injectors            1    585ms    3.1%   49.3MiB    3.4%
│      Initialize Dynamic Injectors           1    3.20s   17.1%    395MiB   26.9%
│    Calculate Jacobian                       1    6.33s   33.8%    678MiB   46.1%
│    Make Model Function                      1   8.64ms    0.0%    131KiB    0.0%
│    Initial Condition NLsolve refine...      1    2.07s   11.0%   34.1MiB    2.3%
│    Build Perturbations                      1    293ms    1.6%   17.8MiB    1.2%
│    Make DiffEq Problem                      1    545ms    2.9%   24.7MiB    1.7%
│  ───────────────────────────────────────────────────────────────────────────────
│ 
└ @ PowerSimulationsDynamics /home/runner/work/PowerSimulationsDynamics.jl/PowerSimulationsDynamics.jl/src/base/simulation.jl:438
