┌ Info: 2022-08-01T20:56:16.993 [2929:1]: Validating connectivity with Goderya algorithm
└ @ PowerSystems /home/runner/.julia/packages/PowerSystems/ha7OO/src/utils/network_calculations/ybus_calculations.jl:318
┌ Info: 2022-08-01T20:56:17.240 [2929:1]: The System has no islands
└ @ PowerSystems /home/runner/.julia/packages/PowerSystems/ha7OO/src/utils/network_calculations/ybus_calculations.jl:264
┌ Info: 2022-08-01T20:56:19.113 [2929:1]: The reference Bus has a Source connected to it. The frequency reference model will change to ConstantFrequency
└ @ PowerSimulationsDynamics /home/runner/work/PowerSimulationsDynamics.jl/PowerSimulationsDynamics.jl/src/base/frequency_reference.jl:70
┌ Info: 2022-08-01T20:56:19.126 [2929:1]: Pre-Initializing Simulation States
└ @ PowerSimulationsDynamics /home/runner/work/PowerSimulationsDynamics.jl/PowerSimulationsDynamics.jl/src/base/simulation.jl:263
┌ Info: 2022-08-01T20:56:19.126 [2929:1]: Unit System changed to UnitSystem.SYSTEM_BASE = 0
└ @ PowerSystems /home/runner/.julia/packages/PowerSystems/ha7OO/src/base.jl:346
┌ Info: 2022-08-01T20:56:19.126 [2929:1]: Validating connectivity with Goderya algorithm
└ @ PowerSystems /home/runner/.julia/packages/PowerSystems/ha7OO/src/utils/network_calculations/ybus_calculations.jl:318
┌ Info: 2022-08-01T20:56:19.126 [2929:1]: The System has no islands
└ @ PowerSystems /home/runner/.julia/packages/PowerSystems/ha7OO/src/utils/network_calculations/ybus_calculations.jl:264
┌ Info: 2022-08-01T20:56:20.686 [2929:1]: PowerFlow solve converged, the results have been stored in the system
└ @ PowerFlows /home/runner/.julia/packages/PowerFlows/4i4mk/src/nlsolve_powerflow.jl:45
┌ Info: 2022-08-01T20:56:20.686 [2929:1]: Unit System changed to UnitSystem.DEVICE_BASE = 1
└ @ PowerSystems /home/runner/.julia/packages/PowerSystems/ha7OO/src/base.jl:346
┌ Info: 2022-08-01T20:56:40.149 [2929:1]: Residual from initial guess: max = 4.2092551666428335e-11 at 4, total = 9.411131735555515e-11
└ @ PowerSimulationsDynamics /home/runner/work/PowerSimulationsDynamics.jl/PowerSimulationsDynamics.jl/src/base/nlsolve_wrapper.jl:97
┌ Info: 2022-08-01T20:56:40.204 [2929:1]: Initialization non-linear solve succeeded with a tolerance of 1.0e-9 using solver trust_region. Saving solution.
└ @ PowerSimulationsDynamics /home/runner/work/PowerSimulationsDynamics.jl/PowerSimulationsDynamics.jl/src/base/nlsolve_wrapper.jl:65
┌ Info: 2022-08-01T20:56:40.205 [2929:1]: Attaching Perturbations
└ @ PowerSimulationsDynamics /home/runner/work/PowerSimulationsDynamics.jl/PowerSimulationsDynamics.jl/src/base/simulation.jl:296
┌ Info: 2022-08-01T20:56:41.323 [2929:1]: Simulations status = BUILT
└ @ PowerSimulationsDynamics /home/runner/work/PowerSimulationsDynamics.jl/PowerSimulationsDynamics.jl/src/base/simulation.jl:416
┌ Info: 2022-08-01T20:56:41.459 [2929:1]: 
│  ───────────────────────────────────────────────────────────────────────────────
│                                                      Time          Allocations  
│                                                ───────────────   ───────────────
│                 Total measured:                     26.8s            3.88GiB    
│ 
│  Section                               ncalls     time    %tot     alloc    %tot
│  ───────────────────────────────────────────────────────────────────────────────
│  Build Simulation                           1    26.6s  100.0%   3.85GiB  100.0%
│    Build Simulation Inputs                  1    4.37s   16.4%    220MiB    5.6%
│      Wrap Branches                          1   10.0μs    0.0%      176B    0.0%
│      Wrap Dynamic Injectors                 1    1.47s    5.5%    111MiB    2.8%
│      Calculate MM, DAE_vector, Tota...      1    127ms    0.5%   23.5MiB    0.6%
│      Wrap Static Injectors                  1    273ms    1.0%   5.65MiB    0.1%
│    Pre-initialization                       1    11.6s   43.8%   2.04GiB   52.9%
│      Power Flow solution                    1    1.56s    5.9%   67.3MiB    1.7%
│      Initialize Static Injectors            1    2.79s   10.5%   75.3MiB    1.9%
│      Initialize Dynamic Injectors           1    7.28s   27.4%   1.90GiB   49.2%
│    Calculate Jacobian                       1    7.36s   27.7%   1.40GiB   36.2%
│    Make Model Function                      1   93.1ms    0.4%   10.7MiB    0.3%
│    Initial Condition NLsolve refine...      1    1.99s    7.5%   45.5MiB    1.2%
│    Build Perturbations                      1    505ms    1.9%    102MiB    2.6%
│    Make DiffEq Problem                      1    607ms    2.3%   52.4MiB    1.3%
│  ───────────────────────────────────────────────────────────────────────────────
│ 
└ @ PowerSimulationsDynamics /home/runner/work/PowerSimulationsDynamics.jl/PowerSimulationsDynamics.jl/src/base/simulation.jl:441
┌ Warning: 2022-08-01T20:57:15.287 [2929:1]: Unrecognized keyword arguments found. Future versions will error.
│ The only allowed keyword arguments to `solve` are:
│ (:dense, :saveat, :save_idxs, :tstops, :d_discontinuities, :save_everystep, :save_on, :save_start, :save_end, :initialize_save, :adaptive, :abstol, :reltol, :dt, :dtmax, :dtmin, :force_dtmin, :internalnorm, :controller, :gamma, :beta1, :beta2, :qmax, :qmin, :qsteady_min, :qsteady_max, :qoldinit, :failfactor, :calck, :alias_u0, :maxiters, :callback, :isoutofdomain, :unstable_check, :verbose, :merge_callbacks, :progress, :progress_steps, :progress_name, :progress_message, :timeseries_errors, :dense_errors, :weak_timeseries_errors, :weak_dense_errors, :calculate_errors, :initializealg, :alg, :save_noise, :delta, :seed, :alg_hints, :kwargshandle, :trajectories, :batch_size, :sensealg, :advance_to_tstop, :stop_at_next_tstop, :default_set, :second_time, :prob_choice)
│ 
│ See https://diffeq.sciml.ai/stable/basics/common_solver_opts/ for more details.
│ 
│ Set kwargshandle=KeywordArgError for an error message.
│ Set kwargshandle=KeywordArgSilent to ignore this message.
└ @ DiffEqBase /home/runner/.julia/packages/DiffEqBase/HDcso/src/solve.jl:816
