┌ Info: 2024-01-30T22:52:28.010 [5374:1]: The reference Bus has a Source connected to it. The frequency reference model will change to ConstantFrequency
└ @ PowerSimulationsDynamics /home/runner/work/PowerSimulationsDynamics.jl/PowerSimulationsDynamics.jl/src/base/frequency_reference.jl:70
┌ Info: 2024-01-30T22:52:28.037 [5374:1]: Pre-Initializing Simulation States
└ @ PowerSimulationsDynamics /home/runner/work/PowerSimulationsDynamics.jl/PowerSimulationsDynamics.jl/src/base/simulation.jl:265
┌ Info: 2024-01-30T22:52:28.037 [5374:1]: Unit System changed to UnitSystem.SYSTEM_BASE = 0
└ @ PowerSystems /home/runner/.julia/packages/PowerSystems/gPCXS/src/base.jl:395
┌ Info: 2024-01-30T22:52:29.692 [5374:1]: PowerFlow solve converged, the results have been stored in the system
└ @ PowerFlows /home/runner/.julia/packages/PowerFlows/8MBjq/src/nlsolve_ac_powerflow.jl:47
┌ Info: 2024-01-30T22:52:29.692 [5374:1]: Unit System changed to UnitSystem.DEVICE_BASE = 1
└ @ PowerSystems /home/runner/.julia/packages/PowerSystems/gPCXS/src/base.jl:395
┌ Info: 2024-01-30T22:52:42.481 [5374:1]: Residual from initial guess: max = 4.212807880321634e-11 at 4, total = 5.4841923110646186e-11
└ @ PowerSimulationsDynamics /home/runner/work/PowerSimulationsDynamics.jl/PowerSimulationsDynamics.jl/src/base/nlsolve_wrapper.jl:115
┌ Info: 2024-01-30T22:52:42.518 [5374:1]: Initialization non-linear solve succeeded with a tolerance of 1.0e-9 using solver trust_region. Saving solution.
└ @ PowerSimulationsDynamics /home/runner/work/PowerSimulationsDynamics.jl/PowerSimulationsDynamics.jl/src/base/nlsolve_wrapper.jl:82
┌ Info: 2024-01-30T22:52:42.518 [5374:1]: Attaching Perturbations
└ @ PowerSimulationsDynamics /home/runner/work/PowerSimulationsDynamics.jl/PowerSimulationsDynamics.jl/src/base/simulation.jl:299
┌ Info: 2024-01-30T22:52:43.017 [5374:1]: Simulations status = BUILT
└ @ PowerSimulationsDynamics /home/runner/work/PowerSimulationsDynamics.jl/PowerSimulationsDynamics.jl/src/base/simulation.jl:462
┌ Info: 2024-01-30T22:52:43.017 [5374:1]: 
│  ───────────────────────────────────────────────────────────────────────────────
│                                                      Time          Allocations  
│                                                ───────────────   ───────────────
│                 Total measured:                     16.8s             830MiB    
│ 
│  Section                               ncalls     time    %tot     alloc    %tot
│  ───────────────────────────────────────────────────────────────────────────────
│  Build Simulation                           1    16.8s  100.0%    830MiB  100.0%
│    Build Simulation Inputs                  1    1.80s   10.7%    127MiB   15.3%
│      Wrap Branches                          1   7.54μs    0.0%      208B    0.0%
│      Wrap Dynamic Injectors                 1    1.01s    6.0%   80.1MiB    9.7%
│      Calculate MM, DAE_vector, Tota...      1   67.4ms    0.4%   6.30MiB    0.8%
│      Wrap Static Injectors                  1   54.4ms    0.3%   1.63MiB    0.2%
│    Pre-initialization                       1    5.22s   31.1%    248MiB   29.8%
│      Power Flow solution                    1    1.69s   10.1%   41.6MiB    5.0%
│      Initialize Static Injectors            1    2.62s   15.6%   27.8MiB    3.3%
│      Initialize Dynamic Injectors           1    909ms    5.4%    178MiB   21.5%
│    Calculate Jacobian                       1    4.38s   26.1%    397MiB   47.8%
│    Make Model Function                      1   5.42ms    0.0%    122KiB    0.0%
│    Initial Condition NLsolve refine...      1    4.87s   29.0%   29.7MiB    3.6%
│    Build Perturbations                      1    210ms    1.3%   13.3MiB    1.6%
│    Make DiffEq Problem                      1    283ms    1.7%   15.5MiB    1.9%
│  ───────────────────────────────────────────────────────────────────────────────
│ 
└ @ PowerSimulationsDynamics /home/runner/work/PowerSimulationsDynamics.jl/PowerSimulationsDynamics.jl/src/base/simulation.jl:487
