┌ Info: 2023-06-28T06:41:01.609 [4461:1]: The reference Bus has a Source connected to it. The frequency reference model will change to ConstantFrequency
└ @ PowerSimulationsDynamics /home/runner/work/PowerSimulationsDynamics.jl/PowerSimulationsDynamics.jl/src/base/frequency_reference.jl:70
┌ Info: 2023-06-28T06:41:01.697 [4461:1]: Pre-Initializing Simulation States
└ @ PowerSimulationsDynamics /home/runner/work/PowerSimulationsDynamics.jl/PowerSimulationsDynamics.jl/src/base/simulation.jl:265
┌ Info: 2023-06-28T06:41:01.697 [4461:1]: Unit System changed to UnitSystem.SYSTEM_BASE = 0
└ @ PowerSystems /home/runner/.julia/packages/PowerSystems/cPv4x/src/base.jl:407
┌ Info: 2023-06-28T06:41:03.163 [4461:1]: PowerFlow solve converged, the results have been stored in the system
└ @ PowerFlows /home/runner/.julia/packages/PowerFlows/TDLGc/src/nlsolve_ac_powerflow.jl:45
┌ Info: 2023-06-28T06:41:03.163 [4461:1]: Unit System changed to UnitSystem.DEVICE_BASE = 1
└ @ PowerSystems /home/runner/.julia/packages/PowerSystems/cPv4x/src/base.jl:407
┌ Info: 2023-06-28T06:41:13.634 [4461:1]: Residual from initial guess: max = 4.212807880321634e-11 at 4, total = 5.4841923110646186e-11
└ @ PowerSimulationsDynamics /home/runner/work/PowerSimulationsDynamics.jl/PowerSimulationsDynamics.jl/src/base/nlsolve_wrapper.jl:101
┌ Info: 2023-06-28T06:41:13.660 [4461:1]: Initialization non-linear solve succeeded with a tolerance of 1.0e-9 using solver trust_region. Saving solution.
└ @ PowerSimulationsDynamics /home/runner/work/PowerSimulationsDynamics.jl/PowerSimulationsDynamics.jl/src/base/nlsolve_wrapper.jl:68
┌ Info: 2023-06-28T06:41:13.660 [4461:1]: Attaching Perturbations
└ @ PowerSimulationsDynamics /home/runner/work/PowerSimulationsDynamics.jl/PowerSimulationsDynamics.jl/src/base/simulation.jl:296
┌ Info: 2023-06-28T06:41:14.410 [4461:1]: Simulations status = BUILT
└ @ PowerSimulationsDynamics /home/runner/work/PowerSimulationsDynamics.jl/PowerSimulationsDynamics.jl/src/base/simulation.jl:426
┌ Info: 2023-06-28T06:41:14.411 [4461:1]: 
│  ───────────────────────────────────────────────────────────────────────────────
│                                                      Time          Allocations  
│                                                ───────────────   ───────────────
│                 Total measured:                     15.8s            0.95GiB    
│ 
│  Section                               ncalls     time    %tot     alloc    %tot
│  ───────────────────────────────────────────────────────────────────────────────
│  Build Simulation                           1    15.8s  100.0%   0.95GiB  100.0%
│    Build Simulation Inputs                  1    3.10s   19.6%    159MiB   16.2%
│      Wrap Branches                          1   11.3μs    0.0%      240B    0.0%
│      Wrap Dynamic Injectors                 1    1.67s   10.6%   87.4MiB    9.0%
│      Calculate MM, DAE_vector, Tota...      1   86.7ms    0.5%   6.91MiB    0.7%
│      Wrap Static Injectors                  1    139ms    0.9%   5.33MiB    0.5%
│    Pre-initialization                       1    3.93s   24.9%    266MiB   27.2%
│      Power Flow solution                    1    1.47s    9.3%   48.3MiB    4.9%
│      Initialize Static Injectors            1    532ms    3.4%   28.8MiB    2.9%
│      Initialize Dynamic Injectors           1    1.93s   12.2%    189MiB   19.3%
│    Calculate Jacobian                       1    5.97s   37.7%    493MiB   50.5%
│    Make Model Function                      1   8.77ms    0.1%   95.3KiB    0.0%
│    Initial Condition NLsolve refine...      1    2.05s   13.0%   26.3MiB    2.7%
│    Build Perturbations                      1    284ms    1.8%   17.0MiB    1.7%
│    Make DiffEq Problem                      1    459ms    2.9%   15.7MiB    1.6%
│  ───────────────────────────────────────────────────────────────────────────────
│ 
└ @ PowerSimulationsDynamics /home/runner/work/PowerSimulationsDynamics.jl/PowerSimulationsDynamics.jl/src/base/simulation.jl:451
