┌ Info: 2024-03-08T23:11:48.665 [5326:1]: The reference Bus has a Source connected to it. The frequency reference model will change to ConstantFrequency
└ @ PowerSimulationsDynamics /home/runner/work/PowerSimulationsDynamics.jl/PowerSimulationsDynamics.jl/src/base/frequency_reference.jl:70
┌ Info: 2024-03-08T23:11:48.692 [5326:1]: Pre-Initializing Simulation States
└ @ PowerSimulationsDynamics /home/runner/work/PowerSimulationsDynamics.jl/PowerSimulationsDynamics.jl/src/base/simulation.jl:265
┌ Info: 2024-03-08T23:11:48.692 [5326:1]: Unit System changed to UnitSystem.SYSTEM_BASE = 0
└ @ PowerSystems /home/runner/.julia/packages/PowerSystems/mjN6j/src/base.jl:395
┌ Info: 2024-03-08T23:11:50.333 [5326:1]: PowerFlow solve converged, the results have been stored in the system
└ @ PowerFlows /home/runner/.julia/packages/PowerFlows/6nw6s/src/nlsolve_ac_powerflow.jl:47
┌ Info: 2024-03-08T23:11:50.333 [5326:1]: Unit System changed to UnitSystem.DEVICE_BASE = 1
└ @ PowerSystems /home/runner/.julia/packages/PowerSystems/mjN6j/src/base.jl:395
┌ Info: 2024-03-08T23:12:02.555 [5326:1]: Residual from initial guess: max = 4.212807880321634e-11 at 4, total = 5.4841923110646186e-11
└ @ PowerSimulationsDynamics /home/runner/work/PowerSimulationsDynamics.jl/PowerSimulationsDynamics.jl/src/base/nlsolve_wrapper.jl:101
┌ Info: 2024-03-08T23:12:02.592 [5326:1]: Initialization non-linear solve succeeded with a tolerance of 1.0e-9 using solver trust_region. Saving solution.
└ @ PowerSimulationsDynamics /home/runner/work/PowerSimulationsDynamics.jl/PowerSimulationsDynamics.jl/src/base/nlsolve_wrapper.jl:68
┌ Info: 2024-03-08T23:12:02.592 [5326:1]: Attaching Perturbations
└ @ PowerSimulationsDynamics /home/runner/work/PowerSimulationsDynamics.jl/PowerSimulationsDynamics.jl/src/base/simulation.jl:296
┌ Info: 2024-03-08T23:12:03.081 [5326:1]: Simulations status = BUILT
└ @ PowerSimulationsDynamics /home/runner/work/PowerSimulationsDynamics.jl/PowerSimulationsDynamics.jl/src/base/simulation.jl:428
┌ Info: 2024-03-08T23:12:03.081 [5326:1]: 
│  ───────────────────────────────────────────────────────────────────────────────
│                                                      Time          Allocations  
│                                                ───────────────   ───────────────
│                 Total measured:                     16.2s             840MiB    
│ 
│  Section                               ncalls     time    %tot     alloc    %tot
│  ───────────────────────────────────────────────────────────────────────────────
│  Build Simulation                           1    16.2s  100.0%    840MiB  100.0%
│    Build Simulation Inputs                  1    1.83s   11.3%    125MiB   14.9%
│      Wrap Branches                          1   11.9μs    0.0%      208B    0.0%
│      Wrap Dynamic Injectors                 1    1.02s    6.3%   77.9MiB    9.3%
│      Calculate MM, DAE_vector, Tota...      1    120ms    0.7%   6.30MiB    0.8%
│      Wrap Static Injectors                  1   55.5ms    0.3%   1.63MiB    0.2%
│    Pre-initialization                       1    4.74s   29.2%    260MiB   30.9%
│      Power Flow solution                    1    1.68s   10.4%   41.5MiB    4.9%
│      Initialize Static Injectors            1    2.09s   12.9%   27.4MiB    3.3%
│      Initialize Dynamic Injectors           1    974ms    6.0%    191MiB   22.7%
│    Calculate Jacobian                       1    4.40s   27.1%    399MiB   47.4%
│    Make Model Function                      1   5.46ms    0.0%    122KiB    0.0%
│    Initial Condition NLsolve refine...      1    4.76s   29.3%   29.9MiB    3.6%
│    Build Perturbations                      1    207ms    1.3%   13.4MiB    1.6%
│    Make DiffEq Problem                      1    277ms    1.7%   14.0MiB    1.7%
│  ───────────────────────────────────────────────────────────────────────────────
│ 
└ @ PowerSimulationsDynamics /home/runner/work/PowerSimulationsDynamics.jl/PowerSimulationsDynamics.jl/src/base/simulation.jl:453
