┌ Info: 2024-07-10T15:18:17.786 [5622:1]: The reference Bus has a Source connected to it. The frequency reference model will change to ConstantFrequency
└ @ PowerSimulationsDynamics /home/runner/work/PowerSimulationsDynamics.jl/PowerSimulationsDynamics.jl/src/base/frequency_reference.jl:70
┌ Info: 2024-07-10T15:18:17.812 [5622:1]: Pre-Initializing Simulation States
└ @ PowerSimulationsDynamics /home/runner/work/PowerSimulationsDynamics.jl/PowerSimulationsDynamics.jl/src/base/simulation.jl:265
┌ Info: 2024-07-10T15:18:17.812 [5622:1]: Unit System changed to UnitSystem.SYSTEM_BASE = 0
└ @ PowerSystems /home/runner/.julia/packages/PowerSystems/F94iA/src/base.jl:491
┌ Info: 2024-07-10T15:18:19.570 [5622:1]: PowerFlow solve converged, the results have been stored in the system
└ @ PowerFlows /home/runner/.julia/packages/PowerFlows/zesCE/src/nlsolve_ac_powerflow.jl:47
┌ Info: 2024-07-10T15:18:19.571 [5622:1]: Unit System changed to UnitSystem.DEVICE_BASE = 1
└ @ PowerSystems /home/runner/.julia/packages/PowerSystems/F94iA/src/base.jl:491
┌ Info: 2024-07-10T15:18:33.033 [5622:1]: Residual from initial guess: max = 4.212807880321634e-11 at 4, total = 5.4841923110646186e-11
└ @ PowerSimulationsDynamics /home/runner/work/PowerSimulationsDynamics.jl/PowerSimulationsDynamics.jl/src/base/nlsolve_wrapper.jl:115
┌ Info: 2024-07-10T15:18:33.076 [5622:1]: Initialization non-linear solve succeeded with a tolerance of 1.0e-9 using solver trust_region. Saving solution.
└ @ PowerSimulationsDynamics /home/runner/work/PowerSimulationsDynamics.jl/PowerSimulationsDynamics.jl/src/base/nlsolve_wrapper.jl:82
┌ Info: 2024-07-10T15:18:33.076 [5622:1]: Attaching Perturbations
└ @ PowerSimulationsDynamics /home/runner/work/PowerSimulationsDynamics.jl/PowerSimulationsDynamics.jl/src/base/simulation.jl:299
┌ Info: 2024-07-10T15:18:33.640 [5622:1]: Simulations status = BUILT
└ @ PowerSimulationsDynamics /home/runner/work/PowerSimulationsDynamics.jl/PowerSimulationsDynamics.jl/src/base/simulation.jl:462
┌ Info: 2024-07-10T15:18:33.640 [5622:1]: 
│  ───────────────────────────────────────────────────────────────────────────────
│                                                      Time          Allocations  
│                                                ───────────────   ───────────────
│                 Total measured:                     17.8s             819MiB    
│ 
│  Section                               ncalls     time    %tot     alloc    %tot
│  ───────────────────────────────────────────────────────────────────────────────
│  Build Simulation                           1    17.8s  100.0%    819MiB  100.0%
│    Build Simulation Inputs                  1    2.01s   11.3%    124MiB   15.1%
│      Wrap Branches                          1   10.5μs    0.0%      208B    0.0%
│      Wrap Dynamic Injectors                 1    1.17s    6.5%   78.1MiB    9.5%
│      Calculate MM, DAE_vector, Tota...      1   74.1ms    0.4%   6.28MiB    0.8%
│      Wrap Static Injectors                  1   64.5ms    0.4%   1.63MiB    0.2%
│    Pre-initialization                       1    5.00s   28.0%    242MiB   29.6%
│      Power Flow solution                    1    1.80s   10.1%   43.4MiB    5.3%
│      Initialize Static Injectors            1    2.22s   12.4%   27.4MiB    3.3%
│      Initialize Dynamic Injectors           1    987ms    5.5%    172MiB   20.9%
│    Calculate Jacobian                       1    4.95s   27.8%    396MiB   48.3%
│    Make Model Function                      1   6.49ms    0.0%    122KiB    0.0%
│    Initial Condition NLsolve refine...      1    5.30s   29.7%   29.9MiB    3.6%
│    Build Perturbations                      1    256ms    1.4%   13.6MiB    1.7%
│    Make DiffEq Problem                      1    301ms    1.7%   14.0MiB    1.7%
│  ───────────────────────────────────────────────────────────────────────────────
│ 
└ @ PowerSimulationsDynamics /home/runner/work/PowerSimulationsDynamics.jl/PowerSimulationsDynamics.jl/src/base/simulation.jl:487
