┌ Info: 2022-08-12T00:19:08.718 [3074:1]: Validating connectivity with Goderya algorithm
└ @ PowerSystems /home/runner/.julia/packages/PowerSystems/zVsmd/src/utils/network_calculations/ybus_calculations.jl:318
┌ Info: 2022-08-12T00:19:08.947 [3074:1]: The System has no islands
└ @ PowerSystems /home/runner/.julia/packages/PowerSystems/zVsmd/src/utils/network_calculations/ybus_calculations.jl:264
┌ Info: 2022-08-12T00:19:10.708 [3074:1]: The reference Bus has a Source connected to it. The frequency reference model will change to ConstantFrequency
└ @ PowerSimulationsDynamics /home/runner/work/PowerSimulationsDynamics.jl/PowerSimulationsDynamics.jl/src/base/frequency_reference.jl:70
┌ Info: 2022-08-12T00:19:10.720 [3074:1]: Pre-Initializing Simulation States
└ @ PowerSimulationsDynamics /home/runner/work/PowerSimulationsDynamics.jl/PowerSimulationsDynamics.jl/src/base/simulation.jl:263
┌ Info: 2022-08-12T00:19:10.720 [3074:1]: Unit System changed to UnitSystem.SYSTEM_BASE = 0
└ @ PowerSystems /home/runner/.julia/packages/PowerSystems/zVsmd/src/base.jl:346
┌ Info: 2022-08-12T00:19:10.720 [3074:1]: Validating connectivity with Goderya algorithm
└ @ PowerSystems /home/runner/.julia/packages/PowerSystems/zVsmd/src/utils/network_calculations/ybus_calculations.jl:318
┌ Info: 2022-08-12T00:19:10.720 [3074:1]: The System has no islands
└ @ PowerSystems /home/runner/.julia/packages/PowerSystems/zVsmd/src/utils/network_calculations/ybus_calculations.jl:264
┌ Info: 2022-08-12T00:19:12.075 [3074:1]: PowerFlow solve converged, the results have been stored in the system
└ @ PowerFlows /home/runner/.julia/packages/PowerFlows/4i4mk/src/nlsolve_powerflow.jl:45
┌ Info: 2022-08-12T00:19:12.075 [3074:1]: Unit System changed to UnitSystem.DEVICE_BASE = 1
└ @ PowerSystems /home/runner/.julia/packages/PowerSystems/zVsmd/src/base.jl:346
┌ Info: 2022-08-12T00:19:29.386 [3074:1]: Residual from initial guess: max = 4.2092551666428335e-11 at 4, total = 9.411137286670638e-11
└ @ PowerSimulationsDynamics /home/runner/work/PowerSimulationsDynamics.jl/PowerSimulationsDynamics.jl/src/base/nlsolve_wrapper.jl:97
┌ Info: 2022-08-12T00:19:29.436 [3074:1]: Initialization non-linear solve succeeded with a tolerance of 1.0e-9 using solver trust_region. Saving solution.
└ @ PowerSimulationsDynamics /home/runner/work/PowerSimulationsDynamics.jl/PowerSimulationsDynamics.jl/src/base/nlsolve_wrapper.jl:65
┌ Info: 2022-08-12T00:19:29.436 [3074:1]: Attaching Perturbations
└ @ PowerSimulationsDynamics /home/runner/work/PowerSimulationsDynamics.jl/PowerSimulationsDynamics.jl/src/base/simulation.jl:296
┌ Info: 2022-08-12T00:19:30.495 [3074:1]: Simulations status = BUILT
└ @ PowerSimulationsDynamics /home/runner/work/PowerSimulationsDynamics.jl/PowerSimulationsDynamics.jl/src/base/simulation.jl:416
┌ Info: 2022-08-12T00:19:30.550 [3074:1]: 
│  ───────────────────────────────────────────────────────────────────────────────
│                                                      Time          Allocations  
│                                                ───────────────   ───────────────
│                 Total measured:                     24.1s            3.38GiB    
│ 
│  Section                               ncalls     time    %tot     alloc    %tot
│  ───────────────────────────────────────────────────────────────────────────────
│  Build Simulation                           1    23.9s  100.0%   3.36GiB  100.0%
│    Build Simulation Inputs                  1    4.14s   17.3%    221MiB    6.4%
│      Wrap Branches                          1   7.00μs    0.0%      176B    0.0%
│      Wrap Dynamic Injectors                 1    1.42s    5.9%    115MiB    3.3%
│      Calculate MM, DAE_vector, Tota...      1    113ms    0.5%   23.4MiB    0.7%
│      Wrap Static Injectors                  1    228ms    1.0%   4.97MiB    0.1%
│    Pre-initialization                       1    10.1s   42.4%   1.63GiB   48.5%
│      Power Flow solution                    1    1.35s    5.7%   67.1MiB    2.0%
│      Initialize Static Injectors            1    2.64s   11.0%   75.9MiB    2.2%
│      Initialize Dynamic Injectors           1    6.15s   25.7%   1.49GiB   44.3%
│    Calculate Jacobian                       1    6.65s   27.8%   1.31GiB   38.9%
│    Make Model Function                      1   86.2ms    0.4%   10.9MiB    0.3%
│    Initial Condition NLsolve refine...      1    1.83s    7.6%   45.5MiB    1.3%
│    Build Perturbations                      1    498ms    2.1%    102MiB    3.0%
│    Make DiffEq Problem                      1    555ms    2.3%   52.5MiB    1.5%
│  ───────────────────────────────────────────────────────────────────────────────
│ 
└ @ PowerSimulationsDynamics /home/runner/work/PowerSimulationsDynamics.jl/PowerSimulationsDynamics.jl/src/base/simulation.jl:441
┌ Warning: 2022-08-12T00:20:01.431 [3074:1]: Unrecognized keyword arguments found. Future versions will error.
│ The only allowed keyword arguments to `solve` are:
│ (:dense, :saveat, :save_idxs, :tstops, :tspan, :d_discontinuities, :save_everystep, :save_on, :save_start, :save_end, :initialize_save, :adaptive, :abstol, :reltol, :dt, :dtmax, :dtmin, :force_dtmin, :internalnorm, :controller, :gamma, :beta1, :beta2, :qmax, :qmin, :qsteady_min, :qsteady_max, :qoldinit, :failfactor, :calck, :alias_u0, :maxiters, :callback, :isoutofdomain, :unstable_check, :verbose, :merge_callbacks, :progress, :progress_steps, :progress_name, :progress_message, :timeseries_errors, :dense_errors, :weak_timeseries_errors, :weak_dense_errors, :calculate_errors, :initializealg, :alg, :save_noise, :delta, :seed, :alg_hints, :kwargshandle, :trajectories, :batch_size, :sensealg, :advance_to_tstop, :stop_at_next_tstop, :default_set, :second_time, :prob_choice)
│ 
│ See https://diffeq.sciml.ai/stable/basics/common_solver_opts/ for more details.
│ 
│ Set kwargshandle=KeywordArgError for an error message.
│ Set kwargshandle=KeywordArgSilent to ignore this message.
└ @ DiffEqBase /home/runner/.julia/packages/DiffEqBase/72SnT/src/solve.jl:835
