┌ Info: 2022-04-28T01:28:31.454 [2880:1]: Validating connectivity with Goderya algorithm
└ @ PowerSystems /home/runner/.julia/packages/PowerSystems/kp7iu/src/utils/network_calculations/ybus_calculations.jl:308
┌ Info: 2022-04-28T01:28:31.674 [2880:1]: The System has no islands
└ @ PowerSystems /home/runner/.julia/packages/PowerSystems/kp7iu/src/utils/network_calculations/ybus_calculations.jl:254
┌ Info: 2022-04-28T01:28:33.428 [2880:1]: The reference Bus has a Source connected to it. The frequency reference model will change to ConstantFrequency
└ @ PowerSimulationsDynamics /home/runner/work/PowerSimulationsDynamics.jl/PowerSimulationsDynamics.jl/src/base/frequency_reference.jl:70
┌ Info: 2022-04-28T01:28:33.439 [2880:1]: Pre-Initializing Simulation States
└ @ PowerSimulationsDynamics /home/runner/work/PowerSimulationsDynamics.jl/PowerSimulationsDynamics.jl/src/base/simulation.jl:263
┌ Info: 2022-04-28T01:28:33.439 [2880:1]: Unit System changed to UnitSystem.SYSTEM_BASE = 0
└ @ PowerSystems /home/runner/.julia/packages/PowerSystems/kp7iu/src/base.jl:346
┌ Info: 2022-04-28T01:28:33.439 [2880:1]: Validating connectivity with Goderya algorithm
└ @ PowerSystems /home/runner/.julia/packages/PowerSystems/kp7iu/src/utils/network_calculations/ybus_calculations.jl:308
┌ Info: 2022-04-28T01:28:33.439 [2880:1]: The System has no islands
└ @ PowerSystems /home/runner/.julia/packages/PowerSystems/kp7iu/src/utils/network_calculations/ybus_calculations.jl:254
┌ Info: 2022-04-28T01:28:34.694 [2880:1]: PowerFlow solve converged, the results have been stored in the system
└ @ PowerFlows /home/runner/.julia/packages/PowerFlows/SXykU/src/nlsolve_powerflow.jl:45
┌ Info: 2022-04-28T01:28:34.694 [2880:1]: Unit System changed to UnitSystem.DEVICE_BASE = 1
└ @ PowerSystems /home/runner/.julia/packages/PowerSystems/kp7iu/src/base.jl:346
┌ Error: 2022-04-28T01:28:44.680 [2880:1]: ResidualModel failed to build
│   exception = (UndefVarError(:device_states), Union{Ptr{Nothing}, Base.InterpreterIP}[Ptr{Nothing} @0x00007f2fa0cea47f, Ptr{Nothing} @0x00007f2fa0d871a1, Ptr{Nothing} @0x00007f2f4efb85b5, Ptr{Nothing} @0x00007f2f4efb8cd2, Ptr{Nothing} @0x00007f2f4efb8edc, Ptr{Nothing} @0x00007f2fa0d6ae09, Ptr{Nothing} @0x00007f2f4efad4a8, Ptr{Nothing} @0x00007f2f4efb07ea, Ptr{Nothing} @0x00007f2f4efb0fcb, Ptr{Nothing} @0x00007f2f4efb3560, Ptr{Nothing} @0x00007f2f4efb35d9, Ptr{Nothing} @0x00007f2fa0d6ae09, Ptr{Nothing} @0x00007f2f4efa0ae0, Ptr{Nothing} @0x00007f2f4efa1355, Ptr{Nothing} @0x00007f2f4efa13b4, Ptr{Nothing} @0x00007f2fa0d6ae09, Ptr{Nothing} @0x00007f2f4ef339cb, Ptr{Nothing} @0x00007f2f4ef365e0, Ptr{Nothing} @0x00007f2f4ef3cfa6, Ptr{Nothing} @0x00007f2f4ef3cfbf, Ptr{Nothing} @0x00007f2fa0d6ae09, Ptr{Nothing} @0x00007f2f8c5d51e8, Ptr{Nothing} @0x00007f2f4eed1326, Ptr{Nothing} @0x00007f2f4eed1fa1, Ptr{Nothing} @0x00007f2f4eed2109, Ptr{Nothing} @0x00007f2f4eed2195, Ptr{Nothing} @0x00007f2fa0d6ae09, Ptr{Nothing} @0x00007f2fa0d89e95, Ptr{Nothing} @0x00007f2fa0d8990d, Ptr{Nothing} @0x00007f2fa0d8a6d1, Ptr{Nothing} @0x00007f2fa0d8b2f7, Base.InterpreterIP in top-level CodeInfo for Main.__atexample__named__quick_start_guide at statement 1, Ptr{Nothing} @0x00007f2fa0da87a3, Ptr{Nothing} @0x00007f2fa0da89e4, Ptr{Nothing} @0x00007f2fa0daa629, Ptr{Nothing} @0x00007f2f8aa2bf27, Ptr{Nothing} @0x00007f2f8aa2c22e, Ptr{Nothing} @0x00007f2f8aa2cc1e, Ptr{Nothing} @0x00007f2f8aa2d2bf, Ptr{Nothing} @0x00007f2fa0d6ae09, Ptr{Nothing} @0x00007f2f8c5d51e8, Ptr{Nothing} @0x00007f2f8aa2baae, Ptr{Nothing} @0x00007f2f8aa2bc7a, Ptr{Nothing} @0x00007f2fa0d6ae09, Ptr{Nothing} @0x00007f2f8aa2a9c0, Ptr{Nothing} @0x00007f2f8aa2aa21, Ptr{Nothing} @0x00007f2fa0d6ae09, Ptr{Nothing} @0x00007f2f8aa27739, Ptr{Nothing} @0x00007f2f8aa285ec, Ptr{Nothing} @0x00007f2fa0d6ae09, Ptr{Nothing} @0x00007f2fa0d7d158, Ptr{Nothing} @0x00007f2f8a9e6c5b, Ptr{Nothing} @0x00007f2fa0d6ae09, Ptr{Nothing} @0x00007f2f8a9e3590, Ptr{Nothing} @0x00007f2f8a9e3a2f, Ptr{Nothing} @0x00007f2f8a9e3c4e, Ptr{Nothing} @0x00007f2fa0d6ae09, Ptr{Nothing} @0x00007f2f8a9a460b, Ptr{Nothing} @0x00007f2f8a9a47e0, Ptr{Nothing} @0x00007f2f8a9a9c41, Ptr{Nothing} @0x00007f2f8a9a9cbd, Ptr{Nothing} @0x00007f2fa0d6ae09, Ptr{Nothing} @0x00007f2fa0d89e95, Ptr{Nothing} @0x00007f2fa0d8990d, Ptr{Nothing} @0x00007f2fa0d8a6d1, Ptr{Nothing} @0x00007f2fa0d8b2f7, Base.InterpreterIP in top-level CodeInfo for Main at statement 50, Ptr{Nothing} @0x00007f2fa0da87a3, Ptr{Nothing} @0x00007f2fa0da89e4, Ptr{Nothing} @0x00007f2fa0daa629, Ptr{Nothing} @0x00007f2f8cedf83a, Ptr{Nothing} @0x00007f2fa0d6ae09, Ptr{Nothing} @0x00007f2f8cfcf35a, Ptr{Nothing} @0x00007f2f8caecc15, Ptr{Nothing} @0x00007f2fa0d6ae09, Ptr{Nothing} @0x00007f2f8d05564b, Ptr{Nothing} @0x00007f2f8cb0f0f7, Ptr{Nothing} @0x00007f2f8cb0f268, Ptr{Nothing} @0x00007f2fa0d6ae09, Ptr{Nothing} @0x00007f2fa0dce2d5, Ptr{Nothing} @0x00007f2fa0dcec7c, Ptr{Nothing} @0x00000000004007d8, Ptr{Nothing} @0x00007f2fa19550b2, Ptr{Nothing} @0x0000000000400808])
└ @ PowerSimulationsDynamics /home/runner/work/PowerSimulationsDynamics.jl/PowerSimulationsDynamics.jl/src/base/simulation.jl:418
