┌ Info: 2021-05-05T00:07:58.430 [2562:1]: Unit System changed to UnitSystem.DEVICE_BASE = 1
└ @ PowerSystems /home/runner/.julia/packages/PowerSystems/RdpU1/src/base.jl:320
┌ Info: 2021-05-05T00:07:59.026 [2562:1]: The System has no islands
└ @ PowerSystems /home/runner/.julia/packages/PowerSystems/RdpU1/src/utils/network_calculations/ybus_calculations.jl:229
┌ Debug: 2021-05-05T00:07:59.026 [2562:1]: System doesn't contain Dynamic Branches
└ @ PowerSimulationsDynamics /home/runner/work/PowerSimulationsDynamics.jl/PowerSimulationsDynamics.jl/src/base/simulation_inputs.jl:121
┌ Debug: 2021-05-05T00:07:59.397 [2562:1]: generator-102-1
└ @ PowerSimulationsDynamics /home/runner/work/PowerSimulationsDynamics.jl/PowerSimulationsDynamics.jl/src/base/simulation_inputs.jl:150
┌ Debug: 2021-05-05T00:08:01.589 [2562:1]: 2
└ @ PowerSimulationsDynamics /home/runner/work/PowerSimulationsDynamics.jl/PowerSimulationsDynamics.jl/src/base/simulation_inputs.jl:181
┌ Debug: 2021-05-05T00:08:01.650 [2562:1]: Simulation Inputs Created
└ @ PowerSimulationsDynamics /home/runner/work/PowerSimulationsDynamics.jl/PowerSimulationsDynamics.jl/src/base/simulation.jl:171
┌ Info: 2021-05-05T00:08:01.651 [2562:1]: Initializing Simulation States
└ @ PowerSimulationsDynamics /home/runner/work/PowerSimulationsDynamics.jl/PowerSimulationsDynamics.jl/src/base/simulation.jl:181
┌ Debug: 2021-05-05T00:08:01.651 [2562:1]: Auxiliary Arrays created with Type Float64
└ @ PowerSimulationsDynamics /home/runner/work/PowerSimulationsDynamics.jl/PowerSimulationsDynamics.jl/src/base/simulation.jl:209
┌ Debug: 2021-05-05T00:08:01.651 [2562:1]: Start state intialization routine
└ @ PowerSimulationsDynamics /home/runner/work/PowerSimulationsDynamics.jl/PowerSimulationsDynamics.jl/src/base/simulation_initialization.jl:2
┌ Info: 2021-05-05T00:08:01.651 [2562:1]: Unit System changed to UnitSystem.SYSTEM_BASE = 0
└ @ PowerSystems /home/runner/.julia/packages/PowerSystems/RdpU1/src/base.jl:320
┌ Info: 2021-05-05T00:08:01.651 [2562:1]: The System has no islands
└ @ PowerSystems /home/runner/.julia/packages/PowerSystems/RdpU1/src/utils/network_calculations/ybus_calculations.jl:229
┌ Info: 2021-05-05T00:08:03.628 [2562:1]: PowerFlow solve converged, the results have been stored in the system
└ @ PowerSystems /home/runner/.julia/packages/PowerSystems/RdpU1/src/utils/power_flow.jl:307
┌ Info: 2021-05-05T00:08:03.628 [2562:1]: Unit System changed to UnitSystem.DEVICE_BASE = 1
└ @ PowerSystems /home/runner/.julia/packages/PowerSystems/RdpU1/src/base.jl:326
┌ Debug: 2021-05-05T00:08:03.628 [2562:1]: Setting up initilization indexing
└ @ PowerSimulationsDynamics /home/runner/work/PowerSimulationsDynamics.jl/PowerSimulationsDynamics.jl/src/base/simulation_initialization.jl:13
┌ Debug: 2021-05-05T00:08:03.628 [2562:1]: Updating Voltage guess
└ @ PowerSimulationsDynamics /home/runner/work/PowerSimulationsDynamics.jl/PowerSimulationsDynamics.jl/src/base/simulation_initialization.jl:22
┌ Debug: 2021-05-05T00:08:03.628 [2562:1]: BUS 1
└ @ PowerSimulationsDynamics /home/runner/work/PowerSimulationsDynamics.jl/PowerSimulationsDynamics.jl/src/base/simulation_initialization.jl:24
┌ Debug: 2021-05-05T00:08:03.710 [2562:1]: V_r
│   PSY.get_magnitude(bus) * cos(PSY.get_angle(bus)) = 1.05
└ @ PowerSimulationsDynamics /home/runner/work/PowerSimulationsDynamics.jl/PowerSimulationsDynamics.jl/src/base/simulation_initialization.jl:25
┌ Debug: 2021-05-05T00:08:03.835 [2562:1]: V_i
│   PSY.get_magnitude(bus) * sin(PSY.get_angle(bus)) = 0.0
└ @ PowerSimulationsDynamics /home/runner/work/PowerSimulationsDynamics.jl/PowerSimulationsDynamics.jl/src/base/simulation_initialization.jl:26
┌ Debug: 2021-05-05T00:08:03.867 [2562:1]: BUS 2
└ @ PowerSimulationsDynamics /home/runner/work/PowerSimulationsDynamics.jl/PowerSimulationsDynamics.jl/src/base/simulation_initialization.jl:24
┌ Debug: 2021-05-05T00:08:03.867 [2562:1]: V_r
│   PSY.get_magnitude(bus) * cos(PSY.get_angle(bus)) = 1.039727418725999
└ @ PowerSimulationsDynamics /home/runner/work/PowerSimulationsDynamics.jl/PowerSimulationsDynamics.jl/src/base/simulation_initialization.jl:25
┌ Debug: 2021-05-05T00:08:03.867 [2562:1]: V_i
│   PSY.get_magnitude(bus) * sin(PSY.get_angle(bus)) = 0.023809551641536846
└ @ PowerSimulationsDynamics /home/runner/work/PowerSimulationsDynamics.jl/PowerSimulationsDynamics.jl/src/base/simulation_initialization.jl:26
┌ Debug: 2021-05-05T00:08:03.867 [2562:1]: Updating Source internal voltages
└ @ PowerSimulationsDynamics /home/runner/work/PowerSimulationsDynamics.jl/PowerSimulationsDynamics.jl/src/base/simulation_initialization.jl:33
┌ Debug: 2021-05-05T00:08:06.934 [2562:1]: Updating Dynamic Injection Component Initial Guess
└ @ PowerSimulationsDynamics /home/runner/work/PowerSimulationsDynamics.jl/PowerSimulationsDynamics.jl/src/base/simulation_initialization.jl:41
┌ Debug: 2021-05-05T00:08:07.033 [2562:1]: generator-102-1
│   typeof(d) = ThermalStandard
│   typeof(dynamic_device) = DynamicGenerator{BaseMachine, SingleMass, AVRFixed, TGFixed, PSSFixed}
└ @ PowerSimulationsDynamics /home/runner/work/PowerSimulationsDynamics.jl/PowerSimulationsDynamics.jl/src/base/simulation_initialization.jl:44
┌ Debug: 2021-05-05T00:08:08.325 [2562:1]: Updating Component Initial Guess
└ @ PowerSimulationsDynamics /home/runner/work/PowerSimulationsDynamics.jl/PowerSimulationsDynamics.jl/src/base/simulation_initialization.jl:56
┌ Debug: 2021-05-05T00:08:08.325 [2562:1]: No Dynamic Branches in the system
└ @ PowerSimulationsDynamics /home/runner/work/PowerSimulationsDynamics.jl/PowerSimulationsDynamics.jl/src/base/simulation_initialization.jl:74
┌ Debug: 2021-05-05T00:08:08.325 [2562:1]: Start NLSolve System Run
└ @ PowerSimulationsDynamics /home/runner/work/PowerSimulationsDynamics.jl/PowerSimulationsDynamics.jl/src/base/simulation_initialization.jl:101
┌ Debug: 2021-05-05T00:08:08.557 [2562:1]: [1.05, 1.039727418725999, 0.0, 0.023809551641536846, 0.539920981973487, 1.0]
└ @ PowerSimulationsDynamics /home/runner/work/PowerSimulationsDynamics.jl/PowerSimulationsDynamics.jl/src/base/simulation_initialization.jl:102
┌ Debug: 2021-05-05T00:08:11.467 [2562:1]: Write result to initial guess vector
└ @ PowerSimulationsDynamics /home/runner/work/PowerSimulationsDynamics.jl/PowerSimulationsDynamics.jl/src/base/simulation_initialization.jl:137
┌ Info: 2021-05-05T00:08:11.467 [2562:1]: Attaching Perturbations
└ @ PowerSimulationsDynamics /home/runner/work/PowerSimulationsDynamics.jl/PowerSimulationsDynamics.jl/src/base/simulation.jl:221
┌ Debug: 2021-05-05T00:08:11.748 [2562:1]: BranchTrip(1.0, "BUS 1-BUS 2-i_1")
└ @ PowerSimulationsDynamics /home/runner/work/PowerSimulationsDynamics.jl/PowerSimulationsDynamics.jl/src/base/simulation.jl:232
┌ Debug: 2021-05-05T00:08:12.054 [2562:1]: Auxiliary Arrays created with Type Float64
└ @ PowerSimulationsDynamics /home/runner/work/PowerSimulationsDynamics.jl/PowerSimulationsDynamics.jl/src/base/simulation.jl:209
┌ Info: 2021-05-05T00:08:12.463 [2562:1]: Completed Build Successfully. Simulations status = BUILT
└ @ PowerSimulationsDynamics /home/runner/work/PowerSimulationsDynamics.jl/PowerSimulationsDynamics.jl/src/base/simulation.jl:204
┌ Info: 2021-05-05T00:08:44.833 [2562:1]: Unit System changed to UnitSystem.DEVICE_BASE = 1
└ @ PowerSystems /home/runner/.julia/packages/PowerSystems/RdpU1/src/base.jl:320
┌ Info: 2021-05-05T00:08:44.833 [2562:1]: The System has no islands
└ @ PowerSystems /home/runner/.julia/packages/PowerSystems/RdpU1/src/utils/network_calculations/ybus_calculations.jl:229
┌ Debug: 2021-05-05T00:08:44.833 [2562:1]: System doesn't contain Dynamic Branches
└ @ PowerSimulationsDynamics /home/runner/work/PowerSimulationsDynamics.jl/PowerSimulationsDynamics.jl/src/base/simulation_inputs.jl:121
┌ Debug: 2021-05-05T00:08:44.834 [2562:1]: generator-102-1
└ @ PowerSimulationsDynamics /home/runner/work/PowerSimulationsDynamics.jl/PowerSimulationsDynamics.jl/src/base/simulation_inputs.jl:150
┌ Debug: 2021-05-05T00:08:44.834 [2562:1]: 2
└ @ PowerSimulationsDynamics /home/runner/work/PowerSimulationsDynamics.jl/PowerSimulationsDynamics.jl/src/base/simulation_inputs.jl:181
┌ Debug: 2021-05-05T00:08:44.834 [2562:1]: Simulation Inputs Created
└ @ PowerSimulationsDynamics /home/runner/work/PowerSimulationsDynamics.jl/PowerSimulationsDynamics.jl/src/base/simulation.jl:171
┌ Info: 2021-05-05T00:08:44.834 [2562:1]: Initializing Simulation States
└ @ PowerSimulationsDynamics /home/runner/work/PowerSimulationsDynamics.jl/PowerSimulationsDynamics.jl/src/base/simulation.jl:181
┌ Debug: 2021-05-05T00:08:44.834 [2562:1]: Auxiliary Arrays created with Type Float64
└ @ PowerSimulationsDynamics /home/runner/work/PowerSimulationsDynamics.jl/PowerSimulationsDynamics.jl/src/base/simulation.jl:209
┌ Debug: 2021-05-05T00:08:44.834 [2562:1]: Start state intialization routine
└ @ PowerSimulationsDynamics /home/runner/work/PowerSimulationsDynamics.jl/PowerSimulationsDynamics.jl/src/base/simulation_initialization.jl:2
┌ Info: 2021-05-05T00:08:44.834 [2562:1]: Unit System changed to UnitSystem.SYSTEM_BASE = 0
└ @ PowerSystems /home/runner/.julia/packages/PowerSystems/RdpU1/src/base.jl:320
┌ Info: 2021-05-05T00:08:44.834 [2562:1]: The System has no islands
└ @ PowerSystems /home/runner/.julia/packages/PowerSystems/RdpU1/src/utils/network_calculations/ybus_calculations.jl:229
┌ Info: 2021-05-05T00:08:44.834 [2562:1]: PowerFlow solve converged, the results have been stored in the system
└ @ PowerSystems /home/runner/.julia/packages/PowerSystems/RdpU1/src/utils/power_flow.jl:307
┌ Info: 2021-05-05T00:08:44.834 [2562:1]: Unit System changed to UnitSystem.DEVICE_BASE = 1
└ @ PowerSystems /home/runner/.julia/packages/PowerSystems/RdpU1/src/base.jl:326
┌ Debug: 2021-05-05T00:08:44.834 [2562:1]: Setting up initilization indexing
└ @ PowerSimulationsDynamics /home/runner/work/PowerSimulationsDynamics.jl/PowerSimulationsDynamics.jl/src/base/simulation_initialization.jl:13
┌ Debug: 2021-05-05T00:08:44.835 [2562:1]: Updating Voltage guess
└ @ PowerSimulationsDynamics /home/runner/work/PowerSimulationsDynamics.jl/PowerSimulationsDynamics.jl/src/base/simulation_initialization.jl:22
┌ Debug: 2021-05-05T00:08:44.835 [2562:1]: BUS 1
└ @ PowerSimulationsDynamics /home/runner/work/PowerSimulationsDynamics.jl/PowerSimulationsDynamics.jl/src/base/simulation_initialization.jl:24
┌ Debug: 2021-05-05T00:08:44.835 [2562:1]: V_r
│   PSY.get_magnitude(bus) * cos(PSY.get_angle(bus)) = 1.05
└ @ PowerSimulationsDynamics /home/runner/work/PowerSimulationsDynamics.jl/PowerSimulationsDynamics.jl/src/base/simulation_initialization.jl:25
┌ Debug: 2021-05-05T00:08:44.835 [2562:1]: V_i
│   PSY.get_magnitude(bus) * sin(PSY.get_angle(bus)) = 0.0
└ @ PowerSimulationsDynamics /home/runner/work/PowerSimulationsDynamics.jl/PowerSimulationsDynamics.jl/src/base/simulation_initialization.jl:26
┌ Debug: 2021-05-05T00:08:44.835 [2562:1]: BUS 2
└ @ PowerSimulationsDynamics /home/runner/work/PowerSimulationsDynamics.jl/PowerSimulationsDynamics.jl/src/base/simulation_initialization.jl:24
┌ Debug: 2021-05-05T00:08:44.835 [2562:1]: V_r
│   PSY.get_magnitude(bus) * cos(PSY.get_angle(bus)) = 1.039727418725999
└ @ PowerSimulationsDynamics /home/runner/work/PowerSimulationsDynamics.jl/PowerSimulationsDynamics.jl/src/base/simulation_initialization.jl:25
┌ Debug: 2021-05-05T00:08:44.835 [2562:1]: V_i
│   PSY.get_magnitude(bus) * sin(PSY.get_angle(bus)) = 0.023809551641536846
└ @ PowerSimulationsDynamics /home/runner/work/PowerSimulationsDynamics.jl/PowerSimulationsDynamics.jl/src/base/simulation_initialization.jl:26
┌ Debug: 2021-05-05T00:08:44.835 [2562:1]: Updating Source internal voltages
└ @ PowerSimulationsDynamics /home/runner/work/PowerSimulationsDynamics.jl/PowerSimulationsDynamics.jl/src/base/simulation_initialization.jl:33
┌ Debug: 2021-05-05T00:08:44.835 [2562:1]: Updating Dynamic Injection Component Initial Guess
└ @ PowerSimulationsDynamics /home/runner/work/PowerSimulationsDynamics.jl/PowerSimulationsDynamics.jl/src/base/simulation_initialization.jl:41
┌ Debug: 2021-05-05T00:08:44.835 [2562:1]: generator-102-1
│   typeof(d) = ThermalStandard
│   typeof(dynamic_device) = DynamicGenerator{BaseMachine, SingleMass, AVRFixed, TGFixed, PSSFixed}
└ @ PowerSimulationsDynamics /home/runner/work/PowerSimulationsDynamics.jl/PowerSimulationsDynamics.jl/src/base/simulation_initialization.jl:44
┌ Debug: 2021-05-05T00:08:44.836 [2562:1]: Updating Component Initial Guess
└ @ PowerSimulationsDynamics /home/runner/work/PowerSimulationsDynamics.jl/PowerSimulationsDynamics.jl/src/base/simulation_initialization.jl:56
┌ Debug: 2021-05-05T00:08:44.836 [2562:1]: No Dynamic Branches in the system
└ @ PowerSimulationsDynamics /home/runner/work/PowerSimulationsDynamics.jl/PowerSimulationsDynamics.jl/src/base/simulation_initialization.jl:74
┌ Debug: 2021-05-05T00:08:44.836 [2562:1]: Start NLSolve System Run
└ @ PowerSimulationsDynamics /home/runner/work/PowerSimulationsDynamics.jl/PowerSimulationsDynamics.jl/src/base/simulation_initialization.jl:101
┌ Debug: 2021-05-05T00:08:44.836 [2562:1]: [1.05, 1.039727418725999, 0.0, 0.023809551641536846, 0.539920981973487, 1.0]
└ @ PowerSimulationsDynamics /home/runner/work/PowerSimulationsDynamics.jl/PowerSimulationsDynamics.jl/src/base/simulation_initialization.jl:102
┌ Debug: 2021-05-05T00:08:44.837 [2562:1]: Write result to initial guess vector
└ @ PowerSimulationsDynamics /home/runner/work/PowerSimulationsDynamics.jl/PowerSimulationsDynamics.jl/src/base/simulation_initialization.jl:137
┌ Info: 2021-05-05T00:08:44.837 [2562:1]: Attaching Perturbations
└ @ PowerSimulationsDynamics /home/runner/work/PowerSimulationsDynamics.jl/PowerSimulationsDynamics.jl/src/base/simulation.jl:221
┌ Debug: 2021-05-05T00:08:44.837 [2562:1]: BranchTrip(1.0, "BUS 1-BUS 2-i_1")
└ @ PowerSimulationsDynamics /home/runner/work/PowerSimulationsDynamics.jl/PowerSimulationsDynamics.jl/src/base/simulation.jl:232
┌ Debug: 2021-05-05T00:08:44.837 [2562:1]: Auxiliary Arrays created with Type Float64
└ @ PowerSimulationsDynamics /home/runner/work/PowerSimulationsDynamics.jl/PowerSimulationsDynamics.jl/src/base/simulation.jl:209
┌ Info: 2021-05-05T00:08:44.837 [2562:1]: Completed Build Successfully. Simulations status = BUILT
└ @ PowerSimulationsDynamics /home/runner/work/PowerSimulationsDynamics.jl/PowerSimulationsDynamics.jl/src/base/simulation.jl:204
