┌ Info: 2024-06-05T04:23:36.682 [5560:1]: The reference Bus has a Source connected to it. The frequency reference model will change to ConstantFrequency
└ @ PowerSimulationsDynamics /home/runner/work/PowerSimulationsDynamics.jl/PowerSimulationsDynamics.jl/src/base/frequency_reference.jl:70
┌ Info: 2024-06-05T04:23:36.709 [5560:1]: Pre-Initializing Simulation States
└ @ PowerSimulationsDynamics /home/runner/work/PowerSimulationsDynamics.jl/PowerSimulationsDynamics.jl/src/base/simulation.jl:265
┌ Info: 2024-06-05T04:23:36.709 [5560:1]: Unit System changed to UnitSystem.SYSTEM_BASE = 0
└ @ PowerSystems /home/runner/.julia/packages/PowerSystems/xh3fM/src/base.jl:395
┌ Info: 2024-06-05T04:23:38.349 [5560:1]: PowerFlow solve converged, the results have been stored in the system
└ @ PowerFlows /home/runner/.julia/packages/PowerFlows/6nw6s/src/nlsolve_ac_powerflow.jl:47
┌ Info: 2024-06-05T04:23:38.349 [5560:1]: Unit System changed to UnitSystem.DEVICE_BASE = 1
└ @ PowerSystems /home/runner/.julia/packages/PowerSystems/xh3fM/src/base.jl:395
┌ Info: 2024-06-05T04:23:51.081 [5560:1]: Residual from initial guess: max = 4.212807880321634e-11 at 4, total = 5.4841923110646186e-11
└ @ PowerSimulationsDynamics /home/runner/work/PowerSimulationsDynamics.jl/PowerSimulationsDynamics.jl/src/base/nlsolve_wrapper.jl:115
┌ Info: 2024-06-05T04:23:51.119 [5560:1]: Initialization non-linear solve succeeded with a tolerance of 1.0e-9 using solver trust_region. Saving solution.
└ @ PowerSimulationsDynamics /home/runner/work/PowerSimulationsDynamics.jl/PowerSimulationsDynamics.jl/src/base/nlsolve_wrapper.jl:82
┌ Info: 2024-06-05T04:23:51.119 [5560:1]: Attaching Perturbations
└ @ PowerSimulationsDynamics /home/runner/work/PowerSimulationsDynamics.jl/PowerSimulationsDynamics.jl/src/base/simulation.jl:299
┌ Info: 2024-06-05T04:23:51.616 [5560:1]: Simulations status = BUILT
└ @ PowerSimulationsDynamics /home/runner/work/PowerSimulationsDynamics.jl/PowerSimulationsDynamics.jl/src/base/simulation.jl:462
┌ Info: 2024-06-05T04:23:51.617 [5560:1]: 
│  ───────────────────────────────────────────────────────────────────────────────
│                                                      Time          Allocations  
│                                                ───────────────   ───────────────
│                 Total measured:                     16.8s             819MiB    
│ 
│  Section                               ncalls     time    %tot     alloc    %tot
│  ───────────────────────────────────────────────────────────────────────────────
│  Build Simulation                           1    16.8s  100.0%    819MiB  100.0%
│    Build Simulation Inputs                  1    1.87s   11.2%    124MiB   15.1%
│      Wrap Branches                          1   8.04μs    0.0%      208B    0.0%
│      Wrap Dynamic Injectors                 1    1.02s    6.1%   77.9MiB    9.5%
│      Calculate MM, DAE_vector, Tota...      1    169ms    1.0%   6.28MiB    0.8%
│      Wrap Static Injectors                  1   55.9ms    0.3%   1.63MiB    0.2%
│    Pre-initialization                       1    5.00s   29.8%    241MiB   29.4%
│      Power Flow solution                    1    1.68s   10.0%   41.6MiB    5.1%
│      Initialize Static Injectors            1    2.12s   12.7%   27.4MiB    3.3%
│      Initialize Dynamic Injectors           1    1.19s    7.1%    172MiB   21.0%
│    Calculate Jacobian                       1    4.48s   26.7%    396MiB   48.3%
│    Make Model Function                      1   5.57ms    0.0%    122KiB    0.0%
│    Initial Condition NLsolve refine...      1    4.93s   29.4%   29.9MiB    3.6%
│    Build Perturbations                      1    213ms    1.3%   13.4MiB    1.6%
│    Make DiffEq Problem                      1    279ms    1.7%   15.6MiB    1.9%
│  ───────────────────────────────────────────────────────────────────────────────
│ 
└ @ PowerSimulationsDynamics /home/runner/work/PowerSimulationsDynamics.jl/PowerSimulationsDynamics.jl/src/base/simulation.jl:487
