┌ Info: 2024-01-05T23:03:04.038 [5294:1]: The reference Bus has a Source connected to it. The frequency reference model will change to ConstantFrequency
└ @ PowerSimulationsDynamics /home/runner/work/PowerSimulationsDynamics.jl/PowerSimulationsDynamics.jl/src/base/frequency_reference.jl:70
┌ Info: 2024-01-05T23:03:04.066 [5294:1]: Pre-Initializing Simulation States
└ @ PowerSimulationsDynamics /home/runner/work/PowerSimulationsDynamics.jl/PowerSimulationsDynamics.jl/src/base/simulation.jl:265
┌ Info: 2024-01-05T23:03:04.066 [5294:1]: Unit System changed to UnitSystem.SYSTEM_BASE = 0
└ @ PowerSystems /home/runner/.julia/packages/PowerSystems/diJIg/src/base.jl:395
┌ Info: 2024-01-05T23:03:05.713 [5294:1]: PowerFlow solve converged, the results have been stored in the system
└ @ PowerFlows /home/runner/.julia/packages/PowerFlows/8MBjq/src/nlsolve_ac_powerflow.jl:47
┌ Info: 2024-01-05T23:03:05.713 [5294:1]: Unit System changed to UnitSystem.DEVICE_BASE = 1
└ @ PowerSystems /home/runner/.julia/packages/PowerSystems/diJIg/src/base.jl:395
┌ Info: 2024-01-05T23:03:18.091 [5294:1]: Residual from initial guess: max = 4.212807880321634e-11 at 4, total = 5.4841923110646186e-11
└ @ PowerSimulationsDynamics /home/runner/work/PowerSimulationsDynamics.jl/PowerSimulationsDynamics.jl/src/base/nlsolve_wrapper.jl:101
┌ Info: 2024-01-05T23:03:18.129 [5294:1]: Initialization non-linear solve succeeded with a tolerance of 1.0e-9 using solver trust_region. Saving solution.
└ @ PowerSimulationsDynamics /home/runner/work/PowerSimulationsDynamics.jl/PowerSimulationsDynamics.jl/src/base/nlsolve_wrapper.jl:68
┌ Info: 2024-01-05T23:03:18.129 [5294:1]: Attaching Perturbations
└ @ PowerSimulationsDynamics /home/runner/work/PowerSimulationsDynamics.jl/PowerSimulationsDynamics.jl/src/base/simulation.jl:296
┌ Info: 2024-01-05T23:03:18.641 [5294:1]: Simulations status = BUILT
└ @ PowerSimulationsDynamics /home/runner/work/PowerSimulationsDynamics.jl/PowerSimulationsDynamics.jl/src/base/simulation.jl:428
┌ Info: 2024-01-05T23:03:18.642 [5294:1]: 
│  ───────────────────────────────────────────────────────────────────────────────
│                                                      Time          Allocations  
│                                                ───────────────   ───────────────
│                 Total measured:                     16.7s             827MiB    
│ 
│  Section                               ncalls     time    %tot     alloc    %tot
│  ───────────────────────────────────────────────────────────────────────────────
│  Build Simulation                           1    16.7s  100.0%    827MiB  100.0%
│    Build Simulation Inputs                  1    2.11s   12.6%    125MiB   15.1%
│      Wrap Branches                          1   16.5μs    0.0%      208B    0.0%
│      Wrap Dynamic Injectors                 1    1.31s    7.9%   77.8MiB    9.4%
│      Calculate MM, DAE_vector, Tota...      1   70.3ms    0.4%   6.29MiB    0.8%
│      Wrap Static Injectors                  1   56.4ms    0.3%   1.63MiB    0.2%
│    Pre-initialization                       1    4.79s   28.7%    248MiB   30.0%
│      Power Flow solution                    1    1.69s   10.1%   41.6MiB    5.0%
│      Initialize Static Injectors            1    2.18s   13.1%   27.5MiB    3.3%
│      Initialize Dynamic Injectors           1    929ms    5.6%    179MiB   21.6%
│    Calculate Jacobian                       1    4.43s   26.6%    396MiB   48.0%
│    Make Model Function                      1   5.88ms    0.0%    122KiB    0.0%
│    Initial Condition NLsolve refine...      1    4.83s   29.0%   29.7MiB    3.6%
│    Build Perturbations                      1    213ms    1.3%   13.3MiB    1.6%
│    Make DiffEq Problem                      1    294ms    1.8%   14.2MiB    1.7%
│  ───────────────────────────────────────────────────────────────────────────────
│ 
└ @ PowerSimulationsDynamics /home/runner/work/PowerSimulationsDynamics.jl/PowerSimulationsDynamics.jl/src/base/simulation.jl:453
