┌ Info: 2021-10-14T03:59:38.188 [2763:1]: Validating connectivity with Goderya algorithm
└ @ PowerSystems /home/runner/.julia/packages/PowerSystems/KCYKr/src/utils/network_calculations/ybus_calculations.jl:296
┌ Info: 2021-10-14T03:59:38.428 [2763:1]: The System has no islands
└ @ PowerSystems /home/runner/.julia/packages/PowerSystems/KCYKr/src/utils/network_calculations/ybus_calculations.jl:242
┌ Debug: 2021-10-14T03:59:38.428 [2763:1]: System doesn't contain Dynamic Branches
└ @ PowerSimulationsDynamics /home/runner/work/PowerSimulationsDynamics.jl/PowerSimulationsDynamics.jl/src/base/simulation_inputs.jl:207
┌ Debug: 2021-10-14T03:59:38.592 [2763:1]: Wrapping generator-102-1
└ @ PowerSimulationsDynamics /home/runner/work/PowerSimulationsDynamics.jl/PowerSimulationsDynamics.jl/src/base/simulation_inputs.jl:148
┌ Debug: 2021-10-14T03:59:38.638 [2763:1]: ix_range=5:6 ode_range=1:2 inner_vars_range= 1:9
└ @ PowerSimulationsDynamics /home/runner/work/PowerSimulationsDynamics.jl/PowerSimulationsDynamics.jl/src/base/simulation_inputs.jl:157
┌ Debug: 2021-10-14T03:59:40.765 [2763:1]: Using default mass matrix entries TGFixed
└ @ PowerSimulationsDynamics /home/runner/work/PowerSimulationsDynamics.jl/PowerSimulationsDynamics.jl/src/models/generator_models/tg_models.jl:6
┌ Debug: 2021-10-14T03:59:40.766 [2763:1]: Using default mass matrix entries PSSFixed
└ @ PowerSimulationsDynamics /home/runner/work/PowerSimulationsDynamics.jl/PowerSimulationsDynamics.jl/src/models/generator_models/pss_models.jl:6
┌ Debug: 2021-10-14T03:59:40.766 [2763:1]: Using default mass matrix entries AVRFixed
└ @ PowerSimulationsDynamics /home/runner/work/PowerSimulationsDynamics.jl/PowerSimulationsDynamics.jl/src/models/generator_models/avr_models.jl:6
┌ Debug: 2021-10-14T03:59:40.766 [2763:1]: Using default mass matrix entries BaseMachine
└ @ PowerSimulationsDynamics /home/runner/work/PowerSimulationsDynamics.jl/PowerSimulationsDynamics.jl/src/models/generator_models/machine_models.jl:6
┌ Debug: 2021-10-14T03:59:40.766 [2763:1]: Using default mass matrix entries SingleMass
└ @ PowerSimulationsDynamics /home/runner/work/PowerSimulationsDynamics.jl/PowerSimulationsDynamics.jl/src/models/generator_models/shaft_models.jl:6
┌ Info: 2021-10-14T03:59:41.064 [2763:1]: The reference Bus has a Source connected to it. The frequency reference model will change to ConstantFrequency
└ @ PowerSimulationsDynamics /home/runner/work/PowerSimulationsDynamics.jl/PowerSimulationsDynamics.jl/src/base/frequency_reference.jl:70
┌ Debug: 2021-10-14T03:59:41.077 [2763:1]: Simulation Inputs Created
└ @ PowerSimulationsDynamics /home/runner/work/PowerSimulationsDynamics.jl/PowerSimulationsDynamics.jl/src/base/simulation.jl:184
┌ Info: 2021-10-14T03:59:41.077 [2763:1]: Pre-Initializing Simulation States
└ @ PowerSimulationsDynamics /home/runner/work/PowerSimulationsDynamics.jl/PowerSimulationsDynamics.jl/src/base/simulation.jl:226
┌ Debug: 2021-10-14T03:59:41.077 [2763:1]: Start state intialization routine
└ @ PowerSimulationsDynamics /home/runner/work/PowerSimulationsDynamics.jl/PowerSimulationsDynamics.jl/src/base/simulation_initialization.jl:131
┌ Info: 2021-10-14T03:59:41.078 [2763:1]: Unit System changed to UnitSystem.SYSTEM_BASE = 0
└ @ PowerSystems /home/runner/.julia/packages/PowerSystems/KCYKr/src/base.jl:340
┌ Info: 2021-10-14T03:59:41.078 [2763:1]: Validating connectivity with Goderya algorithm
└ @ PowerSystems /home/runner/.julia/packages/PowerSystems/KCYKr/src/utils/network_calculations/ybus_calculations.jl:296
┌ Info: 2021-10-14T03:59:41.078 [2763:1]: The System has no islands
└ @ PowerSystems /home/runner/.julia/packages/PowerSystems/KCYKr/src/utils/network_calculations/ybus_calculations.jl:242
┌ Info: 2021-10-14T03:59:42.736 [2763:1]: PowerFlow solve converged, the results have been stored in the system
└ @ PowerSystems /home/runner/.julia/packages/PowerSystems/KCYKr/src/utils/power_flow.jl:313
┌ Info: 2021-10-14T03:59:42.736 [2763:1]: Unit System changed to UnitSystem.DEVICE_BASE = 1
└ @ PowerSystems /home/runner/.julia/packages/PowerSystems/KCYKr/src/base.jl:346
┌ Debug: 2021-10-14T03:59:42.736 [2763:1]: Updating bus voltage magnitude and angle to match power flow result
└ @ PowerSimulationsDynamics /home/runner/work/PowerSimulationsDynamics.jl/PowerSimulationsDynamics.jl/src/base/simulation_initialization.jl:12
┌ Debug: 2021-10-14T03:59:42.736 [2763:1]: BUS 1 V_r = 1.05, V_i = 0.0
└ @ PowerSimulationsDynamics /home/runner/work/PowerSimulationsDynamics.jl/PowerSimulationsDynamics.jl/src/base/simulation_initialization.jl:18
┌ Debug: 2021-10-14T03:59:42.736 [2763:1]: BUS 2 V_r = 1.039727418725999, V_i = 0.023809551641536846
└ @ PowerSimulationsDynamics /home/runner/work/PowerSimulationsDynamics.jl/PowerSimulationsDynamics.jl/src/base/simulation_initialization.jl:18
┌ Debug: 2021-10-14T03:59:42.736 [2763:1]: Updating Source internal voltage magnitude and angle
└ @ PowerSimulationsDynamics /home/runner/work/PowerSimulationsDynamics.jl/PowerSimulationsDynamics.jl/src/base/simulation_initialization.jl:24
┌ Debug: 2021-10-14T03:59:45.644 [2763:1]: Updating Dynamic Injection Component Initial Guess
└ @ PowerSimulationsDynamics /home/runner/work/PowerSimulationsDynamics.jl/PowerSimulationsDynamics.jl/src/base/simulation_initialization.jl:45
┌ Debug: 2021-10-14T03:59:45.654 [2763:1]: Initializing generator-102-1 - DynamicGenerator{BaseMachine, SingleMass, AVRFixed, TGFixed, PSSFixed}
└ @ PowerSimulationsDynamics /home/runner/work/PowerSimulationsDynamics.jl/PowerSimulationsDynamics.jl/src/base/simulation_initialization.jl:54
┌ Debug: 2021-10-14T03:59:46.104 [2763:1]: No Dynamic Branches in the system
└ @ PowerSimulationsDynamics /home/runner/work/PowerSimulationsDynamics.jl/PowerSimulationsDynamics.jl/src/base/simulation_initialization.jl:147
┌ Debug: 2021-10-14T03:59:46.297 [2763:1]: injection ode size = 2 branches ode size = 0
└ @ PowerSimulationsDynamics /home/runner/work/PowerSimulationsDynamics.jl/PowerSimulationsDynamics.jl/src/base/caches.jl:25
┌ Debug: 2021-10-14T03:59:52.070 [2763:1]: Evaluating Jacobian Function
└ @ PowerSimulationsDynamics /home/runner/work/PowerSimulationsDynamics.jl/PowerSimulationsDynamics.jl/src/base/jacobian.jl:47
┌ Debug: 2021-10-14T03:59:53.014 [2763:1]: Evaluating Jacobian Function
└ @ PowerSimulationsDynamics /home/runner/work/PowerSimulationsDynamics.jl/PowerSimulationsDynamics.jl/src/base/jacobian.jl:47
┌ Debug: 2021-10-14T03:59:53.014 [2763:1]: Evaluating Jacobian Function
└ @ PowerSimulationsDynamics /home/runner/work/PowerSimulationsDynamics.jl/PowerSimulationsDynamics.jl/src/base/jacobian.jl:47
┌ Debug: 2021-10-14T03:59:53.439 [2763:1]: Evaluating Jacobian Function
└ @ PowerSimulationsDynamics /home/runner/work/PowerSimulationsDynamics.jl/PowerSimulationsDynamics.jl/src/base/jacobian.jl:47
┌ Debug: 2021-10-14T03:59:53.579 [2763:1]: injection ode size = 2 branches ode size = 0
└ @ PowerSimulationsDynamics /home/runner/work/PowerSimulationsDynamics.jl/PowerSimulationsDynamics.jl/src/base/caches.jl:83
┌ Debug: 2021-10-14T03:59:55.073 [2763:1]: Start NLSolve System Run
└ @ PowerSimulationsDynamics /home/runner/work/PowerSimulationsDynamics.jl/PowerSimulationsDynamics.jl/src/base/nlsolve_wrapper.jl:85
┌ Debug: 2021-10-14T03:59:55.172 [2763:1]: NLsolve initial guess [1.05, 1.039727418725999, 0.0, 0.023809551641536846, 0.539920981973487, 1.0]
└ @ PowerSimulationsDynamics /home/runner/work/PowerSimulationsDynamics.jl/PowerSimulationsDynamics.jl/src/base/nlsolve_wrapper.jl:91
┌ Debug: 2021-10-14T03:59:55.388 [2763:1]: NLsolve initial residual [5.566417952129754e-7, -5.619941829682062e-7, 6.432003374357009e-9, -6.373557681627062e-9, 0.0, 3.795671951247855e-14]
└ @ PowerSimulationsDynamics /home/runner/work/PowerSimulationsDynamics.jl/PowerSimulationsDynamics.jl/src/base/nlsolve_wrapper.jl:95
┌ Debug: 2021-10-14T03:59:55.415 [2763:1]: Evaluating Jacobian Function
└ @ PowerSimulationsDynamics /home/runner/work/PowerSimulationsDynamics.jl/PowerSimulationsDynamics.jl/src/base/jacobian.jl:47
┌ Debug: 2021-10-14T03:59:55.419 [2763:1]: Evaluating Jacobian Function
└ @ PowerSimulationsDynamics /home/runner/work/PowerSimulationsDynamics.jl/PowerSimulationsDynamics.jl/src/base/jacobian.jl:47
┌ Info: 2021-10-14T03:59:55.419 [2763:1]: Initialization succeeded with a tolerance of 1.0e-9 using solver trust_region. Saving solution.
└ @ PowerSimulationsDynamics /home/runner/work/PowerSimulationsDynamics.jl/PowerSimulationsDynamics.jl/src/base/nlsolve_wrapper.jl:62
┌ Debug: 2021-10-14T03:59:55.419 [2763:1]: Write initial guess vector using trust_region with tol = 1.0e-9 convergence = true
└ @ PowerSimulationsDynamics /home/runner/work/PowerSimulationsDynamics.jl/PowerSimulationsDynamics.jl/src/base/nlsolve_wrapper.jl:109
┌ Info: 2021-10-14T03:59:55.419 [2763:1]: Attaching Perturbations
└ @ PowerSimulationsDynamics /home/runner/work/PowerSimulationsDynamics.jl/PowerSimulationsDynamics.jl/src/base/simulation.jl:249
┌ Debug: 2021-10-14T03:59:55.569 [2763:1]: BranchTrip(1.0, Line, "BUS 1-BUS 2-i_1")
└ @ PowerSimulationsDynamics /home/runner/work/PowerSimulationsDynamics.jl/PowerSimulationsDynamics.jl/src/base/simulation.jl:260
┌ Info: 2021-10-14T03:59:56.284 [2763:1]: Simulations status = BUILT
└ @ PowerSimulationsDynamics /home/runner/work/PowerSimulationsDynamics.jl/PowerSimulationsDynamics.jl/src/base/simulation.jl:367
┌ Debug: 2021-10-14T04:00:10.161 [2763:1]: status before execute
│   sim.status = BUILT
└ @ PowerSimulationsDynamics /home/runner/work/PowerSimulationsDynamics.jl/PowerSimulationsDynamics.jl/src/base/simulation.jl:420
┌ Debug: 2021-10-14T04:00:14.562 [2763:1]: Tripping line BUS 1-BUS 2-i_1
└ @ PowerSimulationsDynamics /home/runner/work/PowerSimulationsDynamics.jl/PowerSimulationsDynamics.jl/src/base/perturbations.jl:68
