┌ Info: 2025-07-08T16:14:37.235 [7122:1]: The reference Bus has a Source connected to it. The frequency reference model will change to ConstantFrequency
└ @ PowerSimulationsDynamics /home/runner/work/PowerSimulationsDynamics.jl/PowerSimulationsDynamics.jl/src/base/frequency_reference.jl:70
┌ Info: 2025-07-08T16:14:37.279 [7122:1]: Pre-Initializing Simulation States
└ @ PowerSimulationsDynamics /home/runner/work/PowerSimulationsDynamics.jl/PowerSimulationsDynamics.jl/src/base/simulation.jl:265
┌ Info: 2025-07-08T16:14:39.006 [7122:1]: The PowerFlows.TrustRegionACPowerFlow solver converged after 2 iterations.
└ @ PowerFlows /home/runner/.julia/packages/PowerFlows/Ilrf1/src/powerflow_method.jl:314
┌ Info: 2025-07-08T16:14:40.829 [7122:1]: PowerFlow solve converged, the results have been stored in the system
└ @ PowerFlows /home/runner/.julia/packages/PowerFlows/Ilrf1/src/solve_ac_powerflow.jl:62
┌ Info: 2025-07-08T16:14:54.936 [7122:1]: Residual from initial guess: max = 4.212807880321634e-11 at 4, total = 5.4841923110646186e-11
└ @ PowerSimulationsDynamics /home/runner/work/PowerSimulationsDynamics.jl/PowerSimulationsDynamics.jl/src/base/nlsolve_wrapper.jl:115
┌ Info: 2025-07-08T16:14:54.973 [7122:1]: Initialization non-linear solve succeeded with a tolerance of 1.0e-9 using solver trust_region. Saving solution.
└ @ PowerSimulationsDynamics /home/runner/work/PowerSimulationsDynamics.jl/PowerSimulationsDynamics.jl/src/base/nlsolve_wrapper.jl:82
┌ Info: 2025-07-08T16:14:54.973 [7122:1]: Attaching Perturbations
└ @ PowerSimulationsDynamics /home/runner/work/PowerSimulationsDynamics.jl/PowerSimulationsDynamics.jl/src/base/simulation.jl:299
┌ Info: 2025-07-08T16:14:55.537 [7122:1]: Simulations status = BUILT
└ @ PowerSimulationsDynamics /home/runner/work/PowerSimulationsDynamics.jl/PowerSimulationsDynamics.jl/src/base/simulation.jl:462
┌ Info: 2025-07-08T16:14:55.538 [7122:1]: 
│ ──────────────────────────────────────────────────────────────────────────────────────
│                                                            Time          Allocations  
│                                                      ───────────────   ───────────────
│                    Total measured:                        20.5s            0.98GiB    
│ 
│ Section                                      ncalls     time    %tot     alloc    %tot
│ ──────────────────────────────────────────────────────────────────────────────────────
│ Build Simulation                                  1    20.5s  100.0%   0.98GiB  100.0%
│   Build Simulation Inputs                         1    2.28s   11.1%    130MiB   13.0%
│     Wrap Branches                                 1   16.1μs    0.0%      176B    0.0%
│     Wrap Dynamic Injectors                        1    1.28s    6.2%   87.1MiB    8.7%
│     Calculate MM, DAE_vector, Total Shunts        1   97.0ms    0.5%   7.77MiB    0.8%
│     Wrap Static Injectors                         1    104ms    0.5%   1.31MiB    0.1%
│   Pre-initialization                              1    8.67s   42.2%    298MiB   29.8%
│     Power Flow solution                           1    3.60s   17.5%    110MiB   11.0%
│     Initialize Static Injectors                   1    4.26s   20.8%   48.4MiB    4.8%
│     Initialize Dynamic Injectors                  1    813ms    4.0%    140MiB   14.0%
│   Calculate Jacobian                              1    4.35s   21.2%    479MiB   47.8%
│   Make Model Function                             1   7.64ms    0.0%    142KiB    0.0%
│   Initial Condition NLsolve refinement            1    4.66s   22.7%   61.7MiB    6.2%
│   Build Perturbations                             1    239ms    1.2%   17.2MiB    1.7%
│   Make DiffEq Problem                             1    306ms    1.5%   14.9MiB    1.5%
│ ──────────────────────────────────────────────────────────────────────────────────────
│ 
└ @ PowerSimulationsDynamics /home/runner/work/PowerSimulationsDynamics.jl/PowerSimulationsDynamics.jl/src/base/simulation.jl:487
