┌ Info: 2022-10-14T15:35:22.766 [2642:1]: Validating connectivity with Goderya algorithm
└ @ PowerSystems /home/runner/.julia/packages/PowerSystems/m8cXF/src/utils/network_calculations/ybus_calculations.jl:318
┌ Info: 2022-10-14T15:35:22.846 [2642:1]: The System has no islands
└ @ PowerSystems /home/runner/.julia/packages/PowerSystems/m8cXF/src/utils/network_calculations/ybus_calculations.jl:264
┌ Info: 2022-10-14T15:35:24.780 [2642:1]: The reference Bus has a Source connected to it. The frequency reference model will change to ConstantFrequency
└ @ PowerSimulationsDynamics /home/runner/work/PowerSimulationsDynamics.jl/PowerSimulationsDynamics.jl/src/base/frequency_reference.jl:70
┌ Info: 2022-10-14T15:35:24.788 [2642:1]: Pre-Initializing Simulation States
└ @ PowerSimulationsDynamics /home/runner/work/PowerSimulationsDynamics.jl/PowerSimulationsDynamics.jl/src/base/simulation.jl:264
┌ Info: 2022-10-14T15:35:24.789 [2642:1]: Unit System changed to UnitSystem.SYSTEM_BASE = 0
└ @ PowerSystems /home/runner/.julia/packages/PowerSystems/m8cXF/src/base.jl:351
┌ Info: 2022-10-14T15:35:24.793 [2642:1]: Validating connectivity with Goderya algorithm
└ @ PowerSystems /home/runner/.julia/packages/PowerSystems/m8cXF/src/utils/network_calculations/ybus_calculations.jl:318
┌ Info: 2022-10-14T15:35:24.793 [2642:1]: The System has no islands
└ @ PowerSystems /home/runner/.julia/packages/PowerSystems/m8cXF/src/utils/network_calculations/ybus_calculations.jl:264
┌ Info: 2022-10-14T15:35:26.176 [2642:1]: PowerFlow solve converged, the results have been stored in the system
└ @ PowerFlows /home/runner/.julia/packages/PowerFlows/4i4mk/src/nlsolve_powerflow.jl:45
┌ Info: 2022-10-14T15:35:26.176 [2642:1]: Unit System changed to UnitSystem.DEVICE_BASE = 1
└ @ PowerSystems /home/runner/.julia/packages/PowerSystems/m8cXF/src/base.jl:351
┌ Info: 2022-10-14T15:35:36.774 [2642:1]: Residual from initial guess: max = 4.2092551666428335e-11 at 4, total = 9.411131735555515e-11
└ @ PowerSimulationsDynamics /home/runner/work/PowerSimulationsDynamics.jl/PowerSimulationsDynamics.jl/src/base/nlsolve_wrapper.jl:97
┌ Info: 2022-10-14T15:35:36.816 [2642:1]: Initialization non-linear solve succeeded with a tolerance of 1.0e-9 using solver trust_region. Saving solution.
└ @ PowerSimulationsDynamics /home/runner/work/PowerSimulationsDynamics.jl/PowerSimulationsDynamics.jl/src/base/nlsolve_wrapper.jl:65
┌ Info: 2022-10-14T15:35:36.817 [2642:1]: Attaching Perturbations
└ @ PowerSimulationsDynamics /home/runner/work/PowerSimulationsDynamics.jl/PowerSimulationsDynamics.jl/src/base/simulation.jl:295
┌ Info: 2022-10-14T15:35:37.522 [2642:1]: Simulations status = BUILT
└ @ PowerSimulationsDynamics /home/runner/work/PowerSimulationsDynamics.jl/PowerSimulationsDynamics.jl/src/base/simulation.jl:413
┌ Info: 2022-10-14T15:35:37.522 [2642:1]: 
│  ───────────────────────────────────────────────────────────────────────────────
│                                                      Time          Allocations  
│                                                ───────────────   ───────────────
│                 Total measured:                     16.1s            1.74GiB    
│ 
│  Section                               ncalls     time    %tot     alloc    %tot
│  ───────────────────────────────────────────────────────────────────────────────
│  Build Simulation                           1    16.1s  100.0%   1.74GiB  100.0%
│    Build Simulation Inputs                  1    3.32s   20.7%    192MiB   10.8%
│      Wrap Branches                          1   22.7μs    0.0%      240B    0.0%
│      Wrap Dynamic Injectors                 1    1.53s    9.5%    108MiB    6.1%
│      Calculate MM, DAE_vector, Tota...      1   84.2ms    0.5%   7.36MiB    0.4%
│      Wrap Static Injectors                  1    291ms    1.8%   7.10MiB    0.4%
│    Pre-initialization                       1    4.94s   30.8%    590MiB   33.1%
│      Power Flow solution                    1    1.42s    8.8%   76.1MiB    4.3%
│      Initialize Static Injectors            1    472ms    2.9%   48.9MiB    2.7%
│      Initialize Dynamic Injectors           1    3.05s   19.0%    465MiB   26.1%
│    Calculate Jacobian                       1    5.38s   33.5%    924MiB   51.9%
│    Make Model Function                      1   7.45ms    0.0%    131KiB    0.0%
│    Initial Condition NLsolve refine...      1    1.70s   10.6%   34.8MiB    2.0%
│    Build Perturbations                      1    233ms    1.4%   18.1MiB    1.0%
│    Make DiffEq Problem                      1    466ms    2.9%   21.5MiB    1.2%
│  ───────────────────────────────────────────────────────────────────────────────
│ 
└ @ PowerSimulationsDynamics /home/runner/work/PowerSimulationsDynamics.jl/PowerSimulationsDynamics.jl/src/base/simulation.jl:438
