┌ Info: 2022-02-02T02:24:08.997 [2755:1]: Validating connectivity with Goderya algorithm
└ @ PowerSystems /home/runner/.julia/packages/PowerSystems/Kgv9J/src/utils/network_calculations/ybus_calculations.jl:296
┌ Info: 2022-02-02T02:24:09.263 [2755:1]: The System has no islands
└ @ PowerSystems /home/runner/.julia/packages/PowerSystems/Kgv9J/src/utils/network_calculations/ybus_calculations.jl:242
┌ Debug: 2022-02-02T02:24:09.263 [2755:1]: System doesn't contain Dynamic Branches
└ @ PowerSimulationsDynamics /home/runner/work/PowerSimulationsDynamics.jl/PowerSimulationsDynamics.jl/src/base/simulation_inputs.jl:207
┌ Debug: 2022-02-02T02:24:09.474 [2755:1]: Wrapping generator-102-1
└ @ PowerSimulationsDynamics /home/runner/work/PowerSimulationsDynamics.jl/PowerSimulationsDynamics.jl/src/base/simulation_inputs.jl:148
┌ Debug: 2022-02-02T02:24:09.524 [2755:1]: ix_range=5:6 ode_range=1:2 inner_vars_range= 1:9
└ @ PowerSimulationsDynamics /home/runner/work/PowerSimulationsDynamics.jl/PowerSimulationsDynamics.jl/src/base/simulation_inputs.jl:157
┌ Debug: 2022-02-02T02:24:11.049 [2755:1]: Using default mass matrix entries TGFixed
└ @ PowerSimulationsDynamics /home/runner/work/PowerSimulationsDynamics.jl/PowerSimulationsDynamics.jl/src/models/generator_models/tg_models.jl:6
┌ Debug: 2022-02-02T02:24:11.049 [2755:1]: Using default mass matrix entries PSSFixed
└ @ PowerSimulationsDynamics /home/runner/work/PowerSimulationsDynamics.jl/PowerSimulationsDynamics.jl/src/models/generator_models/pss_models.jl:6
┌ Debug: 2022-02-02T02:24:11.049 [2755:1]: Using default mass matrix entries AVRFixed
└ @ PowerSimulationsDynamics /home/runner/work/PowerSimulationsDynamics.jl/PowerSimulationsDynamics.jl/src/models/generator_models/avr_models.jl:6
┌ Debug: 2022-02-02T02:24:11.049 [2755:1]: Using default mass matrix entries BaseMachine
└ @ PowerSimulationsDynamics /home/runner/work/PowerSimulationsDynamics.jl/PowerSimulationsDynamics.jl/src/models/generator_models/machine_models.jl:6
┌ Debug: 2022-02-02T02:24:11.049 [2755:1]: Using default mass matrix entries SingleMass
└ @ PowerSimulationsDynamics /home/runner/work/PowerSimulationsDynamics.jl/PowerSimulationsDynamics.jl/src/models/generator_models/shaft_models.jl:6
┌ Info: 2022-02-02T02:24:11.253 [2755:1]: The reference Bus has a Source connected to it. The frequency reference model will change to ConstantFrequency
└ @ PowerSimulationsDynamics /home/runner/work/PowerSimulationsDynamics.jl/PowerSimulationsDynamics.jl/src/base/frequency_reference.jl:70
┌ Debug: 2022-02-02T02:24:11.266 [2755:1]: Simulation Inputs Created
└ @ PowerSimulationsDynamics /home/runner/work/PowerSimulationsDynamics.jl/PowerSimulationsDynamics.jl/src/base/simulation.jl:221
┌ Info: 2022-02-02T02:24:11.266 [2755:1]: Pre-Initializing Simulation States
└ @ PowerSimulationsDynamics /home/runner/work/PowerSimulationsDynamics.jl/PowerSimulationsDynamics.jl/src/base/simulation.jl:263
┌ Debug: 2022-02-02T02:24:11.266 [2755:1]: Start state intialization routine
└ @ PowerSimulationsDynamics /home/runner/work/PowerSimulationsDynamics.jl/PowerSimulationsDynamics.jl/src/base/simulation_initialization.jl:139
┌ Info: 2022-02-02T02:24:11.266 [2755:1]: Unit System changed to UnitSystem.SYSTEM_BASE = 0
└ @ PowerSystems /home/runner/.julia/packages/PowerSystems/Kgv9J/src/base.jl:346
┌ Info: 2022-02-02T02:24:11.266 [2755:1]: Validating connectivity with Goderya algorithm
└ @ PowerSystems /home/runner/.julia/packages/PowerSystems/Kgv9J/src/utils/network_calculations/ybus_calculations.jl:296
┌ Info: 2022-02-02T02:24:11.266 [2755:1]: The System has no islands
└ @ PowerSystems /home/runner/.julia/packages/PowerSystems/Kgv9J/src/utils/network_calculations/ybus_calculations.jl:242
┌ Info: 2022-02-02T02:24:13.066 [2755:1]: PowerFlow solve converged, the results have been stored in the system
└ @ PowerSystems /home/runner/.julia/packages/PowerSystems/Kgv9J/src/utils/power_flow.jl:325
┌ Info: 2022-02-02T02:24:13.067 [2755:1]: Unit System changed to UnitSystem.DEVICE_BASE = 1
└ @ PowerSystems /home/runner/.julia/packages/PowerSystems/Kgv9J/src/base.jl:346
┌ Debug: 2022-02-02T02:24:13.067 [2755:1]: Updating bus voltage magnitude and angle to match power flow result
└ @ PowerSimulationsDynamics /home/runner/work/PowerSimulationsDynamics.jl/PowerSimulationsDynamics.jl/src/base/simulation_initialization.jl:20
┌ Debug: 2022-02-02T02:24:13.077 [2755:1]: BUS 1 V_r = 1.05, V_i = 0.0
└ @ PowerSimulationsDynamics /home/runner/work/PowerSimulationsDynamics.jl/PowerSimulationsDynamics.jl/src/base/simulation_initialization.jl:26
┌ Debug: 2022-02-02T02:24:13.077 [2755:1]: BUS 2 V_r = 1.039727418725999, V_i = 0.023809551641536846
└ @ PowerSimulationsDynamics /home/runner/work/PowerSimulationsDynamics.jl/PowerSimulationsDynamics.jl/src/base/simulation_initialization.jl:26
┌ Debug: 2022-02-02T02:24:13.077 [2755:1]: Updating Source internal voltage magnitude and angle
└ @ PowerSimulationsDynamics /home/runner/work/PowerSimulationsDynamics.jl/PowerSimulationsDynamics.jl/src/base/simulation_initialization.jl:32
┌ Debug: 2022-02-02T02:24:15.928 [2755:1]: Updating Dynamic Injection Component Initial Guess
└ @ PowerSimulationsDynamics /home/runner/work/PowerSimulationsDynamics.jl/PowerSimulationsDynamics.jl/src/base/simulation_initialization.jl:53
┌ Debug: 2022-02-02T02:24:15.938 [2755:1]: Initializing generator-102-1 - DynamicGenerator{BaseMachine, SingleMass, AVRFixed, TGFixed, PSSFixed}
└ @ PowerSimulationsDynamics /home/runner/work/PowerSimulationsDynamics.jl/PowerSimulationsDynamics.jl/src/base/simulation_initialization.jl:62
┌ Debug: 2022-02-02T02:24:16.435 [2755:1]: No Dynamic Branches in the system
└ @ PowerSimulationsDynamics /home/runner/work/PowerSimulationsDynamics.jl/PowerSimulationsDynamics.jl/src/base/simulation_initialization.jl:154
┌ Debug: 2022-02-02T02:24:16.617 [2755:1]: injection ode size = 2 branches ode size = 0
└ @ PowerSimulationsDynamics /home/runner/work/PowerSimulationsDynamics.jl/PowerSimulationsDynamics.jl/src/base/caches.jl:25
┌ Debug: 2022-02-02T02:24:21.704 [2755:1]: Evaluating Jacobian Function
└ @ PowerSimulationsDynamics /home/runner/work/PowerSimulationsDynamics.jl/PowerSimulationsDynamics.jl/src/base/jacobian.jl:94
┌ Debug: 2022-02-02T02:24:22.739 [2755:1]: Evaluating Jacobian Function
└ @ PowerSimulationsDynamics /home/runner/work/PowerSimulationsDynamics.jl/PowerSimulationsDynamics.jl/src/base/jacobian.jl:94
┌ Debug: 2022-02-02T02:24:22.740 [2755:1]: Evaluating Jacobian Function
└ @ PowerSimulationsDynamics /home/runner/work/PowerSimulationsDynamics.jl/PowerSimulationsDynamics.jl/src/base/jacobian.jl:94
┌ Debug: 2022-02-02T02:24:23.133 [2755:1]: Evaluating Jacobian Function
└ @ PowerSimulationsDynamics /home/runner/work/PowerSimulationsDynamics.jl/PowerSimulationsDynamics.jl/src/base/jacobian.jl:94
┌ Debug: 2022-02-02T02:24:23.259 [2755:1]: injection ode size = 2 branches ode size = 0
└ @ PowerSimulationsDynamics /home/runner/work/PowerSimulationsDynamics.jl/PowerSimulationsDynamics.jl/src/base/caches.jl:83
┌ Debug: 2022-02-02T02:24:24.949 [2755:1]: Start NLSolve System Run
└ @ PowerSimulationsDynamics /home/runner/work/PowerSimulationsDynamics.jl/PowerSimulationsDynamics.jl/src/base/nlsolve_wrapper.jl:85
┌ Debug: 2022-02-02T02:24:25.061 [2755:1]: NLsolve initial guess [1.05, 1.039727418725999, 0.0, 0.023809551641536846, 0.539920981973487, 1.0]
└ @ PowerSimulationsDynamics /home/runner/work/PowerSimulationsDynamics.jl/PowerSimulationsDynamics.jl/src/base/nlsolve_wrapper.jl:91
┌ Debug: 2022-02-02T02:24:25.267 [2755:1]: NLsolve initial residual [5.566417952129754e-7, -5.619941829682062e-7, 6.432003374357009e-9, -6.373557681627062e-9, 0.0, 3.795671951247855e-14]
└ @ PowerSimulationsDynamics /home/runner/work/PowerSimulationsDynamics.jl/PowerSimulationsDynamics.jl/src/base/nlsolve_wrapper.jl:95
┌ Debug: 2022-02-02T02:24:25.296 [2755:1]: Evaluating Jacobian Function
└ @ PowerSimulationsDynamics /home/runner/work/PowerSimulationsDynamics.jl/PowerSimulationsDynamics.jl/src/base/jacobian.jl:94
┌ Debug: 2022-02-02T02:24:25.300 [2755:1]: Evaluating Jacobian Function
└ @ PowerSimulationsDynamics /home/runner/work/PowerSimulationsDynamics.jl/PowerSimulationsDynamics.jl/src/base/jacobian.jl:94
┌ Info: 2022-02-02T02:24:25.300 [2755:1]: Initialization succeeded with a tolerance of 1.0e-7 using solver trust_region. Saving solution.
└ @ PowerSimulationsDynamics /home/runner/work/PowerSimulationsDynamics.jl/PowerSimulationsDynamics.jl/src/base/nlsolve_wrapper.jl:62
┌ Debug: 2022-02-02T02:24:25.300 [2755:1]: Write initial guess vector using trust_region with tol = 1.0e-7 convergence = true
└ @ PowerSimulationsDynamics /home/runner/work/PowerSimulationsDynamics.jl/PowerSimulationsDynamics.jl/src/base/nlsolve_wrapper.jl:109
┌ Info: 2022-02-02T02:24:25.300 [2755:1]: Attaching Perturbations
└ @ PowerSimulationsDynamics /home/runner/work/PowerSimulationsDynamics.jl/PowerSimulationsDynamics.jl/src/base/simulation.jl:286
┌ Debug: 2022-02-02T02:24:25.458 [2755:1]: BranchTrip(1.0, Line, "BUS 1-BUS 2-i_1")
└ @ PowerSimulationsDynamics /home/runner/work/PowerSimulationsDynamics.jl/PowerSimulationsDynamics.jl/src/base/simulation.jl:297
┌ Info: 2022-02-02T02:24:25.897 [2755:1]: Simulations status = BUILT
└ @ PowerSimulationsDynamics /home/runner/work/PowerSimulationsDynamics.jl/PowerSimulationsDynamics.jl/src/base/simulation.jl:406
┌ Debug: 2022-02-02T02:24:36.422 [2755:1]: status before execute
│   sim.status = BUILT
└ @ PowerSimulationsDynamics /home/runner/work/PowerSimulationsDynamics.jl/PowerSimulationsDynamics.jl/src/base/simulation.jl:464
┌ Debug: 2022-02-02T02:24:40.893 [2755:1]: Tripping line BUS 1-BUS 2-i_1
└ @ PowerSimulationsDynamics /home/runner/work/PowerSimulationsDynamics.jl/PowerSimulationsDynamics.jl/src/base/perturbations.jl:97
