┌ Info: 2022-05-23T05:58:11.336 [2884:1]: Validating connectivity with Goderya algorithm
└ @ PowerSystems /home/runner/.julia/packages/PowerSystems/sxHdO/src/utils/network_calculations/ybus_calculations.jl:308
┌ Info: 2022-05-23T05:58:11.634 [2884:1]: The System has no islands
└ @ PowerSystems /home/runner/.julia/packages/PowerSystems/sxHdO/src/utils/network_calculations/ybus_calculations.jl:254
┌ Info: 2022-05-23T05:58:14.104 [2884:1]: The reference Bus has a Source connected to it. The frequency reference model will change to ConstantFrequency
└ @ PowerSimulationsDynamics /home/runner/work/PowerSimulationsDynamics.jl/PowerSimulationsDynamics.jl/src/base/frequency_reference.jl:70
┌ Info: 2022-05-23T05:58:14.119 [2884:1]: Pre-Initializing Simulation States
└ @ PowerSimulationsDynamics /home/runner/work/PowerSimulationsDynamics.jl/PowerSimulationsDynamics.jl/src/base/simulation.jl:263
┌ Info: 2022-05-23T05:58:14.119 [2884:1]: Unit System changed to UnitSystem.SYSTEM_BASE = 0
└ @ PowerSystems /home/runner/.julia/packages/PowerSystems/sxHdO/src/base.jl:346
┌ Info: 2022-05-23T05:58:14.119 [2884:1]: Validating connectivity with Goderya algorithm
└ @ PowerSystems /home/runner/.julia/packages/PowerSystems/sxHdO/src/utils/network_calculations/ybus_calculations.jl:308
┌ Info: 2022-05-23T05:58:14.119 [2884:1]: The System has no islands
└ @ PowerSystems /home/runner/.julia/packages/PowerSystems/sxHdO/src/utils/network_calculations/ybus_calculations.jl:254
┌ Info: 2022-05-23T05:58:15.955 [2884:1]: PowerFlow solve converged, the results have been stored in the system
└ @ PowerFlows /home/runner/.julia/packages/PowerFlows/SXykU/src/nlsolve_powerflow.jl:45
┌ Info: 2022-05-23T05:58:15.955 [2884:1]: Unit System changed to UnitSystem.DEVICE_BASE = 1
└ @ PowerSystems /home/runner/.julia/packages/PowerSystems/sxHdO/src/base.jl:346
┌ Info: 2022-05-23T05:58:35.948 [2884:1]: Residual from initial guess: max = 4.2092551666428335e-11 at 4, total = 9.411131735555515e-11
└ @ PowerSimulationsDynamics /home/runner/work/PowerSimulationsDynamics.jl/PowerSimulationsDynamics.jl/src/base/nlsolve_wrapper.jl:97
┌ Info: 2022-05-23T05:58:36.019 [2884:1]: Initialization non-linear solve succeeded with a tolerance of 1.0e-9 using solver trust_region. Saving solution.
└ @ PowerSimulationsDynamics /home/runner/work/PowerSimulationsDynamics.jl/PowerSimulationsDynamics.jl/src/base/nlsolve_wrapper.jl:65
┌ Info: 2022-05-23T05:58:36.019 [2884:1]: Attaching Perturbations
└ @ PowerSimulationsDynamics /home/runner/work/PowerSimulationsDynamics.jl/PowerSimulationsDynamics.jl/src/base/simulation.jl:296
┌ Info: 2022-05-23T05:58:36.798 [2884:1]: Simulations status = BUILT
└ @ PowerSimulationsDynamics /home/runner/work/PowerSimulationsDynamics.jl/PowerSimulationsDynamics.jl/src/base/simulation.jl:416
┌ Info: 2022-05-23T05:58:36.876 [2884:1]: 
│  ───────────────────────────────────────────────────────────────────────────────
│                                                      Time          Allocations  
│                                                ───────────────   ───────────────
│                 Total measured:                     28.6s            2.00GiB    
│ 
│  Section                               ncalls     time    %tot     alloc    %tot
│  ───────────────────────────────────────────────────────────────────────────────
│  Build Simulation                           1    28.3s  100.0%   1.98GiB  100.0%
│    Build Simulation Inputs                  1    5.66s   20.0%    223MiB   11.0%
│      Wrap Branches                          1   8.90μs    0.0%      176B    0.0%
│      Wrap Dynamic Injectors                 1    1.90s    6.7%    113MiB    5.6%
│      Calculate MM, DAE_vector, Tota...      1    232ms    0.8%   23.4MiB    1.2%
│      Wrap Static Injectors                  1    334ms    1.2%   5.65MiB    0.3%
│    Pre-initialization                       1    11.7s   41.3%    927MiB   45.8%
│      Power Flow solution                    1    1.84s    6.5%   67.7MiB    3.3%
│      Initialize Static Injectors            1    3.53s   12.5%   75.3MiB    3.7%
│      Initialize Dynamic Injectors           1    6.33s   22.3%    784MiB   38.7%
│    Calculate Jacobian                       1    7.44s   26.3%    714MiB   35.3%
│    Make Model Function                      1    124ms    0.4%   10.5MiB    0.5%
│    Initial Condition NLsolve refine...      1    2.64s    9.3%   45.5MiB    2.2%
│    Build Perturbations                      1    492ms    1.7%   89.4MiB    4.4%
│    Make DiffEq Problem                      1    277ms    1.0%   13.3MiB    0.7%
│  ───────────────────────────────────────────────────────────────────────────────
│ 
└ @ PowerSimulationsDynamics /home/runner/work/PowerSimulationsDynamics.jl/PowerSimulationsDynamics.jl/src/base/simulation.jl:441
┌ Warning: 2022-05-23T05:58:54.016 [2884:1]: Unrecognized keyword arguments found. Future versions will error.
│ The only allowed keyword arguments to `solve` are: 
│ (:dense, :saveat, :save_idxs, :tstops, :d_discontinuities, :save_everystep, :save_on, :save_start, :save_end, :initialize_save, :adaptive, :abstol, :reltol, :dt, :dtmax, :dtmin, :force_dtmin, :internalnorm, :controller, :gamma, :beta1, :beta2, :qmax, :qmin, :qsteady_min, :qsteady_max, :qoldinit, :failfactor, :calck, :alias_u0, :maxiters, :callback, :isoutofdomain, :unstable_check, :verbose, :merge_callbacks, :progress, :progress_steps, :progress_name, :progress_message, :timeseries_errors, :dense_errors, :calculate_errors, :initializealg, :alg, :save_noise, :delta, :seed, :alg_hints, :kwargshandle, :trajectories, :batch_size, :sensealg, :advance_to_tstop, :stop_at_next_tstop, :default_set, :second_time)
│ See https://diffeq.sciml.ai/stable/basics/common_solver_opts/ for more details.
│ 
│ Set kwargshandle=KeywordArgError for an error message and more details.
│ Set kwargshandle=KeywordArgSilent to ignore this message.
└ @ DiffEqBase /home/runner/.julia/packages/DiffEqBase/nxrbH/src/solve.jl:346
