┌ Info: 2022-04-29T00:53:40.755 [2888:1]: Validating connectivity with Goderya algorithm
└ @ PowerSystems /home/runner/.julia/packages/PowerSystems/ldgak/src/utils/network_calculations/ybus_calculations.jl:308
┌ Info: 2022-04-29T00:53:41.037 [2888:1]: The System has no islands
└ @ PowerSystems /home/runner/.julia/packages/PowerSystems/ldgak/src/utils/network_calculations/ybus_calculations.jl:254
┌ Info: 2022-04-29T00:53:43.164 [2888:1]: The reference Bus has a Source connected to it. The frequency reference model will change to ConstantFrequency
└ @ PowerSimulationsDynamics /home/runner/work/PowerSimulationsDynamics.jl/PowerSimulationsDynamics.jl/src/base/frequency_reference.jl:70
┌ Info: 2022-04-29T00:53:43.178 [2888:1]: Pre-Initializing Simulation States
└ @ PowerSimulationsDynamics /home/runner/work/PowerSimulationsDynamics.jl/PowerSimulationsDynamics.jl/src/base/simulation.jl:263
┌ Info: 2022-04-29T00:53:43.179 [2888:1]: Unit System changed to UnitSystem.SYSTEM_BASE = 0
└ @ PowerSystems /home/runner/.julia/packages/PowerSystems/ldgak/src/base.jl:346
┌ Info: 2022-04-29T00:53:43.179 [2888:1]: Validating connectivity with Goderya algorithm
└ @ PowerSystems /home/runner/.julia/packages/PowerSystems/ldgak/src/utils/network_calculations/ybus_calculations.jl:308
┌ Info: 2022-04-29T00:53:43.179 [2888:1]: The System has no islands
└ @ PowerSystems /home/runner/.julia/packages/PowerSystems/ldgak/src/utils/network_calculations/ybus_calculations.jl:254
┌ Info: 2022-04-29T00:53:44.919 [2888:1]: PowerFlow solve converged, the results have been stored in the system
└ @ PowerFlows /home/runner/.julia/packages/PowerFlows/SXykU/src/nlsolve_powerflow.jl:45
┌ Info: 2022-04-29T00:53:44.919 [2888:1]: Unit System changed to UnitSystem.DEVICE_BASE = 1
└ @ PowerSystems /home/runner/.julia/packages/PowerSystems/ldgak/src/base.jl:346
┌ Info: 2022-04-29T00:53:59.247 [2888:1]: Residual from initial guess: max = 4.2092551666428335e-11 at 4, total = 9.411131735555515e-11
└ @ PowerSimulationsDynamics /home/runner/work/PowerSimulationsDynamics.jl/PowerSimulationsDynamics.jl/src/base/nlsolve_wrapper.jl:97
┌ Info: 2022-04-29T00:53:59.305 [2888:1]: Initialization non-linear solve succeeded with a tolerance of 1.0e-9 using solver trust_region. Saving solution.
└ @ PowerSimulationsDynamics /home/runner/work/PowerSimulationsDynamics.jl/PowerSimulationsDynamics.jl/src/base/nlsolve_wrapper.jl:65
┌ Info: 2022-04-29T00:53:59.305 [2888:1]: Attaching Perturbations
└ @ PowerSimulationsDynamics /home/runner/work/PowerSimulationsDynamics.jl/PowerSimulationsDynamics.jl/src/base/simulation.jl:296
┌ Info: 2022-04-29T00:53:59.910 [2888:1]: Simulations status = BUILT
└ @ PowerSimulationsDynamics /home/runner/work/PowerSimulationsDynamics.jl/PowerSimulationsDynamics.jl/src/base/simulation.jl:415
┌ Info: 2022-04-29T00:53:59.973 [2888:1]: 
│  ───────────────────────────────────────────────────────────────────────────────
│                                                      Time          Allocations  
│                                                ───────────────   ───────────────
│                 Total measured:                     22.0s            1.58GiB    
│ 
│  Section                               ncalls     time    %tot     alloc    %tot
│  ───────────────────────────────────────────────────────────────────────────────
│  Build Simulation                           1    21.8s  100.0%   1.56GiB  100.0%
│    Build Simulation Inputs                  1    5.10s   23.4%    223MiB   14.0%
│      Wrap Branches                          1   27.1μs    0.0%      176B    0.0%
│      Wrap Dynamic Injectors                 1    1.69s    7.7%    113MiB    7.1%
│      Calculate MM, DAE_vector, Tota...      1    141ms    0.6%   23.4MiB    1.5%
│      Wrap Static Injectors                  1    299ms    1.4%   5.65MiB    0.4%
│    Pre-initialization                       1    5.46s   25.0%    207MiB   13.0%
│      Power Flow solution                    1    1.74s    8.0%   67.3MiB    4.2%
│      Initialize Static Injectors            1    3.09s   14.2%   74.1MiB    4.6%
│      Initialize Dynamic Injectors           1    621ms    2.8%   65.4MiB    4.1%
│    Calculate Jacobian                       1    8.32s   38.1%   0.99GiB   63.3%
│    Make Model Function                      1    107ms    0.5%   10.7MiB    0.7%
│    Initial Condition NLsolve refine...      1    2.24s   10.3%   42.0MiB    2.6%
│    Build Perturbations                      1    419ms    1.9%   89.7MiB    5.6%
│    Make DiffEq Problem                      1    178ms    0.8%   13.4MiB    0.8%
│  ───────────────────────────────────────────────────────────────────────────────
│ 
└ @ PowerSimulationsDynamics /home/runner/work/PowerSimulationsDynamics.jl/PowerSimulationsDynamics.jl/src/base/simulation.jl:444
┌ Warning: 2022-04-29T00:54:14.838 [2888:1]: Warning: Unrecognized keyword arguments found. Future versions will error.
│ The only allowed keyword arguments to `solve` are: 
│ (:dense, :saveat, :save_idxs, :tstops, :d_discontinuities, :save_everystep, :save_on, :save_start, :save_end, :initialize_save, :adaptive, :abstol, :reltol, :dt, :dtmax, :dtmin, :force_dtmin, :internalnorm, :controller, :gamma, :beta1, :beta2, :qmax, :qmin, :qsteady_min, :qsteady_max, :qoldinit, :failfactor, :calck, :alias_u0, :maxiters, :callback, :isoutofdomain, :unstable_check, :verbose, :merge_callbacks, :progress, :progress_steps, :progress_name, :progress_message, :timeseries_errors, :dense_errors, :calculate_errors, :initializealg, :alg, :save_noise, :delta, :seed, :alg_hints, :kwargshandle, :trajectories, :batch_size, :sensealg, :advance_to_tstop, :stop_at_next_tstop, :default_set, :second_time)
│ See https://diffeq.sciml.ai/stable/basics/common_solver_opts/ for more details.
│ 
│ Set kwargshandle=KeywordArgError for an error message and more details.
│ Set kwargshandle=KeywordArgSilent to ignore this message.
└ @ DiffEqBase /home/runner/.julia/packages/DiffEqBase/U3LtB/src/solve.jl:213
