┌ Info: 2022-05-25T01:50:20.052 [2916:1]: Validating connectivity with Goderya algorithm
└ @ PowerSystems /home/runner/.julia/packages/PowerSystems/sxHdO/src/utils/network_calculations/ybus_calculations.jl:308
┌ Info: 2022-05-25T01:50:20.310 [2916:1]: The System has no islands
└ @ PowerSystems /home/runner/.julia/packages/PowerSystems/sxHdO/src/utils/network_calculations/ybus_calculations.jl:254
┌ Info: 2022-05-25T01:50:22.398 [2916:1]: The reference Bus has a Source connected to it. The frequency reference model will change to ConstantFrequency
└ @ PowerSimulationsDynamics /home/runner/work/PowerSimulationsDynamics.jl/PowerSimulationsDynamics.jl/src/base/frequency_reference.jl:70
┌ Info: 2022-05-25T01:50:22.413 [2916:1]: Pre-Initializing Simulation States
└ @ PowerSimulationsDynamics /home/runner/work/PowerSimulationsDynamics.jl/PowerSimulationsDynamics.jl/src/base/simulation.jl:263
┌ Info: 2022-05-25T01:50:22.413 [2916:1]: Unit System changed to UnitSystem.SYSTEM_BASE = 0
└ @ PowerSystems /home/runner/.julia/packages/PowerSystems/sxHdO/src/base.jl:346
┌ Info: 2022-05-25T01:50:22.413 [2916:1]: Validating connectivity with Goderya algorithm
└ @ PowerSystems /home/runner/.julia/packages/PowerSystems/sxHdO/src/utils/network_calculations/ybus_calculations.jl:308
┌ Info: 2022-05-25T01:50:22.413 [2916:1]: The System has no islands
└ @ PowerSystems /home/runner/.julia/packages/PowerSystems/sxHdO/src/utils/network_calculations/ybus_calculations.jl:254
┌ Info: 2022-05-25T01:50:24.005 [2916:1]: PowerFlow solve converged, the results have been stored in the system
└ @ PowerFlows /home/runner/.julia/packages/PowerFlows/SXykU/src/nlsolve_powerflow.jl:45
┌ Info: 2022-05-25T01:50:24.005 [2916:1]: Unit System changed to UnitSystem.DEVICE_BASE = 1
└ @ PowerSystems /home/runner/.julia/packages/PowerSystems/sxHdO/src/base.jl:346
┌ Info: 2022-05-25T01:50:40.284 [2916:1]: Residual from initial guess: max = 4.2092551666428335e-11 at 4, total = 9.411131735555515e-11
└ @ PowerSimulationsDynamics /home/runner/work/PowerSimulationsDynamics.jl/PowerSimulationsDynamics.jl/src/base/nlsolve_wrapper.jl:97
┌ Info: 2022-05-25T01:50:40.342 [2916:1]: Initialization non-linear solve succeeded with a tolerance of 1.0e-9 using solver trust_region. Saving solution.
└ @ PowerSimulationsDynamics /home/runner/work/PowerSimulationsDynamics.jl/PowerSimulationsDynamics.jl/src/base/nlsolve_wrapper.jl:65
┌ Info: 2022-05-25T01:50:40.342 [2916:1]: Attaching Perturbations
└ @ PowerSimulationsDynamics /home/runner/work/PowerSimulationsDynamics.jl/PowerSimulationsDynamics.jl/src/base/simulation.jl:296
┌ Info: 2022-05-25T01:50:40.972 [2916:1]: Simulations status = BUILT
└ @ PowerSimulationsDynamics /home/runner/work/PowerSimulationsDynamics.jl/PowerSimulationsDynamics.jl/src/base/simulation.jl:416
┌ Info: 2022-05-25T01:50:41.031 [2916:1]: 
│  ───────────────────────────────────────────────────────────────────────────────
│                                                      Time          Allocations  
│                                                ───────────────   ───────────────
│                 Total measured:                     23.9s            2.01GiB    
│ 
│  Section                               ncalls     time    %tot     alloc    %tot
│  ───────────────────────────────────────────────────────────────────────────────
│  Build Simulation                           1    23.7s  100.0%   1.99GiB  100.0%
│    Build Simulation Inputs                  1    5.13s   21.7%    221MiB   10.8%
│      Wrap Branches                          1   8.30μs    0.0%      176B    0.0%
│      Wrap Dynamic Injectors                 1    1.69s    7.1%    112MiB    5.5%
│      Calculate MM, DAE_vector, Tota...      1    136ms    0.6%   23.4MiB    1.1%
│      Wrap Static Injectors                  1    265ms    1.1%   4.98MiB    0.2%
│    Pre-initialization                       1    9.75s   41.2%    938MiB   46.0%
│      Power Flow solution                    1    1.59s    6.7%   67.7MiB    3.3%
│      Initialize Static Injectors            1    2.82s   11.9%   74.4MiB    3.6%
│      Initialize Dynamic Injectors           1    5.34s   22.5%    796MiB   39.0%
│    Calculate Jacobian                       1    5.98s   25.2%    720MiB   35.3%
│    Make Model Function                      1   96.1ms    0.4%   10.6MiB    0.5%
│    Initial Condition NLsolve refine...      1    2.10s    8.9%   45.5MiB    2.2%
│    Build Perturbations                      1    388ms    1.6%   90.3MiB    4.4%
│    Make DiffEq Problem                      1    234ms    1.0%   13.5MiB    0.7%
│  ───────────────────────────────────────────────────────────────────────────────
│ 
└ @ PowerSimulationsDynamics /home/runner/work/PowerSimulationsDynamics.jl/PowerSimulationsDynamics.jl/src/base/simulation.jl:441
┌ Warning: 2022-05-25T01:50:54.561 [2916:1]: Unrecognized keyword arguments found. Future versions will error.
│ The only allowed keyword arguments to `solve` are: 
│ (:dense, :saveat, :save_idxs, :tstops, :d_discontinuities, :save_everystep, :save_on, :save_start, :save_end, :initialize_save, :adaptive, :abstol, :reltol, :dt, :dtmax, :dtmin, :force_dtmin, :internalnorm, :controller, :gamma, :beta1, :beta2, :qmax, :qmin, :qsteady_min, :qsteady_max, :qoldinit, :failfactor, :calck, :alias_u0, :maxiters, :callback, :isoutofdomain, :unstable_check, :verbose, :merge_callbacks, :progress, :progress_steps, :progress_name, :progress_message, :timeseries_errors, :dense_errors, :calculate_errors, :initializealg, :alg, :save_noise, :delta, :seed, :alg_hints, :kwargshandle, :trajectories, :batch_size, :sensealg, :advance_to_tstop, :stop_at_next_tstop, :default_set, :second_time)
│ See https://diffeq.sciml.ai/stable/basics/common_solver_opts/ for more details.
│ 
│ Set kwargshandle=KeywordArgError for an error message and more details.
│ Set kwargshandle=KeywordArgSilent to ignore this message.
└ @ DiffEqBase /home/runner/.julia/packages/DiffEqBase/nxrbH/src/solve.jl:346
